This is pdfTeX, Version 3.141592653-2.6-1.40.25 (MiKTeX 24.1) (preloaded format=pdflatex 2024.3.6)  18 APR 2024 18:36
entering extended mode
 restricted \write18 enabled.
 %&-line parsing enabled.
**./final.tex
(final.tex
LaTeX2e <2023-11-01> patch level 1
L3 programming layer <2024-01-04>
(C:\Users\Baranalp\AppData\Local\Programs\MiKTeX\tex/latex/base\article.cls
Document Class: article 2023/05/17 v1.4n Standard LaTeX document class
(C:\Users\Baranalp\AppData\Local\Programs\MiKTeX\tex/latex/base\size12.clo
File: size12.clo 2023/05/17 v1.4n Standard LaTeX file (size option)
)
\c@part=\count187
\c@section=\count188
\c@subsection=\count189
\c@subsubsection=\count190
\c@paragraph=\count191
\c@subparagraph=\count192
\c@figure=\count193
\c@table=\count194
\abovecaptionskip=\skip48
\belowcaptionskip=\skip49
\bibindent=\dimen140
)
(C:\Users\Baranalp\AppData\Local\Programs\MiKTeX\tex/latex/base\fontenc.sty
Package: fontenc 2021/04/29 v2.0v Standard LaTeX package
)
(C:\Users\Baranalp\AppData\Local\Programs\MiKTeX\tex/latex/natbib\natbib.sty
Package: natbib 2010/09/13 8.31b (PWD, AO)
\bibhang=\skip50
\bibsep=\skip51
LaTeX Info: Redefining \cite on input line 694.
\c@NAT@ctr=\count195
)
(C:\Users\Baranalp\AppData\Local\Programs\MiKTeX\tex/latex/graphics\graphicx.st
y
Package: graphicx 2021/09/16 v1.2d Enhanced LaTeX Graphics (DPC,SPQR)

(C:\Users\Baranalp\AppData\Local\Programs\MiKTeX\tex/latex/graphics\keyval.sty
Package: keyval 2022/05/29 v1.15 key=value parser (DPC)
\KV@toks@=\toks17
)
(C:\Users\Baranalp\AppData\Local\Programs\MiKTeX\tex/latex/graphics\graphics.st
y
Package: graphics 2022/03/10 v1.4e Standard LaTeX Graphics (DPC,SPQR)
 (C:\Users\Baranalp\AppData\Local\Programs\MiKTeX\tex/latex/graphics\trig.sty
Package: trig 2021/08/11 v1.11 sin cos tan (DPC)
)
(C:\Users\Baranalp\AppData\Local\Programs\MiKTeX\tex/latex/graphics-cfg\graphic
s.cfg
File: graphics.cfg 2016/06/04 v1.11 sample graphics configuration
)
Package graphics Info: Driver file: pdftex.def on input line 107.

(C:\Users\Baranalp\AppData\Local\Programs\MiKTeX\tex/latex/graphics-def\pdftex.
def
File: pdftex.def 2022/09/22 v1.2b Graphics/color driver for pdftex
))
\Gin@req@height=\dimen141
\Gin@req@width=\dimen142
)
(C:\Users\Baranalp\AppData\Local\Programs\MiKTeX\tex/latex/pdflscape\pdflscape.
sty
Package: pdflscape 2022-10-27 v0.13 Display of landscape pages in PDF

(C:\Users\Baranalp\AppData\Local\Programs\MiKTeX\tex/latex/pdflscape\pdflscape-
nometadata.sty
Package: pdflscape-nometadata 2022-10-28 v0.13 Display of landscape pages in PD
F (HO)

(C:\Users\Baranalp\AppData\Local\Programs\MiKTeX\tex/generic/iftex\iftex.sty
Package: iftex 2022/02/03 v1.0f TeX engine tests
)
(C:\Users\Baranalp\AppData\Local\Programs\MiKTeX\tex/latex/graphics\lscape.sty
Package: lscape 2020/05/28 v3.02 Landscape Pages (DPC)
)
Package pdflscape Info: Auto-detected driver: pdftex on input line 81.
))
(C:\Users\Baranalp\AppData\Local\Programs\MiKTeX\tex/latex/amsmath\amsmath.sty
Package: amsmath 2023/05/13 v2.17o AMS math features
\@mathmargin=\skip52

For additional information on amsmath, use the `?' option.
(C:\Users\Baranalp\AppData\Local\Programs\MiKTeX\tex/latex/amsmath\amstext.sty
Package: amstext 2021/08/26 v2.01 AMS text

(C:\Users\Baranalp\AppData\Local\Programs\MiKTeX\tex/latex/amsmath\amsgen.sty
File: amsgen.sty 1999/11/30 v2.0 generic functions
\@emptytoks=\toks18
\ex@=\dimen143
)) (C:\Users\Baranalp\AppData\Local\Programs\MiKTeX\tex/latex/amsmath\amsbsy.st
y
Package: amsbsy 1999/11/29 v1.2d Bold Symbols
\pmbraise@=\dimen144
) (C:\Users\Baranalp\AppData\Local\Programs\MiKTeX\tex/latex/amsmath\amsopn.sty
Package: amsopn 2022/04/08 v2.04 operator names
)
\inf@bad=\count196
LaTeX Info: Redefining \frac on input line 234.
\uproot@=\count197
\leftroot@=\count198
LaTeX Info: Redefining \overline on input line 399.
LaTeX Info: Redefining \colon on input line 410.
\classnum@=\count199
\DOTSCASE@=\count266
LaTeX Info: Redefining \ldots on input line 496.
LaTeX Info: Redefining \dots on input line 499.
LaTeX Info: Redefining \cdots on input line 620.
\Mathstrutbox@=\box51
\strutbox@=\box52
LaTeX Info: Redefining \big on input line 722.
LaTeX Info: Redefining \Big on input line 723.
LaTeX Info: Redefining \bigg on input line 724.
LaTeX Info: Redefining \Bigg on input line 725.
\big@size=\dimen145
LaTeX Font Info:    Redeclaring font encoding OML on input line 743.
LaTeX Font Info:    Redeclaring font encoding OMS on input line 744.
\macc@depth=\count267
LaTeX Info: Redefining \bmod on input line 905.
LaTeX Info: Redefining \pmod on input line 910.
LaTeX Info: Redefining \smash on input line 940.
LaTeX Info: Redefining \relbar on input line 970.
LaTeX Info: Redefining \Relbar on input line 971.
\c@MaxMatrixCols=\count268
\dotsspace@=\muskip16
\c@parentequation=\count269
\dspbrk@lvl=\count270
\tag@help=\toks19
\row@=\count271
\column@=\count272
\maxfields@=\count273
\andhelp@=\toks20
\eqnshift@=\dimen146
\alignsep@=\dimen147
\tagshift@=\dimen148
\tagwidth@=\dimen149
\totwidth@=\dimen150
\lineht@=\dimen151
\@envbody=\toks21
\multlinegap=\skip53
\multlinetaggap=\skip54
\mathdisplay@stack=\toks22
LaTeX Info: Redefining \[ on input line 2953.
LaTeX Info: Redefining \] on input line 2954.
)
(C:\Users\Baranalp\AppData\Local\Programs\MiKTeX\tex/latex/caption\caption.sty
Package: caption 2023/08/05 v3.6o Customizing captions (AR)

(C:\Users\Baranalp\AppData\Local\Programs\MiKTeX\tex/latex/caption\caption3.sty
Package: caption3 2023/07/31 v2.4d caption3 kernel (AR)
\caption@tempdima=\dimen152
\captionmargin=\dimen153
\caption@leftmargin=\dimen154
\caption@rightmargin=\dimen155
\caption@width=\dimen156
\caption@indent=\dimen157
\caption@parindent=\dimen158
\caption@hangindent=\dimen159
Package caption Info: Standard document class detected.
)
\c@caption@flags=\count274
\c@continuedfloat=\count275
)
(C:\Users\Baranalp\AppData\Local\Programs\MiKTeX\tex/latex/listings\listings.st
y
\lst@mode=\count276
\lst@gtempboxa=\box53
\lst@token=\toks23
\lst@length=\count277
\lst@currlwidth=\dimen160
\lst@column=\count278
\lst@pos=\count279
\lst@lostspace=\dimen161
\lst@width=\dimen162
\lst@newlines=\count280
\lst@lineno=\count281
\lst@maxwidth=\dimen163

(C:\Users\Baranalp\AppData\Local\Programs\MiKTeX\tex/latex/listings\lstmisc.sty
File: lstmisc.sty 2023/02/27 1.9 (Carsten Heinz)
\c@lstnumber=\count282
\lst@skipnumbers=\count283
\lst@framebox=\box54
)
(C:\Users\Baranalp\AppData\Local\Programs\MiKTeX\tex/latex/listings\listings.cf
g
File: listings.cfg 2023/02/27 1.9 listings configuration
))
Package: listings 2023/02/27 1.9 (Carsten Heinz)

(C:\Users\Baranalp\AppData\Local\Programs\MiKTeX\tex/latex/xcolor\xcolor.sty
Package: xcolor 2023/11/15 v3.01 LaTeX color extensions (UK)

(C:\Users\Baranalp\AppData\Local\Programs\MiKTeX\tex/latex/graphics-cfg\color.c
fg
File: color.cfg 2016/01/02 v1.6 sample color configuration
)
Package xcolor Info: Driver file: pdftex.def on input line 274.

(C:\Users\Baranalp\AppData\Local\Programs\MiKTeX\tex/latex/graphics\mathcolor.l
tx)
Package xcolor Info: Model `cmy' substituted by `cmy0' on input line 1350.
Package xcolor Info: Model `hsb' substituted by `rgb' on input line 1354.
Package xcolor Info: Model `RGB' extended on input line 1366.
Package xcolor Info: Model `HTML' substituted by `rgb' on input line 1368.
Package xcolor Info: Model `Hsb' substituted by `hsb' on input line 1369.
Package xcolor Info: Model `tHsb' substituted by `hsb' on input line 1370.
Package xcolor Info: Model `HSB' substituted by `hsb' on input line 1371.
Package xcolor Info: Model `Gray' substituted by `gray' on input line 1372.
Package xcolor Info: Model `wave' substituted by `hsb' on input line 1373.
)
(C:\Users\Baranalp\AppData\Local\Programs\MiKTeX\tex/latex/hyperref\hyperref.st
y
Package: hyperref 2023-11-26 v7.01g Hypertext links for LaTeX

(C:\Users\Baranalp\AppData\Local\Programs\MiKTeX\tex/generic/infwarerr\infwarer
r.sty
Package: infwarerr 2019/12/03 v1.5 Providing info/warning/error messages (HO)
)
(C:\Users\Baranalp\AppData\Local\Programs\MiKTeX\tex/latex/kvsetkeys\kvsetkeys.
sty
Package: kvsetkeys 2022-10-05 v1.19 Key value parser (HO)
)
(C:\Users\Baranalp\AppData\Local\Programs\MiKTeX\tex/generic/kvdefinekeys\kvdef
inekeys.sty
Package: kvdefinekeys 2019-12-19 v1.6 Define keys (HO)
)
(C:\Users\Baranalp\AppData\Local\Programs\MiKTeX\tex/generic/pdfescape\pdfescap
e.sty
Package: pdfescape 2019/12/09 v1.15 Implements pdfTeX's escape features (HO)

(C:\Users\Baranalp\AppData\Local\Programs\MiKTeX\tex/generic/ltxcmds\ltxcmds.st
y
Package: ltxcmds 2023-12-04 v1.26 LaTeX kernel commands for general use (HO)
)
(C:\Users\Baranalp\AppData\Local\Programs\MiKTeX\tex/generic/pdftexcmds\pdftexc
mds.sty
Package: pdftexcmds 2020-06-27 v0.33 Utility functions of pdfTeX for LuaTeX (HO
)
Package pdftexcmds Info: \pdf@primitive is available.
Package pdftexcmds Info: \pdf@ifprimitive is available.
Package pdftexcmds Info: \pdfdraftmode found.
))
(C:\Users\Baranalp\AppData\Local\Programs\MiKTeX\tex/latex/hycolor\hycolor.sty
Package: hycolor 2020-01-27 v1.10 Color options for hyperref/bookmark (HO)
)
(C:\Users\Baranalp\AppData\Local\Programs\MiKTeX\tex/latex/letltxmacro\letltxma
cro.sty
Package: letltxmacro 2019/12/03 v1.6 Let assignment for LaTeX macros (HO)
)
(C:\Users\Baranalp\AppData\Local\Programs\MiKTeX\tex/latex/auxhook\auxhook.sty
Package: auxhook 2019-12-17 v1.6 Hooks for auxiliary files (HO)
)
(C:\Users\Baranalp\AppData\Local\Programs\MiKTeX\tex/latex/hyperref\nameref.sty
Package: nameref 2023-11-26 v2.56 Cross-referencing by name of section

(C:\Users\Baranalp\AppData\Local\Programs\MiKTeX\tex/latex/refcount\refcount.st
y
Package: refcount 2019/12/15 v3.6 Data extraction from label references (HO)
)
(C:\Users\Baranalp\AppData\Local\Programs\MiKTeX\tex/generic/gettitlestring\get
titlestring.sty
Package: gettitlestring 2019/12/15 v1.6 Cleanup title references (HO)

(C:\Users\Baranalp\AppData\Local\Programs\MiKTeX\tex/latex/kvoptions\kvoptions.
sty
Package: kvoptions 2022-06-15 v3.15 Key value format for package options (HO)
))
\c@section@level=\count284
)
(C:\Users\Baranalp\AppData\Local\Programs\MiKTeX\tex/latex/etoolbox\etoolbox.st
y
Package: etoolbox 2020/10/05 v2.5k e-TeX tools for LaTeX (JAW)
\etb@tempcnta=\count285
)
\@linkdim=\dimen164
\Hy@linkcounter=\count286
\Hy@pagecounter=\count287

(C:\Users\Baranalp\AppData\Local\Programs\MiKTeX\tex/latex/hyperref\pd1enc.def
File: pd1enc.def 2023-11-26 v7.01g Hyperref: PDFDocEncoding definition (HO)
Now handling font encoding PD1 ...
... no UTF-8 mapping file for font encoding PD1
)
(C:\Users\Baranalp\AppData\Local\Programs\MiKTeX\tex/generic/intcalc\intcalc.st
y
Package: intcalc 2019/12/15 v1.3 Expandable calculations with integers (HO)
)
\Hy@SavedSpaceFactor=\count288

(C:\Users\Baranalp\AppData\Local\Programs\MiKTeX\tex/latex/hyperref\puenc.def
File: puenc.def 2023-11-26 v7.01g Hyperref: PDF Unicode definition (HO)
Now handling font encoding PU ...
... no UTF-8 mapping file for font encoding PU
)
Package hyperref Info: Hyper figures OFF on input line 4181.
Package hyperref Info: Link nesting OFF on input line 4186.
Package hyperref Info: Hyper index ON on input line 4189.
Package hyperref Info: Plain pages OFF on input line 4196.
Package hyperref Info: Backreferencing OFF on input line 4201.
Package hyperref Info: Implicit mode ON; LaTeX internals redefined.
Package hyperref Info: Bookmarks ON on input line 4448.
\c@Hy@tempcnt=\count289

(C:\Users\Baranalp\AppData\Local\Programs\MiKTeX\tex/latex/url\url.sty
\Urlmuskip=\muskip17
Package: url 2013/09/16  ver 3.4  Verb mode for urls, etc.
)
LaTeX Info: Redefining \url on input line 4786.
\XeTeXLinkMargin=\dimen165

(C:\Users\Baranalp\AppData\Local\Programs\MiKTeX\tex/generic/bitset\bitset.sty
Package: bitset 2019/12/09 v1.3 Handle bit-vector datatype (HO)

(C:\Users\Baranalp\AppData\Local\Programs\MiKTeX\tex/generic/bigintcalc\bigintc
alc.sty
Package: bigintcalc 2019/12/15 v1.5 Expandable calculations on big integers (HO
)
))
\Fld@menulength=\count290
\Field@Width=\dimen166
\Fld@charsize=\dimen167
Package hyperref Info: Hyper figures OFF on input line 6065.
Package hyperref Info: Link nesting OFF on input line 6070.
Package hyperref Info: Hyper index ON on input line 6073.
Package hyperref Info: backreferencing OFF on input line 6080.
Package hyperref Info: Link coloring OFF on input line 6085.
Package hyperref Info: Link coloring with OCG OFF on input line 6090.
Package hyperref Info: PDF/A mode OFF on input line 6095.

(C:\Users\Baranalp\AppData\Local\Programs\MiKTeX\tex/latex/base\atbegshi-ltx.st
y
Package: atbegshi-ltx 2021/01/10 v1.0c Emulation of the original atbegshi
package with kernel methods
)
\Hy@abspage=\count291
\c@Item=\count292
\c@Hfootnote=\count293
)
Package hyperref Info: Driver (autodetected): hpdftex.

(C:\Users\Baranalp\AppData\Local\Programs\MiKTeX\tex/latex/hyperref\hpdftex.def
File: hpdftex.def 2023-11-26 v7.01g Hyperref driver for pdfTeX

(C:\Users\Baranalp\AppData\Local\Programs\MiKTeX\tex/latex/base\atveryend-ltx.s
ty
Package: atveryend-ltx 2020/08/19 v1.0a Emulation of the original atveryend pac
kage
with kernel methods
)
\Fld@listcount=\count294
\c@bookmark@seq@number=\count295

(C:\Users\Baranalp\AppData\Local\Programs\MiKTeX\tex/latex/rerunfilecheck\rerun
filecheck.sty
Package: rerunfilecheck 2022-07-10 v1.10 Rerun checks for auxiliary files (HO)

(C:\Users\Baranalp\AppData\Local\Programs\MiKTeX\tex/generic/uniquecounter\uniq
uecounter.sty
Package: uniquecounter 2019/12/15 v1.4 Provide unlimited unique counter (HO)
)
Package uniquecounter Info: New unique counter `rerunfilecheck' on input line 2
85.
)
\Hy@SectionHShift=\skip55
)
(C:\Users\Baranalp\AppData\Local\Programs\MiKTeX\tex/latex/l3backend\l3backend-
pdftex.def
File: l3backend-pdftex.def 2024-01-04 L3 backend support: PDF output (pdfTeX)
\l__color_backend_stack_int=\count296
\l__pdf_internal_box=\box55
) (final.aux)
\openout1 = `final.aux'.

LaTeX Font Info:    Checking defaults for OML/cmm/m/it on input line 21.
LaTeX Font Info:    ... okay on input line 21.
LaTeX Font Info:    Checking defaults for OMS/cmsy/m/n on input line 21.
LaTeX Font Info:    ... okay on input line 21.
LaTeX Font Info:    Checking defaults for OT1/cmr/m/n on input line 21.
LaTeX Font Info:    ... okay on input line 21.
LaTeX Font Info:    Checking defaults for T1/cmr/m/n on input line 21.
LaTeX Font Info:    ... okay on input line 21.
LaTeX Font Info:    Checking defaults for TS1/cmr/m/n on input line 21.
LaTeX Font Info:    ... okay on input line 21.
LaTeX Font Info:    Checking defaults for OMX/cmex/m/n on input line 21.
LaTeX Font Info:    ... okay on input line 21.
LaTeX Font Info:    Checking defaults for U/cmr/m/n on input line 21.
LaTeX Font Info:    ... okay on input line 21.
LaTeX Font Info:    Checking defaults for PD1/pdf/m/n on input line 21.
LaTeX Font Info:    ... okay on input line 21.
LaTeX Font Info:    Checking defaults for PU/pdf/m/n on input line 21.
LaTeX Font Info:    ... okay on input line 21.

(C:\Users\Baranalp\AppData\Local\Programs\MiKTeX\tex/context/base/mkii\supp-pdf
.mkii
[Loading MPS to PDF converter (version 2006.09.02).]
\scratchcounter=\count297
\scratchdimen=\dimen168
\scratchbox=\box56
\nofMPsegments=\count298
\nofMParguments=\count299
\everyMPshowfont=\toks24
\MPscratchCnt=\count300
\MPscratchDim=\dimen169
\MPnumerator=\count301
\makeMPintoPDFobject=\count302
\everyMPtoPDFconversion=\toks25
)
(C:\Users\Baranalp\AppData\Local\Programs\MiKTeX\tex/latex/epstopdf-pkg\epstopd
f-base.sty
Package: epstopdf-base 2020-01-24 v2.11 Base part for package epstopdf
Package epstopdf-base Info: Redefining graphics rule for `.eps' on input line 4
85.

(C:\Users\Baranalp\AppData\Local\Programs\MiKTeX\tex/latex/00miktex\epstopdf-sy
s.cfg
File: epstopdf-sys.cfg 2021/03/18 v2.0 Configuration of epstopdf for MiKTeX
))
Package caption Info: Begin \AtBeginDocument code.
Package caption Info: hyperref package is loaded.
Package caption Info: listings package is loaded.
Package caption Info: End \AtBeginDocument code.
\c@lstlisting=\count303
Package hyperref Info: Link coloring OFF on input line 21.
 (final.out) (final.out)
\@outlinefile=\write3
\openout3 = `final.out'.

<ksbu.jpg, id=3, 170.6375pt x 171.64125pt>
File: ksbu.jpg Graphic file (type jpg)
<use ksbu.jpg>
Package pdftex.def Info: ksbu.jpg  used on input line 24.
(pdftex.def)             Requested size: 170.63707pt x 171.64081pt.
<cnn1.png, id=4, 1015.3935pt x 321.6015pt>
File: cnn1.png Graphic file (type png)
<use cnn1.png>
Package pdftex.def Info: cnn1.png  used on input line 34.
(pdftex.def)             Requested size: 1015.39102pt x 321.60071pt.


Package caption Warning: The option `hypcap=true' will be ignored for this
(caption)                particular \caption on input line 36.
See the caption package documentation for explanation.


Overfull \hbox (625.39102pt too wide) in paragraph at lines 34--36
 [][] 
 []


Overfull \hbox (17.62482pt too wide) in paragraph at lines 32--39
[]$[]$ 
 []

[1

{C:/Users/Baranalp/AppData/Local/MiKTeX/fonts/map/pdftex/pdftex.map} <./ksbu.jp
g>] [2 <./cnn1.png>]
Overfull \hbox (16.3921pt too wide) in paragraph at lines 49--51
\T1/cmr/m/n/12 fil-treleri resmimize uygu-la-yarak resmin be-lirli böl-gelerind
en özel-lik ç^^Ykar^^Ym^^Y
 []

<conver.png, id=23, 1015.3935pt x 321.6015pt>
File: conver.png Graphic file (type png)
<use conver.png>
Package pdftex.def Info: conver.png  used on input line 54.
(pdftex.def)             Requested size: 1015.39102pt x 321.60071pt.

Overfull \hbox (761.8934pt too wide) in paragraph at lines 54--55
 [][] 
 []

<convex.png, id=24, 1015.3935pt x 375.804pt>
File: convex.png Graphic file (type png)
<use convex.png>
Package pdftex.def Info: convex.png  used on input line 59.
(pdftex.def)             Requested size: 799.81255pt x 296.0pt.

Overfull \hbox (702.31255pt too wide) in paragraph at lines 59--60
 [][] 
 []

<convex2.png, id=25, 1015.3935pt x 321.6015pt>
File: convex2.png Graphic file (type png)
<use convex2.png>
Package pdftex.def Info: convex2.png  used on input line 64.
(pdftex.def)             Requested size: 1015.39102pt x 321.60071pt.

Overfull \hbox (625.39102pt too wide) in paragraph at lines 64--65
 [][] 
 []

[3 <./conver.png> <./convex.png>] [4 <./convex2.png>]
Overfull \hbox (13.89pt too wide) in paragraph at lines 70--71
[]\T1/cmr/m/n/12 Çünkü bu resme ne kadar evri³im i³lemi uygu-laya-bil-i-riz ki?
 Günümüz
 []


Overfull \hbox (22.82448pt too wide) in paragraph at lines 76--77
[]\T1/cmr/m/n/12 En temelde resmimizin özel-lik-lerini kay-betmeden boyu-tunu d
ü³ürmem-
 []

<convex3.png, id=40, 511.9125pt x 343.2825pt>
File: convex3.png Graphic file (type png)
<use convex3.png>
Package pdftex.def Info: convex3.png  used on input line 80.
(pdftex.def)             Requested size: 511.91125pt x 343.28165pt.

Overfull \hbox (121.91125pt too wide) in paragraph at lines 80--81
 [][] 
 []

[5

 <./convex3.png>]
<maxpool.png, id=48, 386.6445pt x 263.7855pt>
File: maxpool.png Graphic file (type png)
<use maxpool.png>
Package pdftex.def Info: maxpool.png  used on input line 86.
(pdftex.def)             Requested size: 386.64355pt x 263.78485pt.
<relu.png, id=49, 1015.3935pt x 343.2825pt>
File: relu.png Graphic file (type png)
<use relu.png>
Package pdftex.def Info: relu.png  used on input line 95.
(pdftex.def)             Requested size: 1015.39102pt x 343.28165pt.

Overfull \hbox (625.39102pt too wide) in paragraph at lines 95--96
 [][] 
 []

[6 <./maxpool.png>] [7 <./relu.png>] [8

]
Overfull \hbox (9.5022pt too wide) in paragraph at lines 117--121
\T1/cmr/m/n/12 onudur. Sig-moid fonksiy-onuna ben-zer ³ek-ilde, girdiyi 0 ile 1
 aras^^Ynda
 []


Overfull \hbox (31.66368pt too wide) in paragraph at lines 124--125
[]\T1/cmr/m/n/12 Genelleme: Soft-max fonksiy-onu, iki-den fa-zla s^^Yn^^Yf^^Y o
lan s^^Yn^^Yfland^^Yrma
 []

<softmax.png, id=70, 1015.3935pt x 321.6015pt>
File: softmax.png Graphic file (type png)
<use softmax.png>
Package pdftex.def Info: softmax.png  used on input line 129.
(pdftex.def)             Requested size: 934.5762pt x 296.0pt.

Overfull \hbox (759.0774pt too wide) in paragraph at lines 129--130
 [][] 
 []

[9 <./softmax.png>]
LaTeX Font Info:    Trying to load font information for T1+cmtt on input line 1
40.

(C:\Users\Baranalp\AppData\Local\Programs\MiKTeX\tex/latex/base\t1cmtt.fd
File: t1cmtt.fd 2023/04/13 v2.5m Standard LaTeX font definitions
)
Overfull \hbox (23.28694pt too wide) in paragraph at lines 149--149
 []    \T1/cmtt/m/n/12 INSTALL_C_EXAMPLES=ON -D INSTALL_PYTHON_EXAMPLES=ON -D[]
 
 []


Overfull \hbox (97.36885pt too wide) in paragraph at lines 152--152
 []   \T1/cmtt/m/n/12 BUILD_EXAMPLES=ON -D WITH_QT=ON -D WITH_GTK=ON -D WITH_OP
ENGL=ON ..[] 
 []


Overfull \hbox (50.46489pt too wide) in paragraph at lines 153--155
[]\T1/cmr/m/n/12 python ./con-fig-ure.py bazel build -c opt //ten-sor-flow/lite
:libtensorflowlite.so 
 []


Overfull \hbox (17.11345pt too wide) in paragraph at lines 167--167
 []   \T1/cmtt/m/n/12 git clone https://github.com/tensorflow/tensorflow.git[] 

 []


Overfull \hbox (2.75012pt too wide) in paragraph at lines 173--175
[]\T1/cmr/m/n/12 TensorFlow'u Der-lemek: Bazel'i kul-la-narak Ten-sor-Flow'u de
r-leyin. 
 []


Overfull \hbox (54.1544pt too wide) in paragraph at lines 177--177
 []   \T1/cmtt/m/n/12 bazel build //tensorflow/tools/pip_package:build_pip_pack
age[] 
 []


Overfull \hbox (1.57536pt too wide) in paragraph at lines 178--180
[]\T1/cmr/m/n/12 Pip Pake-tini Olu³-tur-mak ve Yük-le-mek: Olu³-tu-ru-lan .whl 
dosyas^^Yn^^Y
 []


Overfull \hbox (29.46043pt too wide) in paragraph at lines 185--185
 []   \T1/cmtt/m/n/12 bazel-bin\tensorflow\tools\pip_package\build_pip_package[
] 
 []


Overfull \hbox (47.98091pt too wide) in paragraph at lines 185--185
 []   \T1/cmtt/m/n/12 pip3 install C:/tmp/tensorflow_pkg/tensorflow-<version>.w
hl[] 
 []

[10]
Overfull \hbox (17.11345pt too wide) in paragraph at lines 223--223
 []   \T1/cmtt/m/n/12 set(distribution_DIR ${CMAKE_SOURCE_DIR}/distribution)[] 

 []


Overfull \hbox (85.02187pt too wide) in paragraph at lines 227--227
 []   \T1/cmtt/m/n/12 cmake ../../tensorflow/lite/tools/cmake/native_tools/flat
buffers/[] 
 []

[11]
Overfull \hbox (91.19536pt too wide) in paragraph at lines 253--253
 []    \T1/cmtt/m/n/12 set_target_properties(libopencv_core PROPERTIES IMPORTED
_LOCATION[] 
 []


Overfull \hbox (103.54234pt too wide) in paragraph at lines 253--253
 []   \T1/cmtt/m/n/12 set_target_properties(libopencv_highgui PROPERTIES IMPORT
ED_LOCATION[] 
 []


Overfull \hbox (115.88933pt too wide) in paragraph at lines 253--253
 []   \T1/cmtt/m/n/12 set_target_properties(libopencv_imgcodecs PROPERTIES IMPO
RTED_LOCATION[] 
 []


Overfull \hbox (10.93996pt too wide) in paragraph at lines 253--253
 []   \T1/cmtt/m/n/12 ${distribution_DIR}/lib/libopencv_imgcodecs.so.4.9.0)[] 
 []


Overfull \hbox (103.54234pt too wide) in paragraph at lines 253--253
 []   \T1/cmtt/m/n/12 set_target_properties(libopencv_imgproc PROPERTIES IMPORT
ED_LOCATION[] 
 []

[12] [13]
Overfull \hbox (10.99825pt too wide) in paragraph at lines 269--270
[]\T1/cmr/m/n/12 Bazel Ubuntu ku-ru-lumu: []$\T1/cmtt/m/n/12 https : / / bazel 
. build / install / ubuntu ?
 []


Overfull \hbox (10.40121pt too wide) in paragraph at lines 270--271
[]\T1/cmr/m/n/12 TensorFlow Lite Linux der-leme re-hberi: []$\T1/cmtt/m/n/12 ht
tps : / / www . tensorflow .
 []

[14] (final.aux)
 ***********
LaTeX2e <2023-11-01> patch level 1
L3 programming layer <2024-01-04>
 ***********
Package rerunfilecheck Info: File `final.out' has not changed.
(rerunfilecheck)             Checksum: D41D8CD98F00B204E9800998ECF8427E;0.
 ) 
Here is how much of TeX's memory you used:
 12931 strings out of 474486
 203477 string characters out of 5742340
 1934542 words of memory out of 5000000
 35033 multiletter control sequences out of 15000+600000
 568535 words of font info for 61 fonts, out of 8000000 for 9000
 1141 hyphenation exceptions out of 8191
 75i,7n,79p,547b,768s stack positions out of 10000i,1000n,20000p,200000b,200000s
 <C:\Users\Baranalp\AppData\Local\MiKTeX\fonts/pk/ljfour/jknappen/ec/dpi600\e
ctt1200.pk> <C:\Users\Baranalp\AppData\Local\MiKTeX\fonts/pk/ljfour/jknappen/ec
/dpi600\ecbx1728.pk> <C:\Users\Baranalp\AppData\Local\MiKTeX\fonts/pk/ljfour/jk
nappen/ec/dpi600\ecrm1200.pk> <C:\Users\Baranalp\AppData\Local\MiKTeX\fonts/pk/
ljfour/jknappen/ec/dpi600\ecrm1440.pk> <C:\Users\Baranalp\AppData\Local\MiKTeX\
fonts/pk/ljfour/jknappen/ec/dpi600\ecrm2074.pk><C:/Users/Baranalp/AppData/Local
/Programs/MiKTeX/fonts/type1/public/amsfonts/cmextra/cmex8.pfb><C:/Users/Barana
lp/AppData/Local/Programs/MiKTeX/fonts/type1/public/amsfonts/cm/cmmi12.pfb><C:/
Users/Baranalp/AppData/Local/Programs/MiKTeX/fonts/type1/public/amsfonts/cm/cmm
i6.pfb><C:/Users/Baranalp/AppData/Local/Programs/MiKTeX/fonts/type1/public/amsf
onts/cm/cmmi8.pfb><C:/Users/Baranalp/AppData/Local/Programs/MiKTeX/fonts/type1/
public/amsfonts/cm/cmr12.pfb><C:/Users/Baranalp/AppData/Local/Programs/MiKTeX/f
onts/type1/public/amsfonts/cm/cmr6.pfb>
Output written on final.pdf (14 pages, 1972474 bytes).
PDF statistics:
 413 PDF objects out of 1000 (max. 8388607)
 47 named destinations out of 1000 (max. 500000)
 46 words of extra memory for PDF output out of 10000 (max. 10000000)

