\BOOKMARK [1][-]{section.1}{\376\377\000G\000i\000r\000i\001\137}{}% 1
\BOOKMARK [1][-]{section.2}{\376\377\000L\000i\000t\000e\000r\000a\000t\000\374\000r\000\040\000A\000r\000a\001\137\000t\001\061\000r\000m\000a\000s\001\061}{}% 2
\BOOKMARK [2][-]{subsection.2.1}{\376\377\000S\000e\000s\000\040\000D\000a\000t\000a\000s\000e\000t\000l\000e\000r\000i}{section.2}% 3
\BOOKMARK [3][-]{subsubsection.2.1.1}{\376\377\000N\000-\000s\000y\000n\000t\000h}{subsection.2.1}% 4
\BOOKMARK [3][-]{subsubsection.2.1.2}{\376\377\000M\000A\000E\000S\000T\000R\000O}{subsection.2.1}% 5
\BOOKMARK [2][-]{subsection.2.2}{\376\377\000K\000a\000g\000l\000l\000e\000\040\000K\000o\000d\000u\000\040\001\060\000l\000e\000\040\000K\000u\000l\000l\000a\000n\001\061\000l\000a\000n\000\040\000D\000a\000t\000a\000s\000e\000t\000l\000e\000r}{section.2}% 6
\BOOKMARK [3][-]{subsubsection.2.2.1}{\376\377\000F\000S\000D\000D\000\040\000-\000\040\000F\000r\000e\000e\000\040\000S\000p\000o\000k\000e\000n\000\040\000D\000i\000g\000i\000t\000\040\000D\000a\000t\000a\000s\000e\000t}{subsection.2.2}% 7
\BOOKMARK [3][-]{subsubsection.2.2.2}{\376\377\000G\000u\000n\000s\000h\000o\000t\000\040\000A\000u\000d\000i\000o\000\040\000D\000a\000t\000a\000s\000e\000t}{subsection.2.2}% 8
\BOOKMARK [1][-]{section.3}{\376\377\000Y\000\366\000n\000t\000e\000m}{}% 9
\BOOKMARK [2][-]{subsection.3.1}{\376\377\000V\000a\000r\000i\000a\000t\000i\000o\000n\000a\000l\000\040\000A\000u\000t\000o\000e\000n\000c\000o\000d\000e\000r\000\040\000\050\000V\000A\000E\000\051\000:\000\040\000Y\000a\000r\000a\000t\001\061\000c\001\061\000\040\000v\000e\000\040\000E\000s\000n\000e\000k\000\040\000V\000e\000r\000i\000\040\000\334\000r\000e\000t\000i\000m\000i}{section.3}% 10
\BOOKMARK [0][-]{subsubsubsection.3.1.0.1}{\376\377\000V\000A\000E\040\031\000n\000i\000n\000\040\001\060\001\137\000l\000e\000v\000i\000\040\000v\000e\000\040\000A\000u\000t\000o\000e\000n\000c\000o\000d\000e\000r\000\040\000\050\000A\000E\000\051\000\040\000i\000l\000e\000\040\000F\000a\000r\000k\001\061}{}% 11
\BOOKMARK [1][-]{subsubsection.3.1.1}{\376\377\000V\000A\000E\040\031\000n\000i\000n\000\040\000\307\000a\000l\001\061\001\137\000m\000a\000\040\000P\000r\000e\000n\000s\000i\000b\000i}{subsubsubsection.3.1.0.1}% 12
\BOOKMARK [2][-]{subsubsection.3.1.2}{\376\377\000G\000A\000N\000\040\000i\000l\000e\000\040\000B\000a\001\037\000l\000a\000n\000t\001\061\000s\001\061}{subsubsection.3.1.1}% 13
\BOOKMARK [3][-]{subsubsection.3.1.3}{\376\377\000K\000u\000l\000l\000a\000n\001\061\000m\000\040\000A\000l\000a\000n\000l\000a\000r\001\061}{subsubsection.3.1.2}% 14
\BOOKMARK [3][-]{subsubsection.3.1.4}{\376\377\000V\000A\000E\000\040\000\046\000\040\000V\000Q\000-\000V\000A\000E\000\040\000\046\000\040\000V\000A\000E\000-\000G\000A\000N}{subsubsection.3.1.2}% 15
\BOOKMARK [0][-]{subsubsubsection.3.1.4.1}{\376\377\000V\000A\000E}{}% 16
\BOOKMARK [0][-]{subsubsubsection.3.1.4.2}{\376\377\000V\000Q\000-\000V\000A\000E}{}% 17
\BOOKMARK [0][-]{subsubsubsection.3.1.4.3}{\376\377\000V\000A\000E\000-\000G\000A\000N}{}% 18
\BOOKMARK [1][-]{subsection.3.2}{\376\377\000E\000n\000t\000r\000o\000p\000i}{subsubsubsection.3.1.4.3}% 19
\BOOKMARK [2][-]{subsection.3.3}{\376\377\000\307\000a\000p\000r\000a\000z\000\040\000D\000\374\000z\000e\000n\000s\000i\000z\000l\000i\000k\000\040\000\050\000C\000r\000o\000s\000s\000-\000E\000n\000t\000r\000o\000p\000y\000\051\000\040\000v\000e\000\040\000K\000L\000\040\000I\000r\000a\000k\000s\000a\000k\000l\001\061\001\037\001\061\000\040\000\050\000K\000L\000\040\000D\000i\000v\000e\000r\000g\000e\000n\000c\000e\000\051}{subsection.3.2}% 20
\BOOKMARK [2][-]{subsection.3.4}{\376\377\000K\000u\000l\000l\000b\000a\000c\000k\000-\000L\000e\000i\000b\000l\000e\000r\000\040\000I\000r\000a\000k\000s\000a\000k\000l\001\061\001\037\001\061\000\040\000\050\000K\000L\000-\000D\000i\000v\000e\000r\000g\000e\000n\000c\000e\000\051}{subsection.3.2}% 21
\BOOKMARK [2][-]{subsection.3.5}{\376\377\000O\000p\000t\000i\000m\000i\000z\000e\000r}{subsection.3.2}% 22
\BOOKMARK [2][-]{subsection.3.6}{\376\377\000A\000k\000t\000i\000v\000a\000s\000y\000o\000n\000\040\000F\000o\000n\000k\000s\000i\000y\000o\000n\000u}{subsection.3.2}% 23
\BOOKMARK [2][-]{subsection.3.7}{\376\377\000S\000e\000s\000\040\000T\000\374\000r\000l\000e\000r\000i}{subsection.3.2}% 24
\BOOKMARK [2][-]{subsection.3.8}{\376\377\000S\000e\000s\000\040\000T\000e\000m\000s\000i\000l\000\040\000E\000t\000m\000e\000\040\000Y\000\366\000n\000t\000e\000m\000i}{subsection.3.2}% 25
\BOOKMARK [3][-]{subsubsection.3.8.1}{\376\377\000R\000a\000w\000-\000a\000u\000d\000i\000o}{subsection.3.8}% 26
\BOOKMARK [2][-]{subsection.3.9}{\376\377\000S\000p\000e\000k\000t\000r\000o\000g\000r\000a\000m}{subsection.3.2}% 27
\BOOKMARK [2][-]{subsection.3.10}{\376\377\000S\000p\000e\000k\000t\000r\000u\000m}{subsection.3.2}% 28
\BOOKMARK [2][-]{subsection.3.11}{\376\377\000M\000e\000l\000-\000F\000r\000e\000k\000a\000n\000s\000\040\000C\000e\000p\000s\000t\000r\000a\000l\000\040\000K\000a\000t\000s\000a\000y\001\061\000l\000a\000r\001\061\000\040\000\050\000M\000F\000C\000C\000-\000M\000e\000l\000-\000F\000r\000e\000q\000u\000e\000n\000c\000y\000\040\000C\000e\000p\000s\000t\000r\000a\000l\000\040\000C\000o\000e\000f\000f\000i\000c\000i\000e\000n\000t\000s\000\051\000\040}{subsection.3.2}% 29
\BOOKMARK [2][-]{subsection.3.12}{\376\377\000\334\000r\000e\000t\000i\000m\000d\000e\000\040\000I\000n\000p\000u\000t\000l\000a\000r}{subsection.3.2}% 30
\BOOKMARK [2][-]{subsection.3.13}{\376\377\000S\000i\000n\000y\000a\000l\000l\000e\000r\000;}{subsection.3.2}% 31
\BOOKMARK [3][-]{subsubsection.3.13.1}{\376\377\000D\000i\000s\000c\000r\000i\000t\000e\000\040\000F\000o\000u\000r\000i\000e\000r\000\040\000T\000r\000a\000n\000s\000f\000o\000r\000m\000\040\000\050\000D\000F\000T\000\051}{subsection.3.13}% 32
\BOOKMARK [3][-]{subsubsection.3.13.2}{\376\377\000F\000F\000T}{subsection.3.13}% 33
\BOOKMARK [3][-]{subsubsection.3.13.3}{\376\377\000S\000h\000o\000r\000t\000\040\000T\000i\000m\000e\000\040\000F\000o\000u\000r\000i\000e\000r\000\040\000T\000r\000a\000n\000s\000f\000o\000r\000m\000\050\000S\000T\000F\000T\000\051}{subsection.3.13}% 34
\BOOKMARK [3][-]{subsubsection.3.13.4}{\376\377\000D\000e\001\037\000i\001\137\000k\000e\000n\000l\000e\000r\000i}{subsection.3.13}% 35
\BOOKMARK [2][-]{subsection.3.14}{\376\377\000S\000e\000s\000\040\000N\000o\000r\000m\000a\000l\000i\000z\000a\000s\000y\000o\000n\000u}{subsection.3.2}% 36
\BOOKMARK [2][-]{subsection.3.15}{\376\377\000P\000e\000a\000k\000\040\000N\000o\000r\000m\000a\000l\000i\000z\000a\000s\000y\000o\000n\000u}{subsection.3.2}% 37
\BOOKMARK [2][-]{subsection.3.16}{\376\377\000L\000o\000u\000d\000n\000e\000s\000s\000\040\000N\000o\000r\000m\000a\000l\000i\000z\000a\000s\000y\000o\000n\000u}{subsection.3.2}% 38
\BOOKMARK [2][-]{subsection.3.17}{\376\377\000E\000v\000i\000d\000e\000n\000c\000e\000\040\000L\000o\000w\000e\000r\000\040\000B\000o\000u\000n\000d\000\050\000E\000L\000B\000O\000\051}{subsection.3.2}% 39
\BOOKMARK [1][-]{section.4}{\376\377\000B\000u\000l\000g\000u\000\040\000v\000e\000\040\000T\000a\000r\000t\001\061\001\137\000m\000a}{subsubsubsection.3.1.4.3}% 40
\BOOKMARK [2][-]{subsection.4.1}{\376\377\000H\000a\000t\000a\000l\000a\000r}{section.4}% 41
\BOOKMARK [2][-]{subsection.4.2}{\376\377\000e\000p\000s\000i\000l\000o\000n}{section.4}% 42
\BOOKMARK [2][-]{subsection.4.3}{\376\377\000k\000\040\000s\000h\000a\000p\000e}{section.4}% 43
\BOOKMARK [2][-]{subsection.4.4}{\376\377\000m\000o\000d\000e\000l\000\040\000f\000i\000t}{section.4}% 44
\BOOKMARK [2][-]{subsection.4.5}{\376\377\000t\000e\000n\000s\000o\000r\000f\000l\000o\000w\000\040\000f\000u\000n\000c\000t\000i\000o\000n\000\040\000h\000a\000t\000a\000s\001\061}{section.4}% 45
\BOOKMARK [2][-]{subsection.4.6}{\376\377\000y\000\040\000t\000a\000r\000g\000e\000t}{section.4}% 46
\BOOKMARK [2][-]{subsection.4.7}{\376\377\000S\000y\000m\000b\000o\000l\000i\000c\000T\000e\000n\000s\000o\000r}{section.4}% 47
\BOOKMARK [2][-]{subsection.4.8}{\376\377\000H\000a\000t\000a\0001}{section.4}% 48
\BOOKMARK [2][-]{subsection.4.9}{\376\377\000H\000a\000t\000a\0002}{section.4}% 49
\BOOKMARK [2][-]{subsection.4.10}{\376\377\000H\000a\000t\000a\0003}{section.4}% 50
\BOOKMARK [1][-]{section.5}{\376\377\000S\000o\000n\000u\000\347}{subsubsubsection.3.1.4.3}% 51
