This is pdfTeX, Version 3.141592653-2.6-1.40.25 (MiKTeX 24.1) (preloaded format=pdflatex 2024.2.22)  14 JUN 2024 17:06
entering extended mode
 restricted \write18 enabled.
 %&-line parsing enabled.
**./template_Article.tex
(template_Article.tex
LaTeX2e <2023-11-01> patch level 1
L3 programming layer <2024-01-04>
(C:\Users\Celal\AppData\Local\Programs\MiKTeX\tex/latex/base\article.cls
Document Class: article 2023/05/17 v1.4n Standard LaTeX document class
(C:\Users\Celal\AppData\Local\Programs\MiKTeX\tex/latex/base\size12.clo
File: size12.clo 2023/05/17 v1.4n Standard LaTeX file (size option)
)
\c@part=\count187
\c@section=\count188
\c@subsection=\count189
\c@subsubsection=\count190
\c@paragraph=\count191
\c@subparagraph=\count192
\c@figure=\count193
\c@table=\count194
\abovecaptionskip=\skip48
\belowcaptionskip=\skip49
\bibindent=\dimen140
)
(C:\Users\Celal\AppData\Local\Programs\MiKTeX\tex/latex/caption\caption.sty
Package: caption 2023/08/05 v3.6o Customizing captions (AR)

(C:\Users\Celal\AppData\Local\Programs\MiKTeX\tex/latex/caption\caption3.sty
Package: caption3 2023/07/31 v2.4d caption3 kernel (AR)

(C:\Users\Celal\AppData\Local\Programs\MiKTeX\tex/latex/graphics\keyval.sty
Package: keyval 2022/05/29 v1.15 key=value parser (DPC)
\KV@toks@=\toks17
)
\caption@tempdima=\dimen141
\captionmargin=\dimen142
\caption@leftmargin=\dimen143
\caption@rightmargin=\dimen144
\caption@width=\dimen145
\caption@indent=\dimen146
\caption@parindent=\dimen147
\caption@hangindent=\dimen148
Package caption Info: Standard document class detected.
)
\c@caption@flags=\count195
\c@continuedfloat=\count196
)
(C:\Users\Celal\AppData\Local\Programs\MiKTeX\tex/latex/graphics\graphicx.sty
Package: graphicx 2021/09/16 v1.2d Enhanced LaTeX Graphics (DPC,SPQR)

(C:\Users\Celal\AppData\Local\Programs\MiKTeX\tex/latex/graphics\graphics.sty
Package: graphics 2022/03/10 v1.4e Standard LaTeX Graphics (DPC,SPQR)

(C:\Users\Celal\AppData\Local\Programs\MiKTeX\tex/latex/graphics\trig.sty
Package: trig 2021/08/11 v1.11 sin cos tan (DPC)
)
(C:\Users\Celal\AppData\Local\Programs\MiKTeX\tex/latex/graphics-cfg\graphics.c
fg
File: graphics.cfg 2016/06/04 v1.11 sample graphics configuration
)
Package graphics Info: Driver file: pdftex.def on input line 107.

(C:\Users\Celal\AppData\Local\Programs\MiKTeX\tex/latex/graphics-def\pdftex.def
File: pdftex.def 2022/09/22 v1.2b Graphics/color driver for pdftex
))
\Gin@req@height=\dimen149
\Gin@req@width=\dimen150
) (C:\Users\Celal\AppData\Local\Programs\MiKTeX\tex/latex/amsmath\amsmath.sty
Package: amsmath 2023/05/13 v2.17o AMS math features
\@mathmargin=\skip50
For additional information on amsmath, use the `?' option.
(C:\Users\Celal\AppData\Local\Programs\MiKTeX\tex/latex/amsmath\amstext.sty
Package: amstext 2021/08/26 v2.01 AMS text

(C:\Users\Celal\AppData\Local\Programs\MiKTeX\tex/latex/amsmath\amsgen.sty
File: amsgen.sty 1999/11/30 v2.0 generic functions
\@emptytoks=\toks18
\ex@=\dimen151
))
(C:\Users\Celal\AppData\Local\Programs\MiKTeX\tex/latex/amsmath\amsbsy.sty
Package: amsbsy 1999/11/29 v1.2d Bold Symbols
\pmbraise@=\dimen152
)
(C:\Users\Celal\AppData\Local\Programs\MiKTeX\tex/latex/amsmath\amsopn.sty
Package: amsopn 2022/04/08 v2.04 operator names
)
\inf@bad=\count197
LaTeX Info: Redefining \frac on input line 234.
\uproot@=\count198
\leftroot@=\count199
LaTeX Info: Redefining \overline on input line 399.
LaTeX Info: Redefining \colon on input line 410.
\classnum@=\count266
\DOTSCASE@=\count267
LaTeX Info: Redefining \ldots on input line 496.
LaTeX Info: Redefining \dots on input line 499.
LaTeX Info: Redefining \cdots on input line 620.
\Mathstrutbox@=\box51
\strutbox@=\box52
LaTeX Info: Redefining \big on input line 722.
LaTeX Info: Redefining \Big on input line 723.
LaTeX Info: Redefining \bigg on input line 724.
LaTeX Info: Redefining \Bigg on input line 725.
\big@size=\dimen153
LaTeX Font Info:    Redeclaring font encoding OML on input line 743.
LaTeX Font Info:    Redeclaring font encoding OMS on input line 744.
\macc@depth=\count268
LaTeX Info: Redefining \bmod on input line 905.
LaTeX Info: Redefining \pmod on input line 910.
LaTeX Info: Redefining \smash on input line 940.
LaTeX Info: Redefining \relbar on input line 970.
LaTeX Info: Redefining \Relbar on input line 971.
\c@MaxMatrixCols=\count269
\dotsspace@=\muskip16
\c@parentequation=\count270
\dspbrk@lvl=\count271
\tag@help=\toks19
\row@=\count272
\column@=\count273
\maxfields@=\count274
\andhelp@=\toks20
\eqnshift@=\dimen154
\alignsep@=\dimen155
\tagshift@=\dimen156
\tagwidth@=\dimen157
\totwidth@=\dimen158
\lineht@=\dimen159
\@envbody=\toks21
\multlinegap=\skip51
\multlinetaggap=\skip52
\mathdisplay@stack=\toks22
LaTeX Info: Redefining \[ on input line 2953.
LaTeX Info: Redefining \] on input line 2954.
)
(C:\Users\Celal\AppData\Local\Programs\MiKTeX\tex/latex/url\url.sty
\Urlmuskip=\muskip17
Package: url 2013/09/16  ver 3.4  Verb mode for urls, etc.
)
(C:\Users\Celal\AppData\Local\Programs\MiKTeX\tex/latex/l3backend\l3backend-pdf
tex.def
File: l3backend-pdftex.def 2024-01-04 L3 backend support: PDF output (pdfTeX)
\l__color_backend_stack_int=\count275
\l__pdf_internal_box=\box53
) (template_Article.aux

LaTeX Warning: Label `dogruluk' multiply defined.


LaTeX Warning: Label `tab:performance_comparison' multiply defined.


LaTeX Warning: Label `tab:performance_comparison' multiply defined.


LaTeX Warning: Label `tab:performance_comparison' multiply defined.

)
\openout1 = `template_Article.aux'.

LaTeX Font Info:    Checking defaults for OML/cmm/m/it on input line 15.
LaTeX Font Info:    ... okay on input line 15.
LaTeX Font Info:    Checking defaults for OMS/cmsy/m/n on input line 15.
LaTeX Font Info:    ... okay on input line 15.
LaTeX Font Info:    Checking defaults for OT1/cmr/m/n on input line 15.
LaTeX Font Info:    ... okay on input line 15.
LaTeX Font Info:    Checking defaults for T1/cmr/m/n on input line 15.
LaTeX Font Info:    ... okay on input line 15.
LaTeX Font Info:    Checking defaults for TS1/cmr/m/n on input line 15.
LaTeX Font Info:    ... okay on input line 15.
LaTeX Font Info:    Checking defaults for OMX/cmex/m/n on input line 15.
LaTeX Font Info:    ... okay on input line 15.
LaTeX Font Info:    Checking defaults for U/cmr/m/n on input line 15.
LaTeX Font Info:    ... okay on input line 15.
Package caption Info: Begin \AtBeginDocument code.
Package caption Info: End \AtBeginDocument code.

(C:\Users\Celal\AppData\Local\Programs\MiKTeX\tex/context/base/mkii\supp-pdf.mk
ii
[Loading MPS to PDF converter (version 2006.09.02).]
\scratchcounter=\count276
\scratchdimen=\dimen160
\scratchbox=\box54
\nofMPsegments=\count277
\nofMParguments=\count278
\everyMPshowfont=\toks23
\MPscratchCnt=\count279
\MPscratchDim=\dimen161
\MPnumerator=\count280
\makeMPintoPDFobject=\count281
\everyMPtoPDFconversion=\toks24
)
(C:\Users\Celal\AppData\Local\Programs\MiKTeX\tex/latex/epstopdf-pkg\epstopdf-b
ase.sty
Package: epstopdf-base 2020-01-24 v2.11 Base part for package epstopdf
Package epstopdf-base Info: Redefining graphics rule for `.eps' on input line 4
85.

(C:\Users\Celal\AppData\Local\Programs\MiKTeX\tex/latex/00miktex\epstopdf-sys.c
fg
File: epstopdf-sys.cfg 2021/03/18 v2.0 Configuration of epstopdf for MiKTeX
))
<./images/ksbu.png, id=1, 170.6375pt x 171.64125pt>
File: ./images/ksbu.png Graphic file (type png)
<use ./images/ksbu.png>
Package pdftex.def Info: ./images/ksbu.png  used on input line 20.
(pdftex.def)             Requested size: 170.63707pt x 171.64081pt.
 [1

{C:/Users/Celal/AppData/Local/MiKTeX/fonts/map/pdftex/pdftex.map} <./images/ksb
u.png>] [2]
<./images/hastalikdunya.png, id=12, 943.72575pt x 443.85825pt>
File: ./images/hastalikdunya.png Graphic file (type png)
<use ./images/hastalikdunya.png>
Package pdftex.def Info: ./images/hastalikdunya.png  used on input line 37.
(pdftex.def)             Requested size: 943.72345pt x 443.85715pt.

Underfull \hbox (badness 10000) in paragraph at lines 37--40
[][]
 []

[3 <./images/hastalikdunya.png>]
<./images/dogruluk.png, id=18, 516.12825pt x 233.07076pt>
File: ./images/dogruluk.png Graphic file (type png)
<use ./images/dogruluk.png>
Package pdftex.def Info: ./images/dogruluk.png  used on input line 61.
(pdftex.def)             Requested size: 516.12698pt x 233.07018pt.
 [4]
<./images/gantt.png, id=22, 1139.457pt x 458.9145pt>
File: ./images/gantt.png Graphic file (type png)
<use ./images/gantt.png>
Package pdftex.def Info: ./images/gantt.png  used on input line 70.
(pdftex.def)             Requested size: 390.0pt x 157.07222pt.
 [5 <./images/dogruluk.png> <./images/gantt.png>] [6]
<./images/resim3.png, id=31, 543.2295pt x 195.73125pt>
File: ./images/resim3.png Graphic file (type png)
<use ./images/resim3.png>
Package pdftex.def Info: ./images/resim3.png  used on input line 98.
(pdftex.def)             Requested size: 543.22816pt x 195.73076pt.
 [7 <./images/resim3.png>]
<./images/resim1.png, id=37, 627.5445pt x 286.06876pt>
File: ./images/resim1.png Graphic file (type png)
<use ./images/resim1.png>
Package pdftex.def Info: ./images/resim1.png  used on input line 107.
(pdftex.def)             Requested size: 627.54295pt x 286.06805pt.
<./images/resim2.png, id=38, 602.25pt x 199.34476pt>
File: ./images/resim2.png Graphic file (type png)
<use ./images/resim2.png>
Package pdftex.def Info: ./images/resim2.png  used on input line 117.
(pdftex.def)             Requested size: 602.24852pt x 199.34425pt.
 [8 <./images/resim1.png> <./images/resim2.png>]
<./images/resim4.png, id=44, 603.4545pt x 421.575pt>
File: ./images/resim4.png Graphic file (type png)
<use ./images/resim4.png>
Package pdftex.def Info: ./images/resim4.png  used on input line 141.
(pdftex.def)             Requested size: 603.45302pt x 421.57396pt.
 [9 <./images/resim4.png>]
<./images/resim5.png, id=50, 618.51076pt x 313.17pt>
File: ./images/resim5.png Graphic file (type png)
<use ./images/resim5.png>
Package pdftex.def Info: ./images/resim5.png  used on input line 151.
(pdftex.def)             Requested size: 618.50923pt x 313.16922pt.
 [10 <./images/resim5.png>]
<./images/resim6.png, id=55, 400.49625pt x 268.6035pt>
File: ./images/resim6.png Graphic file (type png)
<use ./images/resim6.png>
Package pdftex.def Info: ./images/resim6.png  used on input line 161.
(pdftex.def)             Requested size: 400.49527pt x 268.60284pt.
<./images/4.0.png, id=56, 811.23074pt x 257.16075pt>
File: ./images/4.0.png Graphic file (type png)
<use ./images/4.0.png>
Package pdftex.def Info: ./images/4.0.png  used on input line 174.
(pdftex.def)             Requested size: 811.22876pt x 257.16011pt.
<./images/5.0.png, id=57, 869.04675pt x 404.712pt>
File: ./images/5.0.png Graphic file (type png)
<use ./images/5.0.png>
Package pdftex.def Info: ./images/5.0.png  used on input line 183.
(pdftex.def)             Requested size: 869.04463pt x 404.71101pt.
<./images/6.0.png, id=58, 856.3995pt x 353.52075pt>
File: ./images/6.0.png Graphic file (type png)
<use ./images/6.0.png>
Package pdftex.def Info: ./images/6.0.png  used on input line 193.
(pdftex.def)             Requested size: 856.39742pt x 353.51988pt.
 [11 <./images/resim6.png> <./images/4.0.png>] [12 <./images/5.0.png> <./images
/6.0.png>]
<./images/7.0.png, id=69, 849.77475pt x 375.20175pt>
File: ./images/7.0.png Graphic file (type png)
<use ./images/7.0.png>
Package pdftex.def Info: ./images/7.0.png  used on input line 202.
(pdftex.def)             Requested size: 849.77267pt x 375.20082pt.
<./images/8.0.png, id=70, 861.81975pt x 342.078pt>
File: ./images/8.0.png Graphic file (type png)
<use ./images/8.0.png>
Package pdftex.def Info: ./images/8.0.png  used on input line 210.
(pdftex.def)             Requested size: 861.81766pt x 342.07715pt.
 [13 <./images/7.0.png> <./images/8.0.png>]
<./images/9.0.png, id=77, 864.831pt x 379.4175pt>
File: ./images/9.0.png Graphic file (type png)
<use ./images/9.0.png>
Package pdftex.def Info: ./images/9.0.png  used on input line 219.
(pdftex.def)             Requested size: 864.82889pt x 379.41656pt.
<./images/10.0.png, id=78, 864.22874pt x 320.397pt>
File: ./images/10.0.png Graphic file (type png)
<use ./images/10.0.png>
Package pdftex.def Info: ./images/10.0.png  used on input line 227.
(pdftex.def)             Requested size: 864.22662pt x 320.39621pt.
 [14 <./images/9.0.png> <./images/10.0.png>]
<./images/11.0.png, id=84, 376.40625pt x 172.84575pt>
File: ./images/11.0.png Graphic file (type png)
<use ./images/11.0.png>
Package pdftex.def Info: ./images/11.0.png  used on input line 236.
(pdftex.def)             Requested size: 376.40532pt x 172.8453pt.
<./images/1.png, id=85, 882.8985pt x 425.79076pt>
File: ./images/1.png Graphic file (type png)
<use ./images/1.png>
Package pdftex.def Info: ./images/1.png  used on input line 256.
(pdftex.def)             Requested size: 882.89633pt x 425.78972pt.
<./images/2.png, id=86, 284.86424pt x 492.03825pt>
File: ./images/2.png Graphic file (type png)
<use ./images/2.png>
Package pdftex.def Info: ./images/2.png  used on input line 265.
(pdftex.def)             Requested size: 284.86354pt x 492.03705pt.


LaTeX Warning: Float too large for page by 107.0306pt on input line 267.

[15 <./images/11.0.png>] [16 <./images/1.png>] [17 <./images/2.png>]
<./images/3.png, id=104, 566.115pt x 121.6545pt>
File: ./images/3.png Graphic file (type png)
<use ./images/3.png>
Package pdftex.def Info: ./images/3.png  used on input line 272.
(pdftex.def)             Requested size: 566.11362pt x 121.65419pt.
<./images/4.png, id=105, 549.252pt x 94.55325pt>
File: ./images/4.png Graphic file (type png)
<use ./images/4.png>
Package pdftex.def Info: ./images/4.png  used on input line 279.
(pdftex.def)             Requested size: 549.25066pt x 94.55301pt.
<./images/5.png, id=106, 684.156pt x 107.2005pt>
File: ./images/5.png Graphic file (type png)
<use ./images/5.png>
Package pdftex.def Info: ./images/5.png  used on input line 286.
(pdftex.def)             Requested size: 684.15433pt x 107.20023pt.
<./images/6.png, id=107, 644.4075pt x 97.5645pt>
File: ./images/6.png Graphic file (type png)
<use ./images/6.png>
Package pdftex.def Info: ./images/6.png  used on input line 292.
(pdftex.def)             Requested size: 644.40593pt x 97.56424pt.
<./images/7.png, id=108, 672.111pt x 93.951pt>
File: ./images/7.png Graphic file (type png)
<use ./images/7.png>
Package pdftex.def Info: ./images/7.png  used on input line 298.
(pdftex.def)             Requested size: 672.10934pt x 93.95078pt.
<./images/8.png, id=109, 581.7735pt x 100.57574pt>
File: ./images/8.png Graphic file (type png)
<use ./images/8.png>
Package pdftex.def Info: ./images/8.png  used on input line 304.
(pdftex.def)             Requested size: 581.77208pt x 100.57549pt.
<./images/9.png, id=110, 626.94225pt x 166.82326pt>
File: ./images/9.png Graphic file (type png)
<use ./images/9.png>
Package pdftex.def Info: ./images/9.png  used on input line 310.
(pdftex.def)             Requested size: 626.94072pt x 166.82285pt.
 [18 <./images/3.png> <./images/4.png> <./images/5.png>] [19 <./images/6.png> <
./images/7.png> <./images/8.png> <./images/9.png>]
<./images/10.png, id=125, 678.73575pt x 130.68825pt>
File: ./images/10.png Graphic file (type png)
<use ./images/10.png>
Package pdftex.def Info: ./images/10.png  used on input line 320.
(pdftex.def)             Requested size: 678.73409pt x 130.68791pt.
<./images/11.png, id=126, 819.06pt x 345.08925pt>
File: ./images/11.png Graphic file (type png)
<use ./images/11.png>
Package pdftex.def Info: ./images/11.png  used on input line 329.
(pdftex.def)             Requested size: 819.058pt x 345.08841pt.


Package caption Warning: \label without proper reference on input line 321.
See the caption package documentation for explanation.


LaTeX Warning: Reference `fig:yenietiket' on page 20 undefined on input line 33
3.

<./images/13.png, id=127, 823.878pt x 224.037pt>
File: ./images/13.png Graphic file (type png)
<use ./images/13.png>
Package pdftex.def Info: ./images/13.png  used on input line 339.
(pdftex.def)             Requested size: 823.87599pt x 224.03644pt.
[20 <./images/10.png> <./images/11.png>]

Package caption Warning: \label without proper reference on input line 330.
See the caption package documentation for explanation.


LaTeX Warning: Reference `fig:yenietiket2' on page 21 undefined on input line 3
43.

<./images/14.png, id=133, 578.16pt x 420.3705pt>
File: ./images/14.png Graphic file (type png)
<use ./images/14.png>
Package pdftex.def Info: ./images/14.png  used on input line 351.
(pdftex.def)             Requested size: 578.15858pt x 420.36948pt.
[21 <./images/13.png> <./images/14.png>]
<./images/4.7.png, id=139, 331.2375pt x 220.825pt>
File: ./images/4.7.png Graphic file (type png)
<use ./images/4.7.png>
Package pdftex.def Info: ./images/4.7.png  used on input line 375.
(pdftex.def)             Requested size: 331.23668pt x 220.82445pt.


LaTeX Warning: `!h' float specifier changed to `!ht'.

<./images/4.2.png, id=140, 508.90125pt x 187.29974pt>
File: ./images/4.2.png Graphic file (type png)
<use ./images/4.2.png>
Package pdftex.def Info: ./images/4.2.png  used on input line 381.
(pdftex.def)             Requested size: 508.90001pt x 187.29927pt.

Overfull \hbox (118.90001pt too wide) in paragraph at lines 381--382
 [][] 
 []


LaTeX Warning: `!h' float specifier changed to `!ht'.

<./images/4.3.png, id=141, 299.31825pt x 286.06876pt>
File: ./images/4.3.png Graphic file (type png)
<use ./images/4.3.png>
Package pdftex.def Info: ./images/4.3.png  used on input line 388.
(pdftex.def)             Requested size: 299.31752pt x 286.06805pt.

LaTeX Warning: `!h' float specifier changed to `!ht'.

[22]
<./images/4.8.png, id=145, 578.16pt x 342.078pt>
File: ./images/4.8.png Graphic file (type png)
<use ./images/4.8.png>
Package pdftex.def Info: ./images/4.8.png  used on input line 398.
(pdftex.def)             Requested size: 578.15858pt x 342.07715pt.

Overfull \hbox (188.15858pt too wide) in paragraph at lines 398--399
 [][] 
 []

<./images/4.9.png, id=146, 218.61674pt x 301.125pt>
File: ./images/4.9.png Graphic file (type png)
<use ./images/4.9.png>
Package pdftex.def Info: ./images/4.9.png  used on input line 406.
(pdftex.def)             Requested size: 218.6162pt x 301.12425pt.

LaTeX Warning: `!h' float specifier changed to `!ht'.

[23 <./images/4.7.png> <./images/4.2.png>]

LaTeX Warning: `!h' float specifier changed to `!ht'.

[24 <./images/4.3.png>]
<./images/4.10.png, id=156, 233.07076pt x 316.7835pt>
File: ./images/4.10.png Graphic file (type png)
<use ./images/4.10.png>
Package pdftex.def Info: ./images/4.10.png  used on input line 412.
(pdftex.def)             Requested size: 233.07018pt x 316.78271pt.


LaTeX Warning: `!h' float specifier changed to `!ht'.

[25 <./images/4.8.png>] [26 <./images/4.9.png>]
<./images/4.11.png, id=166, 263.18324pt x 251.7405pt>
File: ./images/4.11.png Graphic file (type png)
<use ./images/4.11.png>
Package pdftex.def Info: ./images/4.11.png  used on input line 420.
(pdftex.def)             Requested size: 263.1826pt x 251.73987pt.


LaTeX Warning: `!h' float specifier changed to `!ht'.

<./images/5.2.png, id=167, 740.7675pt x 242.70676pt>
File: ./images/5.2.png Graphic file (type png)
<use ./images/5.2.png>
Package pdftex.def Info: ./images/5.2.png  used on input line 431.
(pdftex.def)             Requested size: 740.76569pt x 242.70615pt.

Overfull \hbox (350.76569pt too wide) in paragraph at lines 431--432
 [][] 
 []

<./images/5.3.png, id=168, 651.03226pt x 349.90726pt>
File: ./images/5.3.png Graphic file (type png)
<use ./images/5.3.png>
Package pdftex.def Info: ./images/5.3.png  used on input line 437.
(pdftex.def)             Requested size: 651.03067pt x 349.90639pt.

Overfull \hbox (261.03067pt too wide) in paragraph at lines 437--438
 [][] 
 []


LaTeX Warning: `!h' float specifier changed to `!ht'.

[27 <./images/4.10.png>]

LaTeX Warning: Text page 28 contains only floats.


Overfull \vbox (0.59595pt too high) has occurred while \output is active []


[28 <./images/4.11.png> <./images/5.2.png>] [29 <./images/5.3.png>]
<./images/5.4.png, id=182, 855.195pt x 368.577pt>
File: ./images/5.4.png Graphic file (type png)
<use ./images/5.4.png>
Package pdftex.def Info: ./images/5.4.png  used on input line 444.
(pdftex.def)             Requested size: 855.19293pt x 368.57608pt.

Overfull \hbox (465.19293pt too wide) in paragraph at lines 444--445
 [][] 
 []

[30 <./images/5.4.png>]
<./images/5.5.png, id=187, 519.74174pt x 152.36925pt>
File: ./images/5.5.png Graphic file (type png)
<use ./images/5.5.png>
Package pdftex.def Info: ./images/5.5.png  used on input line 452.
(pdftex.def)             Requested size: 519.74048pt x 152.36887pt.

Overfull \hbox (129.74048pt too wide) in paragraph at lines 452--453
 [][] 
 []

[31 <./images/5.5.png>]
<./images/5.6.png, id=193, 331.83975pt x 102.98476pt>
File: ./images/5.6.png Graphic file (type png)
<use ./images/5.6.png>
Package pdftex.def Info: ./images/5.6.png  used on input line 460.
(pdftex.def)             Requested size: 331.83894pt x 102.98448pt.
<./images/5.7.png, id=194, 331.83975pt x 215.00325pt>
File: ./images/5.7.png Graphic file (type png)
<use ./images/5.7.png>
Package pdftex.def Info: ./images/5.7.png  used on input line 468.
(pdftex.def)             Requested size: 331.83894pt x 215.00272pt.
 [32 <./images/5.6.png> <./images/5.7.png>]
<./images/5.8.png, id=200, 382.42876pt x 70.46326pt>
File: ./images/5.8.png Graphic file (type png)
<use ./images/5.8.png>
Package pdftex.def Info: ./images/5.8.png  used on input line 476.
(pdftex.def)             Requested size: 382.42781pt x 70.46307pt.
 [33 <./images/5.8.png>]
<./images/5.9.png, id=205, 472.76625pt x 190.91325pt>
File: ./images/5.9.png Graphic file (type png)
<use ./images/5.9.png>
Package pdftex.def Info: ./images/5.9.png  used on input line 482.
(pdftex.def)             Requested size: 472.76509pt x 190.91278pt.

Overfull \hbox (82.76509pt too wide) in paragraph at lines 482--483
 [][] 
 []

<./images/5.10.png, id=206, 467.94826pt x 219.82124pt>
File: ./images/5.10.png Graphic file (type png)
<use ./images/5.10.png>
Package pdftex.def Info: ./images/5.10.png  used on input line 488.
(pdftex.def)             Requested size: 467.94711pt x 219.8207pt.

Overfull \hbox (77.94711pt too wide) in paragraph at lines 488--489
 [][] 
 []

[34 <./images/5.9.png> <./images/5.10.png>]
<./images/5.11.png, id=212, 281.853pt x 136.1085pt>
File: ./images/5.11.png Graphic file (type png)
<use ./images/5.11.png>
Package pdftex.def Info: ./images/5.11.png  used on input line 494.
(pdftex.def)             Requested size: 281.85231pt x 136.10815pt.
<./images/6.1.png, id=213, 302.93175pt x 307.1475pt>
File: ./images/6.1.png Graphic file (type png)
<use ./images/6.1.png>
Package pdftex.def Info: ./images/6.1.png  used on input line 505.
(pdftex.def)             Requested size: 302.931pt x 307.14674pt.
<./images/6.2.png, id=214, 332.442pt x 328.8285pt>
File: ./images/6.2.png Graphic file (type png)
<use ./images/6.2.png>
Package pdftex.def Info: ./images/6.2.png  used on input line 512.
(pdftex.def)             Requested size: 332.44118pt x 328.8277pt.


LaTeX Warning: `!h' float specifier changed to `!ht'.


LaTeX Warning: `!h' float specifier changed to `!ht'.

<./images/6.3.png, id=215, 334.24875pt x 277.035pt>
File: ./images/6.3.png Graphic file (type png)
<use ./images/6.3.png>
Package pdftex.def Info: ./images/6.3.png  used on input line 520.
(pdftex.def)             Requested size: 334.24792pt x 277.03432pt.

LaTeX Warning: `!h' float specifier changed to `!ht'.

[35 <./images/5.11.png>]
<./images/6.4.png, id=220, 363.15675pt x 269.808pt>
File: ./images/6.4.png Graphic file (type png)
<use ./images/6.4.png>
Package pdftex.def Info: ./images/6.4.png  used on input line 528.
(pdftex.def)             Requested size: 363.15585pt x 269.80734pt.


LaTeX Warning: `!h' float specifier changed to `!ht'.

[36 <./images/6.1.png>]
<./images/6.5.png, id=225, 359.54324pt x 280.6485pt>
File: ./images/6.5.png Graphic file (type png)
<use ./images/6.5.png>
Package pdftex.def Info: ./images/6.5.png  used on input line 535.
(pdftex.def)             Requested size: 359.54236pt x 280.64781pt.


LaTeX Warning: `!h' float specifier changed to `!ht'.

[37 <./images/6.2.png>]
<./images/6.6.png, id=231, 626.94225pt x 388.45125pt>
File: ./images/6.6.png Graphic file (type png)
<use ./images/6.6.png>
Package pdftex.def Info: ./images/6.6.png  used on input line 545.
(pdftex.def)             Requested size: 626.94072pt x 388.45029pt.

Overfull \hbox (236.94072pt too wide) in paragraph at lines 545--546
 [][] 
 []


LaTeX Warning: `!h' float specifier changed to `!ht'.

[38 <./images/6.3.png>]
<./images/6.7.png, id=236, 440.847pt x 78.2925pt>
File: ./images/6.7.png Graphic file (type png)
<use ./images/6.7.png>
Package pdftex.def Info: ./images/6.7.png  used on input line 551.
(pdftex.def)             Requested size: 440.84592pt x 78.2923pt.

Overfull \hbox (50.84592pt too wide) in paragraph at lines 551--552
 [][] 
 []

<./images/6.8.png, id=237, 491.436pt x 328.22626pt>
File: ./images/6.8.png Graphic file (type png)
<use ./images/6.8.png>
Package pdftex.def Info: ./images/6.8.png  used on input line 556.
(pdftex.def)             Requested size: 491.4348pt x 328.22545pt.

Overfull \hbox (101.4348pt too wide) in paragraph at lines 556--557
 [][] 
 []


LaTeX Warning: `!h' float specifier changed to `!ht'.


LaTeX Warning: `!h' float specifier changed to `!ht'.

[39 <./images/6.4.png>] [40 <./images/6.5.png>]
<./images/6.9.png, id=246, 449.2785pt x 417.35925pt>
File: ./images/6.9.png Graphic file (type png)
<use ./images/6.9.png>
Package pdftex.def Info: ./images/6.9.png  used on input line 583.
(pdftex.def)             Requested size: 312.01799pt x 236.80186pt.
 [41 <./images/6.6.png> <./images/6.7.png>]

LaTeX Warning: `!h' float specifier changed to `!ht'.

[42 <./images/6.8.png>] [43 <./images/6.9.png>] [44]
<./images/6.13.png, id=265, 408.3255pt x 304.13625pt>
File: ./images/6.13.png Graphic file (type png)
<use ./images/6.13.png>
Package pdftex.def Info: ./images/6.13.png  used on input line 632.
(pdftex.def)             Requested size: 312.0066pt x 177.60573pt.
 [45 <./images/6.13.png>]
[46] [47] (template_Article.bbl
Overfull \hbox (56.16898pt too wide) in paragraph at lines 7--10
\OT1/cmr/m/n/12 ``https://www.arcgis.com/apps/dashboards/bda7594740fd4029942346
7b48e9ecf6,'' 
 []

[48]) [49] (template_Article.aux)
 ***********
LaTeX2e <2023-11-01> patch level 1
L3 programming layer <2024-01-04>
 ***********


LaTeX Warning: There were undefined references.


LaTeX Warning: There were multiply-defined labels.

 ) 
Here is how much of TeX's memory you used:
 4035 strings out of 474485
 70378 string characters out of 5743734
 1934542 words of memory out of 5000000
 26326 multiletter control sequences out of 15000+600000
 565080 words of font info for 60 fonts, out of 8000000 for 9000
 1141 hyphenation exceptions out of 8191
 57i,11n,65p,1550b,345s stack positions out of 10000i,1000n,20000p,200000b,200000s
 <C:\Users\Celal\AppData\Local\MiKTeX\fonts/pk/ljfour/jknappen/ec/dpi600\tcbx
1200.pk> <C:\Users\Celal\AppData\Local\MiKTeX\fonts/pk/ljfour/jknappen/ec/dpi60
0\tcrm1200.pk><C:/Users/Celal/AppData/Local/Programs/MiKTeX/fonts/type1/public/
amsfonts/cm/cmbx12.pfb><C:/Users/Celal/AppData/Local/Programs/MiKTeX/fonts/type
1/public/amsfonts/cm/cmex10.pfb><C:/Users/Celal/AppData/Local/Programs/MiKTeX/f
onts/type1/public/amsfonts/cm/cmmi12.pfb><C:/Users/Celal/AppData/Local/Programs
/MiKTeX/fonts/type1/public/amsfonts/cm/cmmi8.pfb><C:/Users/Celal/AppData/Local/
Programs/MiKTeX/fonts/type1/public/amsfonts/cm/cmr12.pfb><C:/Users/Celal/AppDat
a/Local/Programs/MiKTeX/fonts/type1/public/amsfonts/cm/cmr17.pfb><C:/Users/Cela
l/AppData/Local/Programs/MiKTeX/fonts/type1/public/amsfonts/cm/cmr8.pfb><C:/Use
rs/Celal/AppData/Local/Programs/MiKTeX/fonts/type1/public/amsfonts/cm/cmsy10.pf
b><C:/Users/Celal/AppData/Local/Programs/MiKTeX/fonts/type1/public/amsfonts/cm/
cmti12.pfb>
Output written on template_Article.pdf (49 pages, 3336296 bytes).
PDF statistics:
 333 PDF objects out of 1000 (max. 8388607)
 0 named destinations out of 1000 (max. 500000)
 291 words of extra memory for PDF output out of 10000 (max. 10000000)

