\BOOKMARK [1][-]{section.0.1}{\376\377\000G\000i\000r\000i\001\137}{}% 1
\BOOKMARK [1][-]{section.0.2}{\376\377\000Y\000o\000l\000o\000\040\000A\000l\000g\000o\000r\000i\000t\000m\000a\000s\001\061\000\040\000N\000e\000d\000i\000r\000?}{}% 2
\BOOKMARK [1][-]{section.0.3}{\376\377\000N\000e\000s\000n\000e\000\040\000A\000l\000g\001\061\000l\000a\000m\000a\000\040\000v\000e\000\040\000S\001\061\000n\001\061\000f\000l\000a\000n\000d\001\061\000r\000m\000a\000\040\000V\000e\000r\000i\000\040\000K\000\374\000m\000e\000l\000e\000r\000i}{}% 3
\BOOKMARK [2][-]{subsection.0.3.1}{\376\377\000D\000e\000t\000e\000c\000t\000i\000o\000n\000\040\000\050\000C\000O\000C\000O\000\051}{section.0.3}% 4
\BOOKMARK [2][-]{subsection.0.3.2}{\376\377\000D\000e\000t\000e\000c\000t\000i\000o\000n\000\040\000\050\000O\000p\000e\000n\000\040\000I\000m\000a\000g\000e\000\040\000V\0007\000\051}{section.0.3}% 5
\BOOKMARK [2][-]{subsection.0.3.3}{\376\377\000S\000e\000g\000m\000e\000n\000t\000a\000t\000i\000o\000n}{section.0.3}% 6
\BOOKMARK [1][-]{section.0.4}{\376\377\000C\000l\000a\000s\000s\000i\000f\000i\000c\000a\000t\000i\000o\000n}{}% 7
\BOOKMARK [1][-]{section.0.5}{\376\377\000S\001\061\000n\001\061\000f\000l\000a\000n\000d\001\061\000r\000m\000a\000\040\000P\000r\000o\000j\000e\000s\000i}{}% 8
\BOOKMARK [2][-]{subsection.0.5.1}{\376\377\000N\000e\000s\000n\000e\000\040\000T\000a\000n\001\061\000m\000a\000\040\000v\000e\000\040\000S\001\061\000n\001\061\000f\000l\000a\000n\000d\001\061\000r\000m\000a}{section.0.5}% 9
\BOOKMARK [2][-]{subsection.0.5.2}{\376\377\000G\000e\000r\000\347\000e\000k\000\040\000Z\000a\000m\000a\000n\000l\001\061\000\040\000U\000y\000g\000u\000l\000a\000m\000a}{section.0.5}% 10
\BOOKMARK [2][-]{subsection.0.5.3}{\376\377\000\040\000H\001\061\000z\000l\001\061\000\040\000v\000e\000\040\000D\000o\001\037\000r\000u\000\040\000T\000a\000n\001\061\000m\000a}{section.0.5}% 11
\BOOKMARK [1][-]{section.0.6}{\376\377\000O\000p\000e\000n\000C\000V\000\040\000N\000e\000d\000i\000r\000?}{}% 12
\BOOKMARK [1][-]{section.0.7}{\376\377\000O\000p\000e\000n\000C\000V\000\040\000P\000r\000o\000j\000e\000l\000e\000r\000i}{}% 13
\BOOKMARK [2][-]{subsection.0.7.1}{\376\377\000W\000e\000b\000c\000a\000m\000\040\000B\000a\001\037\000l\000a\000n\000t\001\061\000\040\000P\000r\000o\000j\000e\000s\000i}{section.0.7}% 14
\BOOKMARK [2][-]{subsection.0.7.2}{\376\377\000W\000e\000b\000c\000a\000m\000\040\000i\000l\000e\000\040\000T\000e\000l\000e\000f\000o\000n\000\040\000B\000a\001\037\000l\000a\000n\000t\001\061\000s\001\061\000\040\000K\000u\000r\000m\000a\000\040\000P\000r\000o\000j\000e\000s\000i}{section.0.7}% 15
\BOOKMARK [2][-]{subsection.0.7.3}{\376\377\000W\000e\000b\000c\000a\000m\000\040\000i\000l\000e\000\040\000N\000e\000s\000n\000e\000\040\000T\000a\000n\001\061\000m\000a\000\040\000P\000r\000o\000j\000e\000s\000i}{section.0.7}% 16
\BOOKMARK [1][-]{section.0.8}{\376\377\000P\000r\000o\000j\000e\000\040\000\307\001\061\000k\000t\001\061\000s\001\061}{}% 17
\BOOKMARK [2][-]{subsection.0.8.1}{\376\377\000N\000e\000s\000n\000e\000l\000e\000r\000i\000n\000\040\000g\000\374\000v\000e\000n\000\040\000s\000k\000o\000r\000u\000n\000u\000n\000\040\000b\000e\000l\000i\000r\000l\000e\000n\000m\000e\000s\000i\000:}{section.0.8}% 18
\BOOKMARK [2][-]{subsection.0.8.2}{\376\377\000N\000e\000s\000n\000e\000l\000e\000r\000i\000n\000\040\000g\000e\000r\000\347\000e\000k\000\040\000b\000o\000y\000u\000t\000l\000a\000r\001\061\000\040\000n\000a\000s\001\061\000l\000\040\000b\000u\000l\000u\000n\000u\000r\000?}{section.0.8}% 19
\BOOKMARK [1][-]{section.0.9}{\376\377\000N\000e\000s\000n\000e\000\040\000B\000o\000y\000u\000t\000u\000n\000u\000\040\000B\000u\000l\000m\000a\000\040\000A\000d\001\061\000m\000l\000a\000r\001\061}{}% 20
\BOOKMARK [2][-]{subsection.0.9.1}{\376\377\000A\000d\001\061\000m\000\040\0001\000:\000\040\000G\000\366\000r\000\374\000n\000t\000\374\000n\000\374\000n\000\040\000Y\000\374\000k\000l\000e\000n\000m\000e\000s\000i\000\040\000v\000e\000\040\000\326\000l\000\347\000e\000k\000l\000e\000n\000d\000i\000r\000i\000l\000m\000e\000s\000i}{section.0.9}% 21
\BOOKMARK [2][-]{subsection.0.9.2}{\376\377\000A\000d\001\061\000m\000\040\0002\000:\000\040\000\326\000n\000i\001\137\000l\000e\000m\000e\000\040\000\050\000P\000r\000e\000p\000r\000o\000c\000e\000s\000s\000i\000n\000g\000\051}{section.0.9}% 22
\BOOKMARK [2][-]{subsection.0.9.3}{\376\377\000A\000d\001\061\000m\000\040\0003\000:\000\040\000K\000o\000n\000t\000u\000r\000\040\000B\000u\000l\000m\000a\000\040\000v\000e\000\040\000K\000\366\001\137\000e\000\040\000N\000o\000k\000t\000a\000l\000a\000r\001\061\000n\001\061\000n\000\040\000T\000e\000s\000p\000i\000t\000i}{section.0.9}% 23
\BOOKMARK [2][-]{subsection.0.9.4}{\376\377\000A\000d\001\061\000m\000\040\0004\000:\000\040\000P\000e\000r\000s\000p\000e\000k\000t\000i\000f\000\040\000D\000\366\000n\000\374\001\137\000\374\000m\000\374\000\040\000\050\000W\000a\000r\000p\000i\000n\000g\000\051}{section.0.9}% 24
\BOOKMARK [2][-]{subsection.0.9.5}{\376\377\000A\000d\001\061\000m\000\040\0005\000:\000\040\000B\000o\000y\000u\000t\000l\000a\000r\001\061\000n\000\040\000H\000e\000s\000a\000p\000l\000a\000n\000m\000a\000s\001\061}{section.0.9}% 25
\BOOKMARK [2][-]{subsection.0.9.6}{\376\377\000A\000d\001\061\000m\000\040\0006\000:\000\040\000P\000i\000k\000s\000e\000l\000\040\000B\000o\000y\000u\000t\000l\000a\000r\001\061\000n\001\061\000n\000\040\000G\000e\000r\000\347\000e\000k\000\040\000B\000o\000y\000u\000t\000l\000a\000r\000a\000\040\000D\000\366\000n\000\374\001\137\000t\000\374\000r\000\374\000l\000m\000e\000s\000i}{section.0.9}% 26
\BOOKMARK [1][-]{section.0.10}{\376\377\000A\000n\000t\000r\000o\000p\000o\000m\000e\000t\000r\000i\000\040\000N\000e\000d\000i\000r\000?}{}% 27
\BOOKMARK [2][-]{subsection.0.10.1}{\376\377\000S\000t\000a\000t\000i\000k\000\040\000a\000n\000t\000r\000o\000p\000o\000m\000e\000t\000r\000i}{section.0.10}% 28
\BOOKMARK [2][-]{subsection.0.10.2}{\376\377\000D\000i\000n\000a\000m\000i\000k\000\040\000A\000n\000t\000r\000o\000p\000o\000m\000e\000t\000r\000i}{section.0.10}% 29
\BOOKMARK [2][-]{subsection.0.10.3}{\376\377\000I\000n\000s\000a\000n\000\040\000B\000e\000d\000e\000n\000i\000n\000d\000e\000\040\000A\000l\000t\001\061\000n\000\040\000O\000r\000a\000n}{section.0.10}% 30
\BOOKMARK [1][-]{section.0.11}{\376\377\000P\000r\000o\000j\000e\000l\000e\000r}{}% 31
