This is pdfTeX, Version 3.141592653-2.6-1.40.25 (MiKTeX 24.1) (preloaded format=pdflatex 2024.4.23)  25 APR 2024 21:05
entering extended mode
 restricted \write18 enabled.
 %&-line parsing enabled.
**./vize.tex
(vize.tex
LaTeX2e <2023-11-01> patch level 1
L3 programming layer <2024-03-14>
(C:\Users\Melisa\AppData\Local\Programs\MiKTeX1\tex/latex/base\report.cls
Document Class: report 2023/05/17 v1.4n Standard LaTeX document class
(C:\Users\Melisa\AppData\Local\Programs\MiKTeX1\tex/latex/base\size11.clo
File: size11.clo 2023/05/17 v1.4n Standard LaTeX file (size option)
)
\c@part=\count188
\c@chapter=\count189
\c@section=\count190
\c@subsection=\count191
\c@subsubsection=\count192
\c@paragraph=\count193
\c@subparagraph=\count194
\c@figure=\count195
\c@table=\count196
\abovecaptionskip=\skip48
\belowcaptionskip=\skip49
\bibindent=\dimen140
)
(C:\Users\Melisa\AppData\Local\Programs\MiKTeX1\tex/latex/base\fontenc.sty
Package: fontenc 2021/04/29 v2.0v Standard LaTeX package
)
(C:\Users\Melisa\AppData\Local\Programs\MiKTeX1\tex/latex/amsfonts\amssymb.sty
Package: amssymb 2013/01/14 v3.01 AMS font symbols

(C:\Users\Melisa\AppData\Local\Programs\MiKTeX1\tex/latex/amsfonts\amsfonts.sty
Package: amsfonts 2013/01/14 v3.01 Basic AMSFonts support
\@emptytoks=\toks17
\symAMSa=\mathgroup4
\symAMSb=\mathgroup5
LaTeX Font Info:    Redeclaring math symbol \hbar on input line 98.
LaTeX Font Info:    Overwriting math alphabet `\mathfrak' in version `bold'
(Font)                  U/euf/m/n --> U/euf/b/n on input line 106.
)) (C:\Users\Melisa\AppData\Local\Programs\MiKTeX1\tex/latex/amscls\amsthm.sty
Package: amsthm 2020/05/29 v2.20.6
\thm@style=\toks18
\thm@bodyfont=\toks19
\thm@headfont=\toks20
\thm@notefont=\toks21
\thm@headpunct=\toks22
\thm@preskip=\skip50
\thm@postskip=\skip51
\thm@headsep=\skip52
\dth@everypar=\toks23
) (C:\Users\Melisa\AppData\Local\Programs\MiKTeX1\tex/latex/natbib\natbib.sty
Package: natbib 2010/09/13 8.31b (PWD, AO)
\bibhang=\skip53
\bibsep=\skip54
LaTeX Info: Redefining \cite on input line 694.
\c@NAT@ctr=\count197
)
(C:\Users\Melisa\AppData\Local\Programs\MiKTeX1\tex/latex/caption\caption.sty
Package: caption 2023/08/05 v3.6o Customizing captions (AR)

(C:\Users\Melisa\AppData\Local\Programs\MiKTeX1\tex/latex/caption\caption3.sty
Package: caption3 2023/07/31 v2.4d caption3 kernel (AR)

(C:\Users\Melisa\AppData\Local\Programs\MiKTeX1\tex/latex/graphics\keyval.sty
Package: keyval 2022/05/29 v1.15 key=value parser (DPC)
\KV@toks@=\toks24
)
\caption@tempdima=\dimen141
\captionmargin=\dimen142
\caption@leftmargin=\dimen143
\caption@rightmargin=\dimen144
\caption@width=\dimen145
\caption@indent=\dimen146
\caption@parindent=\dimen147
\caption@hangindent=\dimen148
Package caption Info: Standard document class detected.
)
\c@caption@flags=\count198
\c@continuedfloat=\count199
)
(C:\Users\Melisa\AppData\Local\Programs\MiKTeX1\tex/latex/caption\subcaption.st
y
Package: subcaption 2023/07/28 v1.6b Sub-captions (AR)
Package caption Info: New subtype `subfigure' on input line 238.
\c@subfigure=\count266
Package caption Info: New subtype `subtable' on input line 238.
\c@subtable=\count267
) (C:\Users\Melisa\AppData\Local\Programs\MiKTeX1\tex/latex/url\url.sty
\Urlmuskip=\muskip16
Package: url 2013/09/16  ver 3.4  Verb mode for urls, etc.
)
(C:\Users\Melisa\AppData\Local\Programs\MiKTeX1\tex/latex/amsmath\amsmath.sty
Package: amsmath 2023/05/13 v2.17o AMS math features
\@mathmargin=\skip55

For additional information on amsmath, use the `?' option.
(C:\Users\Melisa\AppData\Local\Programs\MiKTeX1\tex/latex/amsmath\amstext.sty
Package: amstext 2021/08/26 v2.01 AMS text

(C:\Users\Melisa\AppData\Local\Programs\MiKTeX1\tex/latex/amsmath\amsgen.sty
File: amsgen.sty 1999/11/30 v2.0 generic functions
\@emptytoks=\toks25
\ex@=\dimen149
))
(C:\Users\Melisa\AppData\Local\Programs\MiKTeX1\tex/latex/amsmath\amsbsy.sty
Package: amsbsy 1999/11/29 v1.2d Bold Symbols
\pmbraise@=\dimen150
)
(C:\Users\Melisa\AppData\Local\Programs\MiKTeX1\tex/latex/amsmath\amsopn.sty
Package: amsopn 2022/04/08 v2.04 operator names
)
\inf@bad=\count268
LaTeX Info: Redefining \frac on input line 234.
\uproot@=\count269
\leftroot@=\count270
LaTeX Info: Redefining \overline on input line 399.
LaTeX Info: Redefining \colon on input line 410.
\classnum@=\count271
\DOTSCASE@=\count272
LaTeX Info: Redefining \ldots on input line 496.
LaTeX Info: Redefining \dots on input line 499.
LaTeX Info: Redefining \cdots on input line 620.
\Mathstrutbox@=\box51
\strutbox@=\box52
LaTeX Info: Redefining \big on input line 722.
LaTeX Info: Redefining \Big on input line 723.
LaTeX Info: Redefining \bigg on input line 724.
LaTeX Info: Redefining \Bigg on input line 725.
\big@size=\dimen151
LaTeX Font Info:    Redeclaring font encoding OML on input line 743.
LaTeX Font Info:    Redeclaring font encoding OMS on input line 744.
\macc@depth=\count273
LaTeX Info: Redefining \bmod on input line 905.
LaTeX Info: Redefining \pmod on input line 910.
LaTeX Info: Redefining \smash on input line 940.
LaTeX Info: Redefining \relbar on input line 970.
LaTeX Info: Redefining \Relbar on input line 971.
\c@MaxMatrixCols=\count274
\dotsspace@=\muskip17
\c@parentequation=\count275
\dspbrk@lvl=\count276
\tag@help=\toks26
\row@=\count277
\column@=\count278
\maxfields@=\count279
\andhelp@=\toks27
\eqnshift@=\dimen152
\alignsep@=\dimen153
\tagshift@=\dimen154
\tagwidth@=\dimen155
\totwidth@=\dimen156
\lineht@=\dimen157
\@envbody=\toks28
\multlinegap=\skip56
\multlinetaggap=\skip57
\mathdisplay@stack=\toks29
LaTeX Info: Redefining \[ on input line 2953.
LaTeX Info: Redefining \] on input line 2954.
)
(C:\Users\Melisa\AppData\Local\Programs\MiKTeX1\tex/latex/hyperref\hyperref.sty
Package: hyperref 2024-01-20 v7.01h Hypertext links for LaTeX
(C:\Users\Melisa\AppData\Local\Programs\MiKTeX1\tex/generic/iftex\iftex.sty
Package: iftex 2022/02/03 v1.0f TeX engine tests
)
(C:\Users\Melisa\AppData\Local\Programs\MiKTeX1\tex/latex/kvsetkeys\kvsetkeys.s
ty
Package: kvsetkeys 2022-10-05 v1.19 Key value parser (HO)
)
(C:\Users\Melisa\AppData\Local\Programs\MiKTeX1\tex/generic/kvdefinekeys\kvdefi
nekeys.sty
Package: kvdefinekeys 2019-12-19 v1.6 Define keys (HO)
)
(C:\Users\Melisa\AppData\Local\Programs\MiKTeX1\tex/generic/pdfescape\pdfescape
.sty
Package: pdfescape 2019/12/09 v1.15 Implements pdfTeX's escape features (HO)

(C:\Users\Melisa\AppData\Local\Programs\MiKTeX1\tex/generic/ltxcmds\ltxcmds.sty
Package: ltxcmds 2023-12-04 v1.26 LaTeX kernel commands for general use (HO)
)
(C:\Users\Melisa\AppData\Local\Programs\MiKTeX1\tex/generic/pdftexcmds\pdftexcm
ds.sty
Package: pdftexcmds 2020-06-27 v0.33 Utility functions of pdfTeX for LuaTeX (HO
)

(C:\Users\Melisa\AppData\Local\Programs\MiKTeX1\tex/generic/infwarerr\infwarerr
.sty
Package: infwarerr 2019/12/03 v1.5 Providing info/warning/error messages (HO)
)
Package pdftexcmds Info: \pdf@primitive is available.
Package pdftexcmds Info: \pdf@ifprimitive is available.
Package pdftexcmds Info: \pdfdraftmode found.
))
(C:\Users\Melisa\AppData\Local\Programs\MiKTeX1\tex/latex/hycolor\hycolor.sty
Package: hycolor 2020-01-27 v1.10 Color options for hyperref/bookmark (HO)
)
(C:\Users\Melisa\AppData\Local\Programs\MiKTeX1\tex/latex/auxhook\auxhook.sty
Package: auxhook 2019-12-17 v1.6 Hooks for auxiliary files (HO)
)
(C:\Users\Melisa\AppData\Local\Programs\MiKTeX1\tex/latex/hyperref\nameref.sty
Package: nameref 2023-11-26 v2.56 Cross-referencing by name of section

(C:\Users\Melisa\AppData\Local\Programs\MiKTeX1\tex/latex/refcount\refcount.sty
Package: refcount 2019/12/15 v3.6 Data extraction from label references (HO)
)
(C:\Users\Melisa\AppData\Local\Programs\MiKTeX1\tex/generic/gettitlestring\gett
itlestring.sty
Package: gettitlestring 2019/12/15 v1.6 Cleanup title references (HO)

(C:\Users\Melisa\AppData\Local\Programs\MiKTeX1\tex/latex/kvoptions\kvoptions.s
ty
Package: kvoptions 2022-06-15 v3.15 Key value format for package options (HO)
))
\c@section@level=\count280
)
(C:\Users\Melisa\AppData\Local\Programs\MiKTeX1\tex/latex/etoolbox\etoolbox.sty
Package: etoolbox 2020/10/05 v2.5k e-TeX tools for LaTeX (JAW)
\etb@tempcnta=\count281
)
\@linkdim=\dimen158
\Hy@linkcounter=\count282
\Hy@pagecounter=\count283
 (C:\Users\Melisa\AppData\Local\Programs\MiKTeX1\tex/latex/hyperref\pd1enc.def
File: pd1enc.def 2024-01-20 v7.01h Hyperref: PDFDocEncoding definition (HO)
Now handling font encoding PD1 ...
... no UTF-8 mapping file for font encoding PD1
)
(C:\Users\Melisa\AppData\Local\Programs\MiKTeX1\tex/generic/intcalc\intcalc.sty
Package: intcalc 2019/12/15 v1.3 Expandable calculations with integers (HO)
)
\Hy@SavedSpaceFactor=\count284
 (C:\Users\Melisa\AppData\Local\Programs\MiKTeX1\tex/latex/hyperref\puenc.def
File: puenc.def 2024-01-20 v7.01h Hyperref: PDF Unicode definition (HO)
Now handling font encoding PU ...
... no UTF-8 mapping file for font encoding PU
)
Package hyperref Info: Hyper figures OFF on input line 4179.
Package hyperref Info: Link nesting OFF on input line 4184.
Package hyperref Info: Hyper index ON on input line 4187.
Package hyperref Info: Plain pages OFF on input line 4194.
Package hyperref Info: Backreferencing OFF on input line 4199.
Package hyperref Info: Implicit mode ON; LaTeX internals redefined.
Package hyperref Info: Bookmarks ON on input line 4446.
\c@Hy@tempcnt=\count285
LaTeX Info: Redefining \url on input line 4784.
\XeTeXLinkMargin=\dimen159
(C:\Users\Melisa\AppData\Local\Programs\MiKTeX1\tex/generic/bitset\bitset.sty
Package: bitset 2019/12/09 v1.3 Handle bit-vector datatype (HO)

(C:\Users\Melisa\AppData\Local\Programs\MiKTeX1\tex/generic/bigintcalc\bigintca
lc.sty
Package: bigintcalc 2019/12/15 v1.5 Expandable calculations on big integers (HO
)
))
\Fld@menulength=\count286
\Field@Width=\dimen160
\Fld@charsize=\dimen161
Package hyperref Info: Hyper figures OFF on input line 6063.
Package hyperref Info: Link nesting OFF on input line 6068.
Package hyperref Info: Hyper index ON on input line 6071.
Package hyperref Info: backreferencing OFF on input line 6078.
Package hyperref Info: Link coloring OFF on input line 6083.
Package hyperref Info: Link coloring with OCG OFF on input line 6088.
Package hyperref Info: PDF/A mode OFF on input line 6093.

(C:\Users\Melisa\AppData\Local\Programs\MiKTeX1\tex/latex/base\atbegshi-ltx.sty
Package: atbegshi-ltx 2021/01/10 v1.0c Emulation of the original atbegshi
package with kernel methods
)
\Hy@abspage=\count287
\c@Item=\count288
\c@Hfootnote=\count289
)
Package hyperref Info: Driver (autodetected): hpdftex.

(C:\Users\Melisa\AppData\Local\Programs\MiKTeX1\tex/latex/hyperref\hpdftex.def
File: hpdftex.def 2024-01-20 v7.01h Hyperref driver for pdfTeX

(C:\Users\Melisa\AppData\Local\Programs\MiKTeX1\tex/latex/base\atveryend-ltx.st
y
Package: atveryend-ltx 2020/08/19 v1.0a Emulation of the original atveryend pac
kage
with kernel methods
)
\Fld@listcount=\count290
\c@bookmark@seq@number=\count291

(C:\Users\Melisa\AppData\Local\Programs\MiKTeX1\tex/latex/rerunfilecheck\rerunf
ilecheck.sty
Package: rerunfilecheck 2022-07-10 v1.10 Rerun checks for auxiliary files (HO)

(C:\Users\Melisa\AppData\Local\Programs\MiKTeX1\tex/generic/uniquecounter\uniqu
ecounter.sty
Package: uniquecounter 2019/12/15 v1.4 Provide unlimited unique counter (HO)
)
Package uniquecounter Info: New unique counter `rerunfilecheck' on input line 2
85.
)
\Hy@SectionHShift=\skip58
)
(C:\Users\Melisa\AppData\Local\Programs\MiKTeX1\tex/latex/base\inputenc.sty
Package: inputenc 2021/02/14 v1.3d Input encoding file
\inpenc@prehook=\toks30
\inpenc@posthook=\toks31
)
(C:\Users\Melisa\AppData\Local\Programs\MiKTeX1\tex/latex/graphics\graphicx.sty
Package: graphicx 2021/09/16 v1.2d Enhanced LaTeX Graphics (DPC,SPQR)

(C:\Users\Melisa\AppData\Local\Programs\MiKTeX1\tex/latex/graphics\graphics.sty
Package: graphics 2022/03/10 v1.4e Standard LaTeX Graphics (DPC,SPQR)
(C:\Users\Melisa\AppData\Local\Programs\MiKTeX1\tex/latex/graphics\trig.sty
Package: trig 2021/08/11 v1.11 sin cos tan (DPC)
)
(C:\Users\Melisa\AppData\Local\Programs\MiKTeX1\tex/latex/graphics-cfg\graphics
.cfg
File: graphics.cfg 2016/06/04 v1.11 sample graphics configuration
)
Package graphics Info: Driver file: pdftex.def on input line 107.

(C:\Users\Melisa\AppData\Local\Programs\MiKTeX1\tex/latex/graphics-def\pdftex.d
ef
File: pdftex.def 2024/04/13 v1.2c Graphics/color driver for pdftex
))
\Gin@req@height=\dimen162
\Gin@req@width=\dimen163
)
(C:\Users\Melisa\AppData\Local\Programs\MiKTeX1\tex/latex/pdflscape\pdflscape.s
ty
Package: pdflscape 2022-10-27 v0.13 Display of landscape pages in PDF

(C:\Users\Melisa\AppData\Local\Programs\MiKTeX1\tex/latex/pdflscape\pdflscape-n
ometadata.sty
Package: pdflscape-nometadata 2022-10-28 v0.13 Display of landscape pages in PD
F (HO)

(C:\Users\Melisa\AppData\Local\Programs\MiKTeX1\tex/latex/graphics\lscape.sty
Package: lscape 2020/05/28 v3.02 Landscape Pages (DPC)
)
Package pdflscape Info: Auto-detected driver: pdftex on input line 81.
))
(C:\Users\Melisa\AppData\Local\Programs\MiKTeX1\tex/latex/datetime\datetime.sty
Package: datetime 2015/03/20 v2.60 Date Time Package

(C:\Users\Melisa\AppData\Local\Programs\MiKTeX1\tex/latex/fmtcount\fmtcount.sty
Package: fmtcount 2020/01/30 v3.07
(C:\Users\Melisa\AppData\Local\Programs\MiKTeX1\tex/latex/base\ifthen.sty
Package: ifthen 2022/04/13 v1.1d Standard LaTeX ifthen package (DPC)
)
(C:\Users\Melisa\AppData\Local\Programs\MiKTeX1\tex/latex/xkeyval\xkeyval.sty
Package: xkeyval 2022/06/16 v2.9 package option processing (HA)

(C:\Users\Melisa\AppData\Local\Programs\MiKTeX1\tex/generic/xkeyval\xkeyval.tex

(C:\Users\Melisa\AppData\Local\Programs\MiKTeX1\tex/generic/xkeyval\xkvutils.te
x
\XKV@toks=\toks32
\XKV@tempa@toks=\toks33
)
\XKV@depth=\count292
File: xkeyval.tex 2014/12/03 v2.7a key=value parser (HA)
))
(C:\Users\Melisa\AppData\Local\Programs\MiKTeX1\tex/latex/fmtcount\fcprefix.sty
Package: fcprefix 2012/09/28

(C:\Users\Melisa\AppData\Local\Programs\MiKTeX1\tex/latex/fmtcount\fcnumparser.
sty
Package: fcnumparser 2017/06/15
\fc@digit@counter=\count293
))
\c@padzeroesN=\count294
\fc@tmpcatcode=\count295
\@DT@modctr=\count296
\@ordinalctr=\count297
\@orgargctr=\count298
\@strctr=\count299
\@tmpstrctr=\count300
\@DT@loopN=\count301
\@DT@X=\count302
)
(C:\Users\Melisa\AppData\Local\Programs\MiKTeX1\tex/latex/datetime\datetime-def
aults.sty
Package: datetime-defaults 2013/09/10
)
\@day=\count303
\@month=\count304
\@year=\count305
\c@HOUR=\count306
\c@HOURXII=\count307
\c@MINUTE=\count308
\c@TOHOUR=\count309
\c@TOMINUTE=\count310
\c@SECOND=\count311
\currenthour=\count312
\currentminute=\count313
\currentsecond=\count314
Package datetime Info: No datetime.cfg file found, using default settings on in
put line 308.
\@dtctr=\count315
\dayofyear=\count316
\dayofweek=\count317
LaTeX Info: Redefining \today on input line 736.
\dt@a=\toks34
\dt@b=\toks35
)
(C:\Users\Melisa\AppData\Local\Programs\MiKTeX1\tex/latex/l3backend\l3backend-p
dftex.def
File: l3backend-pdftex.def 2024-03-14 L3 backend support: PDF output (pdfTeX)
\l__color_backend_stack_int=\count318
\l__pdf_internal_box=\box53
) (vize.aux

LaTeX Warning: Label `fig:ornek2' multiply defined.


LaTeX Warning: Label `fig:ornek3' multiply defined.


LaTeX Warning: Label `boyutbulma1' multiply defined.


LaTeX Warning: Label `boyutbulma2' multiply defined.


LaTeX Warning: Label `boyutbulma3' multiply defined.


LaTeX Warning: Label `el-nesne-boyutlar' multiply defined.

)
\openout1 = `vize.aux'.

LaTeX Font Info:    Checking defaults for OML/cmm/m/it on input line 35.
LaTeX Font Info:    ... okay on input line 35.
LaTeX Font Info:    Checking defaults for OMS/cmsy/m/n on input line 35.
LaTeX Font Info:    ... okay on input line 35.
LaTeX Font Info:    Checking defaults for OT1/cmr/m/n on input line 35.
LaTeX Font Info:    ... okay on input line 35.
LaTeX Font Info:    Checking defaults for T1/cmr/m/n on input line 35.
LaTeX Font Info:    ... okay on input line 35.
LaTeX Font Info:    Checking defaults for TS1/cmr/m/n on input line 35.
LaTeX Font Info:    ... okay on input line 35.
LaTeX Font Info:    Checking defaults for OMX/cmex/m/n on input line 35.
LaTeX Font Info:    ... okay on input line 35.
LaTeX Font Info:    Checking defaults for U/cmr/m/n on input line 35.
LaTeX Font Info:    ... okay on input line 35.
LaTeX Font Info:    Checking defaults for PD1/pdf/m/n on input line 35.
LaTeX Font Info:    ... okay on input line 35.
LaTeX Font Info:    Checking defaults for PU/pdf/m/n on input line 35.
LaTeX Font Info:    ... okay on input line 35.
Package caption Info: Begin \AtBeginDocument code.
Package caption Info: hyperref package is loaded.
Package caption Info: End \AtBeginDocument code.
Package hyperref Info: Link coloring OFF on input line 35.
 (vize.out) (vize.out)
\@outlinefile=\write3
\openout3 = `vize.out'.


(C:\Users\Melisa\AppData\Local\Programs\MiKTeX1\tex/context/base/mkii\supp-pdf.
mkii
[Loading MPS to PDF converter (version 2006.09.02).]
\scratchcounter=\count319
\scratchdimen=\dimen164
\scratchbox=\box54
\nofMPsegments=\count320
\nofMParguments=\count321
\everyMPshowfont=\toks36
\MPscratchCnt=\count322
\MPscratchDim=\dimen165
\MPnumerator=\count323
\makeMPintoPDFobject=\count324
\everyMPtoPDFconversion=\toks37
)
(C:\Users\Melisa\AppData\Local\Programs\MiKTeX1\tex/latex/epstopdf-pkg\epstopdf
-base.sty
Package: epstopdf-base 2020-01-24 v2.11 Base part for package epstopdf

(C:\Users\Melisa\AppData\Local\Programs\MiKTeX1\tex/latex/grfext\grfext.sty
Package: grfext 2019/12/03 v1.3 Manage graphics extensions (HO)
)
Package epstopdf-base Info: Redefining graphics rule for `.eps' on input line 4
85.
Package grfext Info: Graphics extension search list:
(grfext)             [.pdf,.png,.jpg,.mps,.jpeg,.jbig2,.jb2,.PDF,.PNG,.JPG,.JPE
G,.JBIG2,.JB2,.eps]
(grfext)             \AppendGraphicsExtensions on input line 504.

(C:\Users\Melisa\AppData\Local\Programs\MiKTeX1\tex/latex/00miktex\epstopdf-sys
.cfg
File: epstopdf-sys.cfg 2021/03/18 v2.0 Configuration of epstopdf for MiKTeX
))
(C:\Users\Melisa\AppData\Local\Programs\MiKTeX1\tex/latex/fmtcount\fc-english.d
ef
File: fc-english.def 2016/01/12
)
<./images/ksbu.jpg, id=127, 170.6375pt x 171.64125pt>
File: ./images/ksbu.jpg Graphic file (type jpg)
<use ./images/ksbu.jpg>
Package pdftex.def Info: ./images/ksbu.jpg  used on input line 41.
(pdftex.def)             Requested size: 170.63707pt x 171.64081pt.
LaTeX Font Info:    Trying to load font information for U+msa on input line 43.

 (C:\Users\Melisa\AppData\Local\Programs\MiKTeX1\tex/latex/amsfonts\umsa.fd
File: umsa.fd 2013/01/14 v3.01 AMS symbols A
)
LaTeX Font Info:    Trying to load font information for U+msb on input line 43.

(C:\Users\Melisa\AppData\Local\Programs\MiKTeX1\tex/latex/amsfonts\umsb.fd
File: umsb.fd 2013/01/14 v3.01 AMS symbols B
)
[1

{C:/Users/Melisa/AppData/Local/MiKTeX/fonts/map/pdftex/pdftex.map} <./images/ks
bu.jpg>] [2] [3] [4]
<./images/matris.png, id=160, 306.39468pt x 259.7203pt>
File: ./images/matris.png Graphic file (type png)
<use ./images/matris.png>
Package pdftex.def Info: ./images/matris.png  used on input line 96.
(pdftex.def)             Requested size: 270.0pt x 228.8835pt.
 [5 <./images/matris.png>]
<./images/yolo.png, id=170, 529.98pt x 205.5178pt>
File: ./images/yolo.png Graphic file (type png)
<use ./images/yolo.png>
Package pdftex.def Info: ./images/yolo.png  used on input line 128.
(pdftex.def)             Requested size: 360.0pt x 139.60286pt.
 [6 <./images/yolo.png>]
<./images/nesnetanıma1.jpg, id=177, 516.93124pt x 387.4475pt>
File: ./images/nesnetanıma1.jpg Graphic file (type jpg)
<use ./images/nesnetanıma1.jpg>
Package pdftex.def Info: ./images/nesnetanıma1.jpg  used on input line 136.
(pdftex.def)             Requested size: 360.0pt x 269.83391pt.
<./images/nesne-tanıma2.png, id=179, 1392.20125pt x 380.42125pt>
File: ./images/nesne-tanıma2.png Graphic file (type png)
<use ./images/nesne-tanıma2.png>
Package pdftex.def Info: ./images/nesne-tanıma2.png  used on input line 146.
(pdftex.def)             Requested size: 468.0011pt x 127.87871pt.

Overfull \hbox (108.0011pt too wide) in paragraph at lines 146--148
 [][] 
 []

[7 <./images/nesnetanıma1.jpg> <./images/nesne-tanıma2.png>] [8]
<./images/banner-tasks.png, id=197, 1927.2pt x 481.8pt>
File: ./images/banner-tasks.png Graphic file (type png)
<use ./images/banner-tasks.png>
Package pdftex.def Info: ./images/banner-tasks.png  used on input line 198.
(pdftex.def)             Requested size: 360.0pt x 89.9991pt.
 [9 <./images/banner-tasks.png>]
<./images/segmentation-1.jpg, id=207, 803.0pt x 602.25pt>
File: ./images/segmentation-1.jpg Graphic file (type jpg)
<use ./images/segmentation-1.jpg>
Package pdftex.def Info: ./images/segmentation-1.jpg  used on input line 226.
(pdftex.def)             Requested size: 360.0pt x 270.00833pt.
 [10 <./images/segmentation-1.jpg>]
<./images/compvision.png, id=214, 697.60625pt x 390.45876pt>
File: ./images/compvision.png Graphic file (type png)
<use ./images/compvision.png>
Package pdftex.def Info: ./images/compvision.png  used on input line 242.
(pdftex.def)             Requested size: 360.0pt x 201.49661pt.
 [11 <./images/compvision.png (PNG copy)>]
<./images/örnek1.jpg, id=221, 1798.72pt x 1798.72pt>
File: ./images/örnek1.jpg Graphic file (type jpg)
<use ./images/örnek1.jpg>
Package pdftex.def Info: ./images/örnek1.jpg  used on input line 261.
(pdftex.def)             Requested size: 288.0011pt x 287.99321pt.
<./images/örnek2.png, id=222, 486.31688pt x 418.56375pt>
File: ./images/örnek2.png Graphic file (type png)
<use ./images/örnek2.png>
Package pdftex.def Info: ./images/örnek2.png  used on input line 268.
(pdftex.def)             Requested size: 288.0011pt x 247.87654pt.
 [12

 <./images/örnek1.jpg> <./images/örnek2.png>] [13]
[14]
<./images/webcam-baglantisi.png, id=241, 319.94531pt x 382.42876pt>
File: ./images/webcam-baglantisi.png Graphic file (type png)
<use ./images/webcam-baglantisi.png>
Package pdftex.def Info: ./images/webcam-baglantisi.png  used on input line 302
.
(pdftex.def)             Requested size: 270.0pt x 322.73181pt.
 [15 <./images/webcam-baglantisi.png>]
<./images/webcam-telefon-baglama3.png, id=250, 624.08156pt x 456.20438pt>
File: ./images/webcam-telefon-baglama3.png Graphic file (type png)
<use ./images/webcam-telefon-baglama3.png>
Package pdftex.def Info: ./images/webcam-telefon-baglama3.png  used on input li
ne 345.
(pdftex.def)             Requested size: 360.0pt x 263.16472pt.


LaTeX Warning: `!h' float specifier changed to `!ht'.

[16] [17 <./images/webcam-telefon-baglama3.png>]
<./images/webcam-telefon-tanima.png, id=262, 480.29437pt x 442.65375pt>
File: ./images/webcam-telefon-tanima.png Graphic file (type png)
<use ./images/webcam-telefon-tanima.png>
Package pdftex.def Info: ./images/webcam-telefon-tanima.png  used on input line
 358.
(pdftex.def)             Requested size: 251.9989pt x 232.25484pt.
LaTeX Font Info:    Trying to load font information for T1+cmtt on input line 3
67.

(C:\Users\Melisa\AppData\Local\Programs\MiKTeX1\tex/latex/base\t1cmtt.fd
File: t1cmtt.fd 2023/04/13 v2.5m Standard LaTeX font definitions
)
[18 <./images/webcam-telefon-tanima.png>]
<./images/nesne tanıma-1.png, id=271, 569.12625pt x 453.94594pt>
File: ./images/nesne tanıma-1.png Graphic file (type png)
<use ./images/nesne tanıma-1.png>
Package pdftex.def Info: ./images/nesne tanıma-1.png  used on input line 392.
(pdftex.def)             Requested size: 161.9989pt x 129.21661pt.
<./images/nesne tanıma-2.png, id=272, 423.83344pt x 377.15906pt>
File: ./images/nesne tanıma-2.png Graphic file (type png)
<use ./images/nesne tanıma-2.png>
Package pdftex.def Info: ./images/nesne tanıma-2.png  used on input line 399.
(pdftex.def)             Requested size: 161.9989pt x 144.1564pt.
<./images/nesne tanıma-3.png, id=273, 499.8675pt x 398.23781pt>
File: ./images/nesne tanıma-3.png Graphic file (type png)
<use ./images/nesne tanıma-3.png>
Package pdftex.def Info: ./images/nesne tanıma-3.png  used on input line 408.
(pdftex.def)             Requested size: 180.0pt x 143.40195pt.
 [19

 <./images/nesne tanıma-1.png> <./images/nesne tanıma-2.png> <./images/nesne 
tanıma-3.png>] [20] [21]

Package natbib Warning: Citation `Nesne-Boyutunu-Bulma-Adımları' on page 22 u
ndefined on input line 495.

[22]
<./images/nesne-1-orijinal.png, id=301, 287.57437pt x 539.76656pt>
File: ./images/nesne-1-orijinal.png Graphic file (type png)
<use ./images/nesne-1-orijinal.png>
Package pdftex.def Info: ./images/nesne-1-orijinal.png  used on input line 503.

(pdftex.def)             Requested size: 109.97925pt x 206.42297pt.
<./images/nesne-1-siyah.png, id=302, 322.20375pt x 541.27219pt>
File: ./images/nesne-1-siyah.png Graphic file (type png)
<use ./images/nesne-1-siyah.png>
Package pdftex.def Info: ./images/nesne-1-siyah.png  used on input line 508.
(pdftex.def)             Requested size: 109.97925pt x 184.75691pt.
<./images/nesne-1-siyah-beyaz.png, id=303, 322.95656pt x 542.025pt>
File: ./images/nesne-1-siyah-beyaz.png Graphic file (type png)
<use ./images/nesne-1-siyah-beyaz.png>
Package pdftex.def Info: ./images/nesne-1-siyah-beyaz.png  used on input line 5
14.
(pdftex.def)             Requested size: 109.97925pt x 184.57553pt.
<./images/nesne-1-a4.png, id=304, 384.6872pt x 559.33969pt>
File: ./images/nesne-1-a4.png Graphic file (type png)
<use ./images/nesne-1-a4.png>
Package pdftex.def Info: ./images/nesne-1-a4.png  used on input line 519.
(pdftex.def)             Requested size: 109.97925pt x 159.90848pt.
<./images/nesne-1-cerceve.png, id=305, 493.0922pt x 574.39594pt>
File: ./images/nesne-1-cerceve.png Graphic file (type png)
<use ./images/nesne-1-cerceve.png>
Package pdftex.def Info: ./images/nesne-1-cerceve.png  used on input line 524.
(pdftex.def)             Requested size: 109.97925pt x 128.11163pt.
<./images/boyut-bulma-sonuc-1.png, id=306, 503.63156pt x 569.87906pt>
File: ./images/boyut-bulma-sonuc-1.png Graphic file (type png)
<use ./images/boyut-bulma-sonuc-1.png>
Package pdftex.def Info: ./images/boyut-bulma-sonuc-1.png  used on input line 5
29.
(pdftex.def)             Requested size: 109.97925pt x 124.44334pt.


LaTeX Warning: Float too large for page by 19.70984pt on input line 533.


LaTeX Warning: `!h' float specifier changed to `!ht'.

[23 <./images/nesne-1-orijinal.png> <./images/nesne-1-siyah.png> <./images/nesn
e-1-siyah-beyaz.png> <./images/nesne-1-a4.png> <./images/nesne-1-cerceve.png> <
./images/boyut-bulma-sonuc-1.png>]
<./images/nesne-3-orijinal.png, id=318, 318.43968pt x 536.0025pt>
File: ./images/nesne-3-orijinal.png Graphic file (type png)
<use ./images/nesne-3-orijinal.png>
Package pdftex.def Info: ./images/nesne-3-orijinal.png  used on input line 544.

(pdftex.def)             Requested size: 109.97925pt x 185.11734pt.
<./images/nesne-3-siyah.png, id=319, 304.88907pt x 539.01375pt>
File: ./images/nesne-3-siyah.png Graphic file (type png)
<use ./images/nesne-3-siyah.png>
Package pdftex.def Info: ./images/nesne-3-siyah.png  used on input line 549.
(pdftex.def)             Requested size: 109.97925pt x 194.43135pt.
<./images/nesne-3-siyah-beyaz.png, id=320, 307.90031pt x 547.2947pt>
File: ./images/nesne-3-siyah-beyaz.png Graphic file (type png)
<use ./images/nesne-3-siyah-beyaz.png>
Package pdftex.def Info: ./images/nesne-3-siyah-beyaz.png  used on input line 5
54.
(pdftex.def)             Requested size: 109.97925pt x 195.48935pt.
<./images/nesne-3-a4.png, id=321, 294.34969pt x 532.99126pt>
File: ./images/nesne-3-a4.png Graphic file (type png)
<use ./images/nesne-3-a4.png>
Package pdftex.def Info: ./images/nesne-3-a4.png  used on input line 559.
(pdftex.def)             Requested size: 109.97925pt x 199.14742pt.
<./images/nesne-3-cerceve.png, id=322, 500.62032pt x 572.89032pt>
File: ./images/nesne-3-cerceve.png Graphic file (type png)
<use ./images/nesne-3-cerceve.png>
Package pdftex.def Info: ./images/nesne-3-cerceve.png  used on input line 564.
(pdftex.def)             Requested size: 109.97925pt x 125.85268pt.
<./images/boyut-bulma-sonuc-3.png, id=323, 471.26062pt x 571.38469pt>
File: ./images/boyut-bulma-sonuc-3.png Graphic file (type png)
<use ./images/boyut-bulma-sonuc-3.png>
Package pdftex.def Info: ./images/boyut-bulma-sonuc-3.png  used on input line 5
69.
(pdftex.def)             Requested size: 109.97925pt x 133.34251pt.


LaTeX Warning: Float too large for page by 27.52098pt on input line 573.


LaTeX Warning: `!h' float specifier changed to `!ht'.

[24 <./images/nesne-3-orijinal.png> <./images/nesne-3-siyah.png> <./images/nesn
e-3-siyah-beyaz.png> <./images/nesne-3-a4.png> <./images/nesne-3-cerceve.png> <
./images/boyut-bulma-sonuc-3.png>]
<./images/nesne-2-orijinal.png, id=335, 285.31593pt x 459.21562pt>
File: ./images/nesne-2-orijinal.png Graphic file (type png)
<use ./images/nesne-2-orijinal.png>
Package pdftex.def Info: ./images/nesne-2-orijinal.png  used on input line 581.

(pdftex.def)             Requested size: 109.97925pt x 177.01227pt.
<./images/nesne-2-siyah.png, id=336, 305.64188pt x 435.87843pt>
File: ./images/nesne-2-siyah.png Graphic file (type png)
<use ./images/nesne-2-siyah.png>
Package pdftex.def Info: ./images/nesne-2-siyah.png  used on input line 586.
(pdftex.def)             Requested size: 109.97925pt x 156.8363pt.
<./images/nesne-2-siyah-beyaz.png, id=337, 334.24875pt x 440.39531pt>
File: ./images/nesne-2-siyah-beyaz.png Graphic file (type png)
<use ./images/nesne-2-siyah-beyaz.png>
Package pdftex.def Info: ./images/nesne-2-siyah-beyaz.png  used on input line 5
91.
(pdftex.def)             Requested size: 109.97925pt x 144.90755pt.
<./images/nesne-2-a4.png, id=338, 310.91156pt x 411.03563pt>
File: ./images/nesne-2-a4.png Graphic file (type png)
<use ./images/nesne-2-a4.png>
Package pdftex.def Info: ./images/nesne-2-a4.png  used on input line 596.
(pdftex.def)             Requested size: 109.97925pt x 145.39496pt.
<./images/nesne-2-cerceve.png, id=339, 511.9125pt x 541.27219pt>
File: ./images/nesne-2-cerceve.png Graphic file (type png)
<use ./images/nesne-2-cerceve.png>
Package pdftex.def Info: ./images/nesne-2-cerceve.png  used on input line 601.
(pdftex.def)             Requested size: 109.97925pt x 116.2804pt.
<./images/boyut-bulma-sonuc-2.png, id=340, 478.03593pt x 566.115pt>
File: ./images/boyut-bulma-sonuc-2.png Graphic file (type png)
<use ./images/boyut-bulma-sonuc-2.png>
Package pdftex.def Info: ./images/boyut-bulma-sonuc-2.png  used on input line 6
06.
(pdftex.def)             Requested size: 109.97925pt x 130.23827pt.
 [25



 <./images/nesne-2-orijinal.png> <./images/nesne-2-siyah.png> <./images/nesne-2
-siyah-beyaz.png> <./images/nesne-2-a4.png> <./images/nesne-2-cerceve.png> <./i
mages/boyut-bulma-sonuc-2.png>]

Package natbib Warning: Citation `antropometrinedir' on page 26 undefined on in
put line 615.

[26

]
<./images/el.png, id=357, 265.74281pt x 118.94438pt>
File: ./images/el.png Graphic file (type png)
<use ./images/el.png>
Package pdftex.def Info: ./images/el.png  used on input line 639.
(pdftex.def)             Requested size: 360.0pt x 161.14693pt.
 [27 <./images/el.png>]
<./images/parmak.png, id=365, 283.81032pt x 78.2925pt>
File: ./images/parmak.png Graphic file (type png)
<use ./images/parmak.png>
Package pdftex.def Info: ./images/parmak.png  used on input line 650.
(pdftex.def)             Requested size: 251.9989pt x 69.52pt.
<./images/el-boyut.png, id=367, 941.76843pt x 539.01375pt>
File: ./images/el-boyut.png Graphic file (type png)
<use ./images/el-boyut.png>
Package pdftex.def Info: ./images/el-boyut.png  used on input line 662.
(pdftex.def)             Requested size: 360.0pt x 206.0446pt.
<./images/el boyut kod2.png, id=369, 436.63126pt x 488.57532pt>
File: ./images/el boyut kod2.png Graphic file (type png)
<use ./images/el boyut kod2.png>
Package pdftex.def Info: ./images/el boyut kod2.png  used on input line 671.
(pdftex.def)             Requested size: 233.9978pt x 261.83624pt.


LaTeX Warning: `!h' float specifier changed to `!ht'.

<./images/tırnak.png, id=370, 951.555pt x 560.0925pt>
File: ./images/tırnak.png Graphic file (type png)
<use ./images/tırnak.png>
Package pdftex.def Info: ./images/tırnak.png  used on input line 677.
(pdftex.def)             Requested size: 360.0pt x 211.89726pt.

LaTeX Warning: `!h' float specifier changed to `!ht'.

<./images/tırnak-kod2.png, id=372, 358.33875pt x 484.81125pt>
File: ./images/tırnak-kod2.png Graphic file (type png)
<use ./images/tırnak-kod2.png>
Package pdftex.def Info: ./images/tırnak-kod2.png  used on input line 685.
(pdftex.def)             Requested size: 360.0pt x 487.08852pt.

LaTeX Warning: `!h' float specifier changed to `!ht'.

<./images/hatalı-el.png, id=373, 414.79968pt x 568.37344pt>
File: ./images/hatalı-el.png Graphic file (type png)
<use ./images/hatalı-el.png>
Package pdftex.def Info: ./images/hatalı-el.png  used on input line 693.
(pdftex.def)             Requested size: 161.9989pt x 221.97696pt.
<./images/hatalı-olcum-1.png, id=374, 417.05812pt x 572.1375pt>
File: ./images/hatalı-olcum-1.png Graphic file (type png)
<use ./images/hatalı-olcum-1.png>
Package pdftex.def Info: ./images/hatalı-olcum-1.png  used on input line 700.
(pdftex.def)             Requested size: 161.9989pt x 222.23352pt.
<./images/hatalı-olcum-2.png, id=375, 442.65375pt x 572.1375pt>
File: ./images/hatalı-olcum-2.png Graphic file (type png)
<use ./images/hatalı-olcum-2.png>
Package pdftex.def Info: ./images/hatalı-olcum-2.png  used on input line 709.
(pdftex.def)             Requested size: 180.0pt x 232.65726pt.

LaTeX Warning: `!h' float specifier changed to `!ht'.


Package natbib Warning: Citation `youtube' on page 28 undefined on input line 7
19.

(vize.bbl [28 <./images/parmak.png> <./images/el-boyut.png>] [29 <./images/el b
oyut kod2.png> <./images/tırnak.png>] [30 <./images/tırnak-kod2.png>]
[31 <./images/hatalı-el.png> <./images/hatalı-olcum-1.png> <./images/hatalı-
olcum-2.png>])

Package natbib Warning: There were undefined citations.

[32

] (vize.aux)
 ***********
LaTeX2e <2023-11-01> patch level 1
L3 programming layer <2024-03-14>
 ***********


LaTeX Warning: There were multiply-defined labels.

Package rerunfilecheck Info: File `vize.out' has not changed.
(rerunfilecheck)             Checksum: 6BA2C4926A6745414A7AC57CB6154A5C;6389.
 ) 
Here is how much of TeX's memory you used:
 13462 strings out of 474424
 219727 string characters out of 5740798
 1936496 words of memory out of 5000000
 35517 multiletter control sequences out of 15000+600000
 577803 words of font info for 85 fonts, out of 8000000 for 9000
 1141 hyphenation exceptions out of 8191
 75i,8n,79p,1365b,611s stack positions out of 10000i,1000n,20000p,200000b,200000s
 <C:\Users\Melisa\AppData\Local\MiKTeX\fonts/pk/ljfour/jknappen/ec/dpi600\ect
i1095.pk> <C:\Users\Melisa\AppData\Local\MiKTeX\fonts/pk/ljfour/jknappen/ec/dpi
600\ecbx2488.pk> <C:\Users\Melisa\AppData\Local\MiKTeX\fonts/pk/ljfour/jknappen
/ec/dpi600\ectt1095.pk> <C:\Users\Melisa\AppData\Local\MiKTeX\fonts/pk/ljfour/j
knappen/ec/dpi600\ecrm1000.pk> <C:\Users\Melisa\AppData\Local\MiKTeX\fonts/pk/l
jfour/jknappen/ec/dpi600\ecbx1200.pk> <C:\Users\Melisa\AppData\Local\MiKTeX\fon
ts/pk/ljfour/jknappen/ec/dpi600\ecrm0900.pk> <C:\Users\Melisa\AppData\Local\MiK
TeX\fonts/pk/ljfour/jknappen/ec/dpi600\ecrm0600.pk> <C:\Users\Melisa\AppData\Lo
cal\MiKTeX\fonts/pk/ljfour/jknappen/ec/dpi600\ecrm0800.pk> <C:\Users\Melisa\App
Data\Local\MiKTeX\fonts/pk/ljfour/jknappen/ec/dpi600\tcrm1095.pk> <C:\Users\Mel
isa\AppData\Local\MiKTeX\fonts/pk/ljfour/jknappen/ec/dpi600\ecrm1095.pk> <C:\Us
ers\Melisa\AppData\Local\MiKTeX\fonts/pk/ljfour/jknappen/ec/dpi600\ecbx1440.pk>
 <C:\Users\Melisa\AppData\Local\MiKTeX\fonts/pk/ljfour/jknappen/ec/dpi600\ecrm1
200.pk> <C:\Users\Melisa\AppData\Local\MiKTeX\fonts/pk/ljfour/jknappen/ec/dpi60
0\ecrm1728.pk> <C:\Users\Melisa\AppData\Local\MiKTeX\fonts/pk/ljfour/jknappen/e
c/dpi600\ecbx1095.pk><C:/Users/Melisa/AppData/Local/Programs/MiKTeX1/fonts/type
1/public/amsfonts/cm/cmex10.pfb><C:/Users/Melisa/AppData/Local/Programs/MiKTeX1
/fonts/type1/public/amsfonts/cm/cmmi10.pfb><C:/Users/Melisa/AppData/Local/Progr
ams/MiKTeX1/fonts/type1/public/amsfonts/cm/cmmi8.pfb><C:/Users/Melisa/AppData/L
ocal/Programs/MiKTeX1/fonts/type1/public/amsfonts/cm/cmr10.pfb><C:/Users/Melisa
/AppData/Local/Programs/MiKTeX1/fonts/type1/public/amsfonts/cm/cmr8.pfb><C:/Use
rs/Melisa/AppData/Local/Programs/MiKTeX1/fonts/type1/public/amsfonts/cm/cmsy10.
pfb><C:/Users/Melisa/AppData/Local/Programs/MiKTeX1/fonts/type1/public/amsfonts
/cm/cmsy8.pfb>
Output written on vize.pdf (32 pages, 18565613 bytes).
PDF statistics:
 950 PDF objects out of 1000 (max. 8388607)
 99 named destinations out of 1000 (max. 500000)
 464 words of extra memory for PDF output out of 10000 (max. 10000000)

