This is pdfTeX, Version 3.141592653-2.6-1.40.25 (MiKTeX 24.1) (preloaded format=pdflatex 2024.3.13)  14 JUN 2024 21:20
entering extended mode
 restricted \write18 enabled.
 %&-line parsing enabled.
**./final.tex
(final.tex
LaTeX2e <2023-11-01> patch level 1
L3 programming layer <2024-01-04>
(C:\Users\semay\AppData\Local\Programs\MiKTeX\tex/latex/base\article.cls
Document Class: article 2023/05/17 v1.4n Standard LaTeX document class
(C:\Users\semay\AppData\Local\Programs\MiKTeX\tex/latex/base\size12.clo
File: size12.clo 2023/05/17 v1.4n Standard LaTeX file (size option)
)
\c@part=\count187
\c@section=\count188
\c@subsection=\count189
\c@subsubsection=\count190
\c@paragraph=\count191
\c@subparagraph=\count192
\c@figure=\count193
\c@table=\count194
\abovecaptionskip=\skip48
\belowcaptionskip=\skip49
\bibindent=\dimen140
)
(C:\Users\semay\AppData\Local\Programs\MiKTeX\tex/latex/base\inputenc.sty
Package: inputenc 2021/02/14 v1.3d Input encoding file
\inpenc@prehook=\toks17
\inpenc@posthook=\toks18

(C:\Users\semay\AppData\Local\Programs\MiKTeX\tex/latex/ucs\utf8x.def
File: utf8x.def 2023/11/09 UCS: Input encoding UTF-8


Package ucs Info: utf8x disabled, assuming standard utf8 processing
(ucs)             load ucs package to force utf8x processing.

(C:\Users\semay\AppData\Local\Programs\MiKTeX\tex/latex/base\utf8.def
File: utf8.def 2022/06/07 v1.3c UTF-8 support
Now handling font encoding OML ...
... no UTF-8 mapping file for font encoding OML
Now handling font encoding OMS ...
... processing UTF-8 mapping file for font encoding OMS

(C:\Users\semay\AppData\Local\Programs\MiKTeX\tex/latex/base\omsenc.dfu
File: omsenc.dfu 2022/06/07 v1.3c UTF-8 support
   defining Unicode char U+00A7 (decimal 167)
   defining Unicode char U+00B6 (decimal 182)
   defining Unicode char U+00B7 (decimal 183)
   defining Unicode char U+2020 (decimal 8224)
   defining Unicode char U+2021 (decimal 8225)
   defining Unicode char U+2022 (decimal 8226)
)
Now handling font encoding OT1 ...
... processing UTF-8 mapping file for font encoding OT1

(C:\Users\semay\AppData\Local\Programs\MiKTeX\tex/latex/base\ot1enc.dfu
File: ot1enc.dfu 2022/06/07 v1.3c UTF-8 support
   defining Unicode char U+00A0 (decimal 160)
   defining Unicode char U+00A1 (decimal 161)
   defining Unicode char U+00A3 (decimal 163)
   defining Unicode char U+00AD (decimal 173)
   defining Unicode char U+00B8 (decimal 184)
   defining Unicode char U+00BF (decimal 191)
   defining Unicode char U+00C5 (decimal 197)
   defining Unicode char U+00C6 (decimal 198)
   defining Unicode char U+00D8 (decimal 216)
   defining Unicode char U+00DF (decimal 223)
   defining Unicode char U+00E6 (decimal 230)
   defining Unicode char U+00EC (decimal 236)
   defining Unicode char U+00ED (decimal 237)
   defining Unicode char U+00EE (decimal 238)
   defining Unicode char U+00EF (decimal 239)
   defining Unicode char U+00F8 (decimal 248)
   defining Unicode char U+0131 (decimal 305)
   defining Unicode char U+0141 (decimal 321)
   defining Unicode char U+0142 (decimal 322)
   defining Unicode char U+0152 (decimal 338)
   defining Unicode char U+0153 (decimal 339)
   defining Unicode char U+0174 (decimal 372)
   defining Unicode char U+0175 (decimal 373)
   defining Unicode char U+0176 (decimal 374)
   defining Unicode char U+0177 (decimal 375)
   defining Unicode char U+0218 (decimal 536)
   defining Unicode char U+0219 (decimal 537)
   defining Unicode char U+021A (decimal 538)
   defining Unicode char U+021B (decimal 539)
   defining Unicode char U+0237 (decimal 567)
   defining Unicode char U+2013 (decimal 8211)
   defining Unicode char U+2014 (decimal 8212)
   defining Unicode char U+2018 (decimal 8216)
   defining Unicode char U+2019 (decimal 8217)
   defining Unicode char U+201C (decimal 8220)
   defining Unicode char U+201D (decimal 8221)
   defining Unicode char U+FB00 (decimal 64256)
   defining Unicode char U+FB01 (decimal 64257)
   defining Unicode char U+FB02 (decimal 64258)
   defining Unicode char U+FB03 (decimal 64259)
   defining Unicode char U+FB04 (decimal 64260)
   defining Unicode char U+FB05 (decimal 64261)
   defining Unicode char U+FB06 (decimal 64262)
)
Now handling font encoding T1 ...
... processing UTF-8 mapping file for font encoding T1

(C:\Users\semay\AppData\Local\Programs\MiKTeX\tex/latex/base\t1enc.dfu
File: t1enc.dfu 2022/06/07 v1.3c UTF-8 support
   defining Unicode char U+00A0 (decimal 160)
   defining Unicode char U+00A1 (decimal 161)
   defining Unicode char U+00A3 (decimal 163)
   defining Unicode char U+00AB (decimal 171)
   defining Unicode char U+00AD (decimal 173)
   defining Unicode char U+00BB (decimal 187)
   defining Unicode char U+00BF (decimal 191)
   defining Unicode char U+00C0 (decimal 192)
   defining Unicode char U+00C1 (decimal 193)
   defining Unicode char U+00C2 (decimal 194)
   defining Unicode char U+00C3 (decimal 195)
   defining Unicode char U+00C4 (decimal 196)
   defining Unicode char U+00C5 (decimal 197)
   defining Unicode char U+00C6 (decimal 198)
   defining Unicode char U+00C7 (decimal 199)
   defining Unicode char U+00C8 (decimal 200)
   defining Unicode char U+00C9 (decimal 201)
   defining Unicode char U+00CA (decimal 202)
   defining Unicode char U+00CB (decimal 203)
   defining Unicode char U+00CC (decimal 204)
   defining Unicode char U+00CD (decimal 205)
   defining Unicode char U+00CE (decimal 206)
   defining Unicode char U+00CF (decimal 207)
   defining Unicode char U+00D0 (decimal 208)
   defining Unicode char U+00D1 (decimal 209)
   defining Unicode char U+00D2 (decimal 210)
   defining Unicode char U+00D3 (decimal 211)
   defining Unicode char U+00D4 (decimal 212)
   defining Unicode char U+00D5 (decimal 213)
   defining Unicode char U+00D6 (decimal 214)
   defining Unicode char U+00D8 (decimal 216)
   defining Unicode char U+00D9 (decimal 217)
   defining Unicode char U+00DA (decimal 218)
   defining Unicode char U+00DB (decimal 219)
   defining Unicode char U+00DC (decimal 220)
   defining Unicode char U+00DD (decimal 221)
   defining Unicode char U+00DE (decimal 222)
   defining Unicode char U+00DF (decimal 223)
   defining Unicode char U+00E0 (decimal 224)
   defining Unicode char U+00E1 (decimal 225)
   defining Unicode char U+00E2 (decimal 226)
   defining Unicode char U+00E3 (decimal 227)
   defining Unicode char U+00E4 (decimal 228)
   defining Unicode char U+00E5 (decimal 229)
   defining Unicode char U+00E6 (decimal 230)
   defining Unicode char U+00E7 (decimal 231)
   defining Unicode char U+00E8 (decimal 232)
   defining Unicode char U+00E9 (decimal 233)
   defining Unicode char U+00EA (decimal 234)
   defining Unicode char U+00EB (decimal 235)
   defining Unicode char U+00EC (decimal 236)
   defining Unicode char U+00ED (decimal 237)
   defining Unicode char U+00EE (decimal 238)
   defining Unicode char U+00EF (decimal 239)
   defining Unicode char U+00F0 (decimal 240)
   defining Unicode char U+00F1 (decimal 241)
   defining Unicode char U+00F2 (decimal 242)
   defining Unicode char U+00F3 (decimal 243)
   defining Unicode char U+00F4 (decimal 244)
   defining Unicode char U+00F5 (decimal 245)
   defining Unicode char U+00F6 (decimal 246)
   defining Unicode char U+00F8 (decimal 248)
   defining Unicode char U+00F9 (decimal 249)
   defining Unicode char U+00FA (decimal 250)
   defining Unicode char U+00FB (decimal 251)
   defining Unicode char U+00FC (decimal 252)
   defining Unicode char U+00FD (decimal 253)
   defining Unicode char U+00FE (decimal 254)
   defining Unicode char U+00FF (decimal 255)
   defining Unicode char U+0100 (decimal 256)
   defining Unicode char U+0101 (decimal 257)
   defining Unicode char U+0102 (decimal 258)
   defining Unicode char U+0103 (decimal 259)
   defining Unicode char U+0104 (decimal 260)
   defining Unicode char U+0105 (decimal 261)
   defining Unicode char U+0106 (decimal 262)
   defining Unicode char U+0107 (decimal 263)
   defining Unicode char U+0108 (decimal 264)
   defining Unicode char U+0109 (decimal 265)
   defining Unicode char U+010A (decimal 266)
   defining Unicode char U+010B (decimal 267)
   defining Unicode char U+010C (decimal 268)
   defining Unicode char U+010D (decimal 269)
   defining Unicode char U+010E (decimal 270)
   defining Unicode char U+010F (decimal 271)
   defining Unicode char U+0110 (decimal 272)
   defining Unicode char U+0111 (decimal 273)
   defining Unicode char U+0112 (decimal 274)
   defining Unicode char U+0113 (decimal 275)
   defining Unicode char U+0114 (decimal 276)
   defining Unicode char U+0115 (decimal 277)
   defining Unicode char U+0116 (decimal 278)
   defining Unicode char U+0117 (decimal 279)
   defining Unicode char U+0118 (decimal 280)
   defining Unicode char U+0119 (decimal 281)
   defining Unicode char U+011A (decimal 282)
   defining Unicode char U+011B (decimal 283)
   defining Unicode char U+011C (decimal 284)
   defining Unicode char U+011D (decimal 285)
   defining Unicode char U+011E (decimal 286)
   defining Unicode char U+011F (decimal 287)
   defining Unicode char U+0120 (decimal 288)
   defining Unicode char U+0121 (decimal 289)
   defining Unicode char U+0122 (decimal 290)
   defining Unicode char U+0123 (decimal 291)
   defining Unicode char U+0124 (decimal 292)
   defining Unicode char U+0125 (decimal 293)
   defining Unicode char U+0128 (decimal 296)
   defining Unicode char U+0129 (decimal 297)
   defining Unicode char U+012A (decimal 298)
   defining Unicode char U+012B (decimal 299)
   defining Unicode char U+012C (decimal 300)
   defining Unicode char U+012D (decimal 301)
   defining Unicode char U+012E (decimal 302)
   defining Unicode char U+012F (decimal 303)
   defining Unicode char U+0130 (decimal 304)
   defining Unicode char U+0131 (decimal 305)
   defining Unicode char U+0132 (decimal 306)
   defining Unicode char U+0133 (decimal 307)
   defining Unicode char U+0134 (decimal 308)
   defining Unicode char U+0135 (decimal 309)
   defining Unicode char U+0136 (decimal 310)
   defining Unicode char U+0137 (decimal 311)
   defining Unicode char U+0139 (decimal 313)
   defining Unicode char U+013A (decimal 314)
   defining Unicode char U+013B (decimal 315)
   defining Unicode char U+013C (decimal 316)
   defining Unicode char U+013D (decimal 317)
   defining Unicode char U+013E (decimal 318)
   defining Unicode char U+0141 (decimal 321)
   defining Unicode char U+0142 (decimal 322)
   defining Unicode char U+0143 (decimal 323)
   defining Unicode char U+0144 (decimal 324)
   defining Unicode char U+0145 (decimal 325)
   defining Unicode char U+0146 (decimal 326)
   defining Unicode char U+0147 (decimal 327)
   defining Unicode char U+0148 (decimal 328)
   defining Unicode char U+014A (decimal 330)
   defining Unicode char U+014B (decimal 331)
   defining Unicode char U+014C (decimal 332)
   defining Unicode char U+014D (decimal 333)
   defining Unicode char U+014E (decimal 334)
   defining Unicode char U+014F (decimal 335)
   defining Unicode char U+0150 (decimal 336)
   defining Unicode char U+0151 (decimal 337)
   defining Unicode char U+0152 (decimal 338)
   defining Unicode char U+0153 (decimal 339)
   defining Unicode char U+0154 (decimal 340)
   defining Unicode char U+0155 (decimal 341)
   defining Unicode char U+0156 (decimal 342)
   defining Unicode char U+0157 (decimal 343)
   defining Unicode char U+0158 (decimal 344)
   defining Unicode char U+0159 (decimal 345)
   defining Unicode char U+015A (decimal 346)
   defining Unicode char U+015B (decimal 347)
   defining Unicode char U+015C (decimal 348)
   defining Unicode char U+015D (decimal 349)
   defining Unicode char U+015E (decimal 350)
   defining Unicode char U+015F (decimal 351)
   defining Unicode char U+0160 (decimal 352)
   defining Unicode char U+0161 (decimal 353)
   defining Unicode char U+0162 (decimal 354)
   defining Unicode char U+0163 (decimal 355)
   defining Unicode char U+0164 (decimal 356)
   defining Unicode char U+0165 (decimal 357)
   defining Unicode char U+0168 (decimal 360)
   defining Unicode char U+0169 (decimal 361)
   defining Unicode char U+016A (decimal 362)
   defining Unicode char U+016B (decimal 363)
   defining Unicode char U+016C (decimal 364)
   defining Unicode char U+016D (decimal 365)
   defining Unicode char U+016E (decimal 366)
   defining Unicode char U+016F (decimal 367)
   defining Unicode char U+0170 (decimal 368)
   defining Unicode char U+0171 (decimal 369)
   defining Unicode char U+0172 (decimal 370)
   defining Unicode char U+0173 (decimal 371)
   defining Unicode char U+0174 (decimal 372)
   defining Unicode char U+0175 (decimal 373)
   defining Unicode char U+0176 (decimal 374)
   defining Unicode char U+0177 (decimal 375)
   defining Unicode char U+0178 (decimal 376)
   defining Unicode char U+0179 (decimal 377)
   defining Unicode char U+017A (decimal 378)
   defining Unicode char U+017B (decimal 379)
   defining Unicode char U+017C (decimal 380)
   defining Unicode char U+017D (decimal 381)
   defining Unicode char U+017E (decimal 382)
   defining Unicode char U+01C4 (decimal 452)
   defining Unicode char U+01C5 (decimal 453)
   defining Unicode char U+01C6 (decimal 454)
   defining Unicode char U+01C7 (decimal 455)
   defining Unicode char U+01C8 (decimal 456)
   defining Unicode char U+01C9 (decimal 457)
   defining Unicode char U+01CA (decimal 458)
   defining Unicode char U+01CB (decimal 459)
   defining Unicode char U+01CC (decimal 460)
   defining Unicode char U+01CD (decimal 461)
   defining Unicode char U+01CE (decimal 462)
   defining Unicode char U+01CF (decimal 463)
   defining Unicode char U+01D0 (decimal 464)
   defining Unicode char U+01D1 (decimal 465)
   defining Unicode char U+01D2 (decimal 466)
   defining Unicode char U+01D3 (decimal 467)
   defining Unicode char U+01D4 (decimal 468)
   defining Unicode char U+01E2 (decimal 482)
   defining Unicode char U+01E3 (decimal 483)
   defining Unicode char U+01E6 (decimal 486)
   defining Unicode char U+01E7 (decimal 487)
   defining Unicode char U+01E8 (decimal 488)
   defining Unicode char U+01E9 (decimal 489)
   defining Unicode char U+01EA (decimal 490)
   defining Unicode char U+01EB (decimal 491)
   defining Unicode char U+01F0 (decimal 496)
   defining Unicode char U+01F4 (decimal 500)
   defining Unicode char U+01F5 (decimal 501)
   defining Unicode char U+0218 (decimal 536)
   defining Unicode char U+0219 (decimal 537)
   defining Unicode char U+021A (decimal 538)
   defining Unicode char U+021B (decimal 539)
   defining Unicode char U+0232 (decimal 562)
   defining Unicode char U+0233 (decimal 563)
   defining Unicode char U+0237 (decimal 567)
   defining Unicode char U+02D9 (decimal 729)
   defining Unicode char U+02DB (decimal 731)
   defining Unicode char U+1E02 (decimal 7682)
   defining Unicode char U+1E03 (decimal 7683)
   defining Unicode char U+1E0D (decimal 7693)
   defining Unicode char U+1E1E (decimal 7710)
   defining Unicode char U+1E1F (decimal 7711)
   defining Unicode char U+1E25 (decimal 7717)
   defining Unicode char U+1E30 (decimal 7728)
   defining Unicode char U+1E31 (decimal 7729)
   defining Unicode char U+1E37 (decimal 7735)
   defining Unicode char U+1E8E (decimal 7822)
   defining Unicode char U+1E8F (decimal 7823)
   defining Unicode char U+1E43 (decimal 7747)
   defining Unicode char U+1E45 (decimal 7749)
   defining Unicode char U+1E47 (decimal 7751)
   defining Unicode char U+1E5B (decimal 7771)
   defining Unicode char U+1E63 (decimal 7779)
   defining Unicode char U+1E6D (decimal 7789)
   defining Unicode char U+1E90 (decimal 7824)
   defining Unicode char U+1E91 (decimal 7825)
   defining Unicode char U+1E9E (decimal 7838)
   defining Unicode char U+1EF2 (decimal 7922)
   defining Unicode char U+1EF3 (decimal 7923)
   defining Unicode char U+200C (decimal 8204)
   defining Unicode char U+2010 (decimal 8208)
   defining Unicode char U+2011 (decimal 8209)
   defining Unicode char U+2012 (decimal 8210)
   defining Unicode char U+2013 (decimal 8211)
   defining Unicode char U+2014 (decimal 8212)
   defining Unicode char U+2015 (decimal 8213)
   defining Unicode char U+2018 (decimal 8216)
   defining Unicode char U+2019 (decimal 8217)
   defining Unicode char U+201A (decimal 8218)
   defining Unicode char U+201C (decimal 8220)
   defining Unicode char U+201D (decimal 8221)
   defining Unicode char U+201E (decimal 8222)
   defining Unicode char U+2030 (decimal 8240)
   defining Unicode char U+2031 (decimal 8241)
   defining Unicode char U+2039 (decimal 8249)
   defining Unicode char U+203A (decimal 8250)
   defining Unicode char U+2423 (decimal 9251)
   defining Unicode char U+1E20 (decimal 7712)
   defining Unicode char U+1E21 (decimal 7713)
   defining Unicode char U+FB00 (decimal 64256)
   defining Unicode char U+FB01 (decimal 64257)
   defining Unicode char U+FB02 (decimal 64258)
   defining Unicode char U+FB03 (decimal 64259)
   defining Unicode char U+FB04 (decimal 64260)
   defining Unicode char U+FB05 (decimal 64261)
   defining Unicode char U+FB06 (decimal 64262)
)
Now handling font encoding TS1 ...
... processing UTF-8 mapping file for font encoding TS1

(C:\Users\semay\AppData\Local\Programs\MiKTeX\tex/latex/base\ts1enc.dfu
File: ts1enc.dfu 2022/06/07 v1.3c UTF-8 support
   defining Unicode char U+00A2 (decimal 162)
   defining Unicode char U+00A3 (decimal 163)
   defining Unicode char U+00A4 (decimal 164)
   defining Unicode char U+00A5 (decimal 165)
   defining Unicode char U+00A6 (decimal 166)
   defining Unicode char U+00A7 (decimal 167)
   defining Unicode char U+00A8 (decimal 168)
   defining Unicode char U+00A9 (decimal 169)
   defining Unicode char U+00AA (decimal 170)
   defining Unicode char U+00AC (decimal 172)
   defining Unicode char U+00AE (decimal 174)
   defining Unicode char U+00AF (decimal 175)
   defining Unicode char U+00B0 (decimal 176)
   defining Unicode char U+00B1 (decimal 177)
   defining Unicode char U+00B2 (decimal 178)
   defining Unicode char U+00B3 (decimal 179)
   defining Unicode char U+00B4 (decimal 180)
   defining Unicode char U+00B5 (decimal 181)
   defining Unicode char U+00B6 (decimal 182)
   defining Unicode char U+00B7 (decimal 183)
   defining Unicode char U+00B9 (decimal 185)
   defining Unicode char U+00BA (decimal 186)
   defining Unicode char U+00BC (decimal 188)
   defining Unicode char U+00BD (decimal 189)
   defining Unicode char U+00BE (decimal 190)
   defining Unicode char U+00D7 (decimal 215)
   defining Unicode char U+00F7 (decimal 247)
   defining Unicode char U+0192 (decimal 402)
   defining Unicode char U+02C7 (decimal 711)
   defining Unicode char U+02D8 (decimal 728)
   defining Unicode char U+02DD (decimal 733)
   defining Unicode char U+0E3F (decimal 3647)
   defining Unicode char U+2016 (decimal 8214)
   defining Unicode char U+2020 (decimal 8224)
   defining Unicode char U+2021 (decimal 8225)
   defining Unicode char U+2022 (decimal 8226)
   defining Unicode char U+2030 (decimal 8240)
   defining Unicode char U+2031 (decimal 8241)
   defining Unicode char U+203B (decimal 8251)
   defining Unicode char U+203D (decimal 8253)
   defining Unicode char U+2044 (decimal 8260)
   defining Unicode char U+204E (decimal 8270)
   defining Unicode char U+2052 (decimal 8274)
   defining Unicode char U+20A1 (decimal 8353)
   defining Unicode char U+20A4 (decimal 8356)
   defining Unicode char U+20A6 (decimal 8358)
   defining Unicode char U+20A9 (decimal 8361)
   defining Unicode char U+20AB (decimal 8363)
   defining Unicode char U+20AC (decimal 8364)
   defining Unicode char U+20B1 (decimal 8369)
   defining Unicode char U+2103 (decimal 8451)
   defining Unicode char U+2116 (decimal 8470)
   defining Unicode char U+2117 (decimal 8471)
   defining Unicode char U+211E (decimal 8478)
   defining Unicode char U+2120 (decimal 8480)
   defining Unicode char U+2122 (decimal 8482)
   defining Unicode char U+2126 (decimal 8486)
   defining Unicode char U+2127 (decimal 8487)
   defining Unicode char U+212E (decimal 8494)
   defining Unicode char U+2190 (decimal 8592)
   defining Unicode char U+2191 (decimal 8593)
   defining Unicode char U+2192 (decimal 8594)
   defining Unicode char U+2193 (decimal 8595)
   defining Unicode char U+2329 (decimal 9001)
   defining Unicode char U+3008 (decimal 12296)
   defining Unicode char U+232A (decimal 9002)
   defining Unicode char U+3009 (decimal 12297)
   defining Unicode char U+2422 (decimal 9250)
   defining Unicode char U+25E6 (decimal 9702)
   defining Unicode char U+25EF (decimal 9711)
   defining Unicode char U+266A (decimal 9834)
   defining Unicode char U+27E8 (decimal 10216)
   defining Unicode char U+27E9 (decimal 10217)
   defining Unicode char U+FEFF (decimal 65279)
)
Now handling font encoding OMX ...
... no UTF-8 mapping file for font encoding OMX
Now handling font encoding U ...
... no UTF-8 mapping file for font encoding U
   defining Unicode char U+00A9 (decimal 169)
   defining Unicode char U+00AA (decimal 170)
   defining Unicode char U+00AE (decimal 174)
   defining Unicode char U+00BA (decimal 186)
   defining Unicode char U+02C6 (decimal 710)
   defining Unicode char U+02DC (decimal 732)
   defining Unicode char U+200C (decimal 8204)
   defining Unicode char U+2026 (decimal 8230)
   defining Unicode char U+2122 (decimal 8482)
   defining Unicode char U+2423 (decimal 9251)
   defining Unicode char U+FEFF (decimal 65279)
)))
(C:\Users\semay\AppData\Local\Programs\MiKTeX\tex/latex/ragged2e\ragged2e.sty
Package: ragged2e 2023/06/22 v3.6 ragged2e Package
\CenteringLeftskip=\skip50
\RaggedLeftLeftskip=\skip51
\RaggedRightLeftskip=\skip52
\CenteringRightskip=\skip53
\RaggedLeftRightskip=\skip54
\RaggedRightRightskip=\skip55
\CenteringParfillskip=\skip56
\RaggedLeftParfillskip=\skip57
\RaggedRightParfillskip=\skip58
\JustifyingParfillskip=\skip59
\CenteringParindent=\skip60
\RaggedLeftParindent=\skip61
\RaggedRightParindent=\skip62
\JustifyingParindent=\skip63
)
(C:\Users\semay\AppData\Local\Programs\MiKTeX\tex/latex/amsmath\amsmath.sty
Package: amsmath 2023/05/13 v2.17o AMS math features
\@mathmargin=\skip64

For additional information on amsmath, use the `?' option.
(C:\Users\semay\AppData\Local\Programs\MiKTeX\tex/latex/amsmath\amstext.sty
Package: amstext 2021/08/26 v2.01 AMS text

(C:\Users\semay\AppData\Local\Programs\MiKTeX\tex/latex/amsmath\amsgen.sty
File: amsgen.sty 1999/11/30 v2.0 generic functions
\@emptytoks=\toks19
\ex@=\dimen141
))
(C:\Users\semay\AppData\Local\Programs\MiKTeX\tex/latex/amsmath\amsbsy.sty
Package: amsbsy 1999/11/29 v1.2d Bold Symbols
\pmbraise@=\dimen142
)
(C:\Users\semay\AppData\Local\Programs\MiKTeX\tex/latex/amsmath\amsopn.sty
Package: amsopn 2022/04/08 v2.04 operator names
)
\inf@bad=\count195
LaTeX Info: Redefining \frac on input line 234.
\uproot@=\count196
\leftroot@=\count197
LaTeX Info: Redefining \overline on input line 399.
LaTeX Info: Redefining \colon on input line 410.
\classnum@=\count198
\DOTSCASE@=\count199
LaTeX Info: Redefining \ldots on input line 496.
LaTeX Info: Redefining \dots on input line 499.
LaTeX Info: Redefining \cdots on input line 620.
\Mathstrutbox@=\box51
\strutbox@=\box52
LaTeX Info: Redefining \big on input line 722.
LaTeX Info: Redefining \Big on input line 723.
LaTeX Info: Redefining \bigg on input line 724.
LaTeX Info: Redefining \Bigg on input line 725.
\big@size=\dimen143
LaTeX Font Info:    Redeclaring font encoding OML on input line 743.
LaTeX Font Info:    Redeclaring font encoding OMS on input line 744.
\macc@depth=\count266
LaTeX Info: Redefining \bmod on input line 905.
LaTeX Info: Redefining \pmod on input line 910.
LaTeX Info: Redefining \smash on input line 940.
LaTeX Info: Redefining \relbar on input line 970.
LaTeX Info: Redefining \Relbar on input line 971.
\c@MaxMatrixCols=\count267
\dotsspace@=\muskip16
\c@parentequation=\count268
\dspbrk@lvl=\count269
\tag@help=\toks20
\row@=\count270
\column@=\count271
\maxfields@=\count272
\andhelp@=\toks21
\eqnshift@=\dimen144
\alignsep@=\dimen145
\tagshift@=\dimen146
\tagwidth@=\dimen147
\totwidth@=\dimen148
\lineht@=\dimen149
\@envbody=\toks22
\multlinegap=\skip65
\multlinetaggap=\skip66
\mathdisplay@stack=\toks23
LaTeX Info: Redefining \[ on input line 2953.
LaTeX Info: Redefining \] on input line 2954.
)
(C:\Users\semay\AppData\Local\Programs\MiKTeX\tex/latex/pdflscape\pdflscape.sty
Package: pdflscape 2022-10-27 v0.13 Display of landscape pages in PDF

(C:\Users\semay\AppData\Local\Programs\MiKTeX\tex/latex/pdflscape\pdflscape-nom
etadata.sty
Package: pdflscape-nometadata 2022-10-28 v0.13 Display of landscape pages in PD
F (HO)

(C:\Users\semay\AppData\Local\Programs\MiKTeX\tex/generic/iftex\iftex.sty
Package: iftex 2022/02/03 v1.0f TeX engine tests
)
(C:\Users\semay\AppData\Local\Programs\MiKTeX\tex/latex/graphics\lscape.sty
Package: lscape 2020/05/28 v3.02 Landscape Pages (DPC)

(C:\Users\semay\AppData\Local\Programs\MiKTeX\tex/latex/graphics\graphics.sty
Package: graphics 2022/03/10 v1.4e Standard LaTeX Graphics (DPC,SPQR)

(C:\Users\semay\AppData\Local\Programs\MiKTeX\tex/latex/graphics\trig.sty
Package: trig 2021/08/11 v1.11 sin cos tan (DPC)
)
(C:\Users\semay\AppData\Local\Programs\MiKTeX\tex/latex/graphics-cfg\graphics.c
fg
File: graphics.cfg 2016/06/04 v1.11 sample graphics configuration
)
Package graphics Info: Driver file: pdftex.def on input line 107.

(C:\Users\semay\AppData\Local\Programs\MiKTeX\tex/latex/graphics-def\pdftex.def
File: pdftex.def 2022/09/22 v1.2b Graphics/color driver for pdftex
)))
Package pdflscape Info: Auto-detected driver: pdftex on input line 81.
))
(C:\Users\semay\AppData\Local\Programs\MiKTeX\tex/latex/graphics\graphicx.sty
Package: graphicx 2021/09/16 v1.2d Enhanced LaTeX Graphics (DPC,SPQR)

(C:\Users\semay\AppData\Local\Programs\MiKTeX\tex/latex/graphics\keyval.sty
Package: keyval 2022/05/29 v1.15 key=value parser (DPC)
\KV@toks@=\toks24
)
\Gin@req@height=\dimen150
\Gin@req@width=\dimen151
)
(C:\Users\semay\AppData\Local\Programs\MiKTeX\tex/latex/hyperref\hyperref.sty
Package: hyperref 2023-11-26 v7.01g Hypertext links for LaTeX

(C:\Users\semay\AppData\Local\Programs\MiKTeX\tex/generic/infwarerr\infwarerr.s
ty
Package: infwarerr 2019/12/03 v1.5 Providing info/warning/error messages (HO)
)
(C:\Users\semay\AppData\Local\Programs\MiKTeX\tex/latex/kvsetkeys\kvsetkeys.sty
Package: kvsetkeys 2022-10-05 v1.19 Key value parser (HO)
)
(C:\Users\semay\AppData\Local\Programs\MiKTeX\tex/generic/kvdefinekeys\kvdefine
keys.sty
Package: kvdefinekeys 2019-12-19 v1.6 Define keys (HO)
)
(C:\Users\semay\AppData\Local\Programs\MiKTeX\tex/generic/pdfescape\pdfescape.s
ty
Package: pdfescape 2019/12/09 v1.15 Implements pdfTeX's escape features (HO)

(C:\Users\semay\AppData\Local\Programs\MiKTeX\tex/generic/ltxcmds\ltxcmds.sty
Package: ltxcmds 2023-12-04 v1.26 LaTeX kernel commands for general use (HO)
)
(C:\Users\semay\AppData\Local\Programs\MiKTeX\tex/generic/pdftexcmds\pdftexcmds
.sty
Package: pdftexcmds 2020-06-27 v0.33 Utility functions of pdfTeX for LuaTeX (HO
)
Package pdftexcmds Info: \pdf@primitive is available.
Package pdftexcmds Info: \pdf@ifprimitive is available.
Package pdftexcmds Info: \pdfdraftmode found.
))
(C:\Users\semay\AppData\Local\Programs\MiKTeX\tex/latex/hycolor\hycolor.sty
Package: hycolor 2020-01-27 v1.10 Color options for hyperref/bookmark (HO)
)
(C:\Users\semay\AppData\Local\Programs\MiKTeX\tex/latex/letltxmacro\letltxmacro
.sty
Package: letltxmacro 2019/12/03 v1.6 Let assignment for LaTeX macros (HO)
)
(C:\Users\semay\AppData\Local\Programs\MiKTeX\tex/latex/auxhook\auxhook.sty
Package: auxhook 2019-12-17 v1.6 Hooks for auxiliary files (HO)
)
(C:\Users\semay\AppData\Local\Programs\MiKTeX\tex/latex/hyperref\nameref.sty
Package: nameref 2023-11-26 v2.56 Cross-referencing by name of section

(C:\Users\semay\AppData\Local\Programs\MiKTeX\tex/latex/refcount\refcount.sty
Package: refcount 2019/12/15 v3.6 Data extraction from label references (HO)
)
(C:\Users\semay\AppData\Local\Programs\MiKTeX\tex/generic/gettitlestring\gettit
lestring.sty
Package: gettitlestring 2019/12/15 v1.6 Cleanup title references (HO)

(C:\Users\semay\AppData\Local\Programs\MiKTeX\tex/latex/kvoptions\kvoptions.sty
Package: kvoptions 2022-06-15 v3.15 Key value format for package options (HO)
))
\c@section@level=\count273
)
(C:\Users\semay\AppData\Local\Programs\MiKTeX\tex/latex/etoolbox\etoolbox.sty
Package: etoolbox 2020/10/05 v2.5k e-TeX tools for LaTeX (JAW)
\etb@tempcnta=\count274
)
\@linkdim=\dimen152
\Hy@linkcounter=\count275
\Hy@pagecounter=\count276

(C:\Users\semay\AppData\Local\Programs\MiKTeX\tex/latex/hyperref\pd1enc.def
File: pd1enc.def 2023-11-26 v7.01g Hyperref: PDFDocEncoding definition (HO)
Now handling font encoding PD1 ...
... no UTF-8 mapping file for font encoding PD1
)
(C:\Users\semay\AppData\Local\Programs\MiKTeX\tex/generic/intcalc\intcalc.sty
Package: intcalc 2019/12/15 v1.3 Expandable calculations with integers (HO)
)
\Hy@SavedSpaceFactor=\count277

(C:\Users\semay\AppData\Local\Programs\MiKTeX\tex/latex/hyperref\puenc.def
File: puenc.def 2023-11-26 v7.01g Hyperref: PDF Unicode definition (HO)
Now handling font encoding PU ...
... no UTF-8 mapping file for font encoding PU
)
Package hyperref Info: Hyper figures OFF on input line 4181.
Package hyperref Info: Link nesting OFF on input line 4186.
Package hyperref Info: Hyper index ON on input line 4189.
Package hyperref Info: Plain pages OFF on input line 4196.
Package hyperref Info: Backreferencing OFF on input line 4201.
Package hyperref Info: Implicit mode ON; LaTeX internals redefined.
Package hyperref Info: Bookmarks ON on input line 4448.
\c@Hy@tempcnt=\count278

(C:\Users\semay\AppData\Local\Programs\MiKTeX\tex/latex/url\url.sty
\Urlmuskip=\muskip17
Package: url 2013/09/16  ver 3.4  Verb mode for urls, etc.
)
LaTeX Info: Redefining \url on input line 4786.
\XeTeXLinkMargin=\dimen153

(C:\Users\semay\AppData\Local\Programs\MiKTeX\tex/generic/bitset\bitset.sty
Package: bitset 2019/12/09 v1.3 Handle bit-vector datatype (HO)

(C:\Users\semay\AppData\Local\Programs\MiKTeX\tex/generic/bigintcalc\bigintcalc
.sty
Package: bigintcalc 2019/12/15 v1.5 Expandable calculations on big integers (HO
)
))
\Fld@menulength=\count279
\Field@Width=\dimen154
\Fld@charsize=\dimen155
Package hyperref Info: Hyper figures OFF on input line 6065.
Package hyperref Info: Link nesting OFF on input line 6070.
Package hyperref Info: Hyper index ON on input line 6073.
Package hyperref Info: backreferencing OFF on input line 6080.
Package hyperref Info: Link coloring OFF on input line 6085.
Package hyperref Info: Link coloring with OCG OFF on input line 6090.
Package hyperref Info: PDF/A mode OFF on input line 6095.

(C:\Users\semay\AppData\Local\Programs\MiKTeX\tex/latex/base\atbegshi-ltx.sty
Package: atbegshi-ltx 2021/01/10 v1.0c Emulation of the original atbegshi
package with kernel methods
)
\Hy@abspage=\count280
\c@Item=\count281
\c@Hfootnote=\count282
)
Package hyperref Info: Driver (autodetected): hpdftex.
(C:\Users\semay\AppData\Local\Programs\MiKTeX\tex/latex/hyperref\hpdftex.def
File: hpdftex.def 2023-11-26 v7.01g Hyperref driver for pdfTeX

(C:\Users\semay\AppData\Local\Programs\MiKTeX\tex/latex/base\atveryend-ltx.sty
Package: atveryend-ltx 2020/08/19 v1.0a Emulation of the original atveryend pac
kage
with kernel methods
)
\Fld@listcount=\count283
\c@bookmark@seq@number=\count284

(C:\Users\semay\AppData\Local\Programs\MiKTeX\tex/latex/rerunfilecheck\rerunfil
echeck.sty
Package: rerunfilecheck 2022-07-10 v1.10 Rerun checks for auxiliary files (HO)

(C:\Users\semay\AppData\Local\Programs\MiKTeX\tex/generic/uniquecounter\uniquec
ounter.sty
Package: uniquecounter 2019/12/15 v1.4 Provide unlimited unique counter (HO)
)
Package uniquecounter Info: New unique counter `rerunfilecheck' on input line 2
85.
)
\Hy@SectionHShift=\skip67
)
(C:\Users\semay\AppData\Local\Programs\MiKTeX\tex/latex/caption\subcaption.sty
Package: subcaption 2023/07/28 v1.6b Sub-captions (AR)

(C:\Users\semay\AppData\Local\Programs\MiKTeX\tex/latex/caption\caption.sty
Package: caption 2023/08/05 v3.6o Customizing captions (AR)

(C:\Users\semay\AppData\Local\Programs\MiKTeX\tex/latex/caption\caption3.sty
Package: caption3 2023/07/31 v2.4d caption3 kernel (AR)
\caption@tempdima=\dimen156
\captionmargin=\dimen157
\caption@leftmargin=\dimen158
\caption@rightmargin=\dimen159
\caption@width=\dimen160
\caption@indent=\dimen161
\caption@parindent=\dimen162
\caption@hangindent=\dimen163
Package caption Info: Standard document class detected.
)
\c@caption@flags=\count285
\c@continuedfloat=\count286
Package caption Info: hyperref package is loaded.
)
Package caption Info: New subtype `subfigure' on input line 238.
\c@subfigure=\count287
Package caption Info: New subtype `subtable' on input line 238.
\c@subtable=\count288
) (C:\Users\semay\AppData\Local\Programs\MiKTeX\tex/latex/geometry\geometry.sty
Package: geometry 2020/01/02 v5.9 Page Geometry

(C:\Users\semay\AppData\Local\Programs\MiKTeX\tex/generic/iftex\ifvtex.sty
Package: ifvtex 2019/10/25 v1.7 ifvtex legacy package. Use iftex instead.
)
\Gm@cnth=\count289
\Gm@cntv=\count290
\c@Gm@tempcnt=\count291
\Gm@bindingoffset=\dimen164
\Gm@wd@mp=\dimen165
\Gm@odd@mp=\dimen166
\Gm@even@mp=\dimen167
\Gm@layoutwidth=\dimen168
\Gm@layoutheight=\dimen169
\Gm@layouthoffset=\dimen170
\Gm@layoutvoffset=\dimen171
\Gm@dimlist=\toks25

(C:\Users\semay\AppData\Local\Programs\MiKTeX\tex/latex/geometry\geometry.cfg))
(C:\Users\semay\AppData\Local\Programs\MiKTeX\tex/latex/datetime\datetime.sty
Package: datetime 2015/03/20 v2.60 Date Time Package

(C:\Users\semay\AppData\Local\Programs\MiKTeX\tex/latex/fmtcount\fmtcount.sty
Package: fmtcount 2020/01/30 v3.07

(C:\Users\semay\AppData\Local\Programs\MiKTeX\tex/latex/base\ifthen.sty
Package: ifthen 2022/04/13 v1.1d Standard LaTeX ifthen package (DPC)
)
(C:\Users\semay\AppData\Local\Programs\MiKTeX\tex/latex/xkeyval\xkeyval.sty
Package: xkeyval 2022/06/16 v2.9 package option processing (HA)

(C:\Users\semay\AppData\Local\Programs\MiKTeX\tex/generic/xkeyval\xkeyval.tex
(C:\Users\semay\AppData\Local\Programs\MiKTeX\tex/generic/xkeyval\xkvutils.tex
\XKV@toks=\toks26
\XKV@tempa@toks=\toks27
)
\XKV@depth=\count292
File: xkeyval.tex 2014/12/03 v2.7a key=value parser (HA)
))
(C:\Users\semay\AppData\Local\Programs\MiKTeX\tex/latex/fmtcount\fcprefix.sty
Package: fcprefix 2012/09/28

(C:\Users\semay\AppData\Local\Programs\MiKTeX\tex/latex/fmtcount\fcnumparser.st
y
Package: fcnumparser 2017/06/15
\fc@digit@counter=\count293
))
\c@padzeroesN=\count294
\fc@tmpcatcode=\count295
\@DT@modctr=\count296
\@ordinalctr=\count297
\@orgargctr=\count298
\@strctr=\count299
\@tmpstrctr=\count300
\@DT@loopN=\count301
\@DT@X=\count302
)
(C:\Users\semay\AppData\Local\Programs\MiKTeX\tex/latex/datetime\datetime-defau
lts.sty
Package: datetime-defaults 2013/09/10
)
\@day=\count303
\@month=\count304
\@year=\count305
\c@HOUR=\count306
\c@HOURXII=\count307
\c@MINUTE=\count308
\c@TOHOUR=\count309
\c@TOMINUTE=\count310
\c@SECOND=\count311
\currenthour=\count312
\currentminute=\count313
\currentsecond=\count314
Package datetime Info: No datetime.cfg file found, using default settings on in
put line 308.
\@dtctr=\count315
\dayofyear=\count316
\dayofweek=\count317
LaTeX Info: Redefining \today on input line 736.
\dt@a=\toks28
\dt@b=\toks29
)
(C:\Users\semay\AppData\Local\Programs\MiKTeX\tex/latex/l3backend\l3backend-pdf
tex.def
File: l3backend-pdftex.def 2024-01-04 L3 backend support: PDF output (pdfTeX)
\l__color_backend_stack_int=\count318
\l__pdf_internal_box=\box53
) (final.aux

LaTeX Warning: Label `tab:table1' multiply defined.

)
\openout1 = `final.aux'.

LaTeX Font Info:    Checking defaults for OML/cmm/m/it on input line 27.
LaTeX Font Info:    ... okay on input line 27.
LaTeX Font Info:    Checking defaults for OMS/cmsy/m/n on input line 27.
LaTeX Font Info:    ... okay on input line 27.
LaTeX Font Info:    Checking defaults for OT1/cmr/m/n on input line 27.
LaTeX Font Info:    ... okay on input line 27.
LaTeX Font Info:    Checking defaults for T1/cmr/m/n on input line 27.
LaTeX Font Info:    ... okay on input line 27.
LaTeX Font Info:    Checking defaults for TS1/cmr/m/n on input line 27.
LaTeX Font Info:    ... okay on input line 27.
LaTeX Font Info:    Checking defaults for OMX/cmex/m/n on input line 27.
LaTeX Font Info:    ... okay on input line 27.
LaTeX Font Info:    Checking defaults for U/cmr/m/n on input line 27.
LaTeX Font Info:    ... okay on input line 27.
LaTeX Font Info:    Checking defaults for PD1/pdf/m/n on input line 27.
LaTeX Font Info:    ... okay on input line 27.
LaTeX Font Info:    Checking defaults for PU/pdf/m/n on input line 27.
LaTeX Font Info:    ... okay on input line 27.

(C:\Users\semay\AppData\Local\Programs\MiKTeX\tex/context/base/mkii\supp-pdf.mk
ii
[Loading MPS to PDF converter (version 2006.09.02).]
\scratchcounter=\count319
\scratchdimen=\dimen172
\scratchbox=\box54
\nofMPsegments=\count320
\nofMParguments=\count321
\everyMPshowfont=\toks30
\MPscratchCnt=\count322
\MPscratchDim=\dimen173
\MPnumerator=\count323
\makeMPintoPDFobject=\count324
\everyMPtoPDFconversion=\toks31
)
(C:\Users\semay\AppData\Local\Programs\MiKTeX\tex/latex/epstopdf-pkg\epstopdf-b
ase.sty
Package: epstopdf-base 2020-01-24 v2.11 Base part for package epstopdf

(C:\Users\semay\AppData\Local\Programs\MiKTeX\tex/latex/grfext\grfext.sty
Package: grfext 2019/12/03 v1.3 Manage graphics extensions (HO)
)
Package epstopdf-base Info: Redefining graphics rule for `.eps' on input line 4
85.
Package grfext Info: Graphics extension search list:
(grfext)             [.pdf,.png,.jpg,.mps,.jpeg,.jbig2,.jb2,.PDF,.PNG,.JPG,.JPE
G,.JBIG2,.JB2,.eps]
(grfext)             \AppendGraphicsExtensions on input line 504.

(C:\Users\semay\AppData\Local\Programs\MiKTeX\tex/latex/00miktex\epstopdf-sys.c
fg
File: epstopdf-sys.cfg 2021/03/18 v2.0 Configuration of epstopdf for MiKTeX
))
Package hyperref Info: Link coloring OFF on input line 27.
 (final.out) (final.out)
\@outlinefile=\write3
\openout3 = `final.out'.

Package caption Info: Begin \AtBeginDocument code.
Package caption Info: End \AtBeginDocument code.

*geometry* driver: auto-detecting
*geometry* detected driver: pdftex
*geometry* verbose mode - [ preamble ] result:
* driver: pdftex
* paper: a4paper
* layout: <same size as paper>
* layoutoffset:(h,v)=(0.0pt,0.0pt)
* modes: 
* h-part:(L,W,R)=(71.13188pt, 455.24411pt, 71.13188pt)
* v-part:(T,H,B)=(71.13188pt, 702.78308pt, 71.13188pt)
* \paperwidth=597.50787pt
* \paperheight=845.04684pt
* \textwidth=455.24411pt
* \textheight=702.78308pt
* \oddsidemargin=-1.1381pt
* \evensidemargin=-1.1381pt
* \topmargin=-38.1381pt
* \headheight=12.0pt
* \headsep=25.0pt
* \topskip=12.0pt
* \footskip=30.0pt
* \marginparwidth=35.0pt
* \marginparsep=10.0pt
* \columnsep=10.0pt
* \skip\footins=10.8pt plus 4.0pt minus 2.0pt
* \hoffset=0.0pt
* \voffset=0.0pt
* \mag=1000
* \@twocolumnfalse
* \@twosidefalse
* \@mparswitchfalse
* \@reversemarginfalse
* (1in=72.27pt=25.4mm, 1cm=28.453pt)


(C:\Users\semay\AppData\Local\Programs\MiKTeX\tex/latex/fmtcount\fc-english.def
File: fc-english.def 2016/01/12
)
Overfull \hbox (6.40503pt too wide) in paragraph at lines 36--38
\OT1/cmr/m/n/10.95 kul-lan-may^^P b^^Prakt^^Prma gibi ko^^Xsullar^^Pn s^^Pkl^^P
^^Ug^^Pna ba^^Ugl^^P olarak sonu^^Xclar^^Pn da de^^Ugi^^Xsmesidir. 
 []


Overfull \hbox (7.21619pt too wide) in paragraph at lines 36--38
\OT1/cmr/m/n/10.95 Bu ^^Xcal^^P^^Xsamada Opencv kul-lan^^Plm^^P^^Xst^^Pr. Openc
v arac^^Pl^^P^^Ug^^Pyla y^^?uzdeki b^^?olgelerin se^^Xcilmesi
 []

[1

{C:/Users/semay/AppData/Local/MiKTeX/fonts/map/pdftex/pdftex.map}] (final.toc)
\tf@toc=\write4
\openout4 = `final.toc'.


pdfTeX warning (ext4): destination with the same identifier (name{page.1}) has 
been already used, duplicate ignored
<to be read again> 
                   \relax 
l.43 	\newpage
               [1]
Overfull \hbox (12.49687pt too wide) in paragraph at lines 53--54
[]\OT1/cmr/m/n/12 Literat^^?urdeki mev-cut ^^Xcal^^P^^Xsmalar, yorgun-luk alg^^
Plama konusunda ^^Xce^^Xsitli y^^?ontemler ^^?onermi^^Xs
 []


Overfull \hbox (38.2531pt too wide) in paragraph at lines 64--68
\OT1/cmr/m/n/12 G^^?ozleri ay^^Prt et-mek i^^Xcin yine ^^?onceden e^^Ugitilmi^^
Xs s^^Pn^^Pfland^^Pr^^Pc^^Plar kul-lan^^Pl^^Pr. Bu s^^Pn^^Pfland^^Pr^^Pc^^Plar,

 []


Overfull \hbox (10.91356pt too wide) in paragraph at lines 68--71
\OT1/cmr/m/n/12 Destek vekt^^?or maki-nesi (Sup-port Vec-tor Ma-chine,SVM), nes
ne tan^^Pma ve s^^Pn^^Pfland^^Prma
 []


Overfull \hbox (19.238pt too wide) in paragraph at lines 71--75
\OT1/cmr/m/n/12 hesaplar. Y^^?uksek Per-c-los de^^Ugerleri, s^^?ur^^?uc^^?un^^?
un yorgun oldu^^Ugunu ve dikka-tinin da^^Ug^^Pld^^P^^Ug^^Pn^^P
 []


pdfTeX warning (ext4): destination with the same identifier (name{page.1}) has 
been already used, duplicate ignored
<to be read again> 
                   \relax 
l.77 	\end{equation}
                     [1]
<./images/Alexis_Bledel_0001.jpg, id=78, 100.375pt x 100.375pt>
File: ./images/Alexis_Bledel_0001.jpg Graphic file (type jpg)
<use ./images/Alexis_Bledel_0001.jpg>
Package pdftex.def Info: ./images/Alexis_Bledel_0001.jpg  used on input line 81
.
(pdftex.def)             Requested size: 199.1995pt x 199.1995pt.
<./images/closed_eye_0047.jpg_face_2.jpg, id=81, 100.375pt x 100.375pt>
File: ./images/closed_eye_0047.jpg_face_2.jpg Graphic file (type jpg)
<use ./images/closed_eye_0047.jpg_face_2.jpg>
Package pdftex.def Info: ./images/closed_eye_0047.jpg_face_2.jpg  used on input
 line 85.
(pdftex.def)             Requested size: 199.1995pt x 199.1995pt.
<./images/error.jpg, id=84, 1099.10625pt x 308.65312pt>
File: ./images/error.jpg Graphic file (type jpg)
<use ./images/error.jpg>
Package pdftex.def Info: ./images/error.jpg  used on input line 92.
(pdftex.def)             Requested size: 483.6921pt x 135.83133pt.

Overfull \hbox (28.44798pt too wide) in paragraph at lines 92--93
 [][] 
 []


LaTeX Warning: `!h' float specifier changed to `!ht'.

<./images/psurumu.jpg, id=85, 539.76656pt x 111.41624pt>
File: ./images/psurumu.jpg Graphic file (type jpg)
<use ./images/psurumu.jpg>
Package pdftex.def Info: ./images/psurumu.jpg  used on input line 96.
(pdftex.def)             Requested size: 483.7099pt x 99.84526pt.

Overfull \hbox (28.46579pt too wide) in paragraph at lines 96--97
 [][] 
 []


LaTeX Warning: `!h' float specifier changed to `!ht'.


Overfull \hbox (6.64369pt too wide) in paragraph at lines 99--100
\OT1/cmr/m/n/12 Bu de^^Ugi^^Xsimi gerekli ara^^Xclarla ya-pa-bilirsiniz. [[]] b
u-rada an-lat^^Plan sis-temi yararl^^P bu-lunmu^^Xstur
 []

[2 <./images/Alexis_Bledel_0001.jpg> <./images/closed_eye_0047.jpg_face_2.jpg>]
[3 <./images/error.jpg> <./images/psurumu.jpg>]
<./images/yuzgoztanima.jpg, id=105, 1204.5pt x 677.53125pt>
File: ./images/yuzgoztanima.jpg Graphic file (type jpg)
<use ./images/yuzgoztanima.jpg>
Package pdftex.def Info: ./images/yuzgoztanima.jpg  used on input line 103.
(pdftex.def)             Requested size: 354.07465pt x 199.16698pt.

Underfull \hbox (badness 10000) in paragraph at lines 107--108

 []

[4

 <./images/yuzgoztanima.jpg>]
<./images/kod.jpg, id=113, 651.93562pt x 240.9pt>
File: ./images/kod.jpg Graphic file (type jpg)
<use ./images/kod.jpg>
Package pdftex.def Info: ./images/kod.jpg  used on input line 114.
(pdftex.def)             Requested size: 284.53473pt x 105.13985pt.
<./images/landmarks.jpg, id=114, 415.5525pt x 395.4775pt>
File: ./images/landmarks.jpg Graphic file (type jpg)
<use ./images/landmarks.jpg>
Package pdftex.def Info: ./images/landmarks.jpg  used on input line 118.
(pdftex.def)             Requested size: 209.2785pt x 199.16843pt.

Overfull \hbox (27.1671pt too wide) in paragraph at lines 122--126
[]\OT1/cmr/m/n/12 Projede kul-lan^^Plan y^^?ontem ge-lenek-sel y^^?ontemdir. Bu
 s^^?ure^^Xcte ama^^Xc, bu y^^?ontem(Haarcascade)
 []


Overfull \hbox (19.45793pt too wide) in paragraph at lines 127--130
[]\OT1/cmr/m/n/12 Evri^^Xsim Kat-man^^P (Con-vo-lu-tional Layer): G^^?or^^?unt^
^?u ^^?uzerinde gezi-nen ve ^^?ozellikleri yakalayan
 []


Overfull \hbox (15.53714pt too wide) in paragraph at lines 127--130
\OT1/cmr/m/n/12 Havuzlama Kat-man^^P (Pool-ing Layer): G^^?or^^?unt^^?u boyu-tu
nu k^^?u^^Xc^^?ult^^?ur ve ^^?ozellikleri yo^^Ugunla^^Xst^^Pr^^Pr. 
 []


Overfull \hbox (25.08704pt too wide) in paragraph at lines 127--130
\OT1/cmr/m/n/12 Tam Ba^^Uglant^^Pl^^P Kat-man (Fully Con-nected Layer): []O^^Ug
renilen ^^?ozellikleri kul-la-narak s^^Pn^^Pfland^^Prma
 []

[5 <./images/kod.jpg> <./images/landmarks.jpg>]
<./images/process.png, id=132, 1705.37125pt x 295.1025pt>
File: ./images/process.png Graphic file (type png)
<use ./images/process.png>
Package pdftex.def Info: ./images/process.png  used on input line 134.
(pdftex.def)             Requested size: 284.52275pt x 49.23465pt.

Overfull \hbox (33.58934pt too wide) in paragraph at lines 153--153
[]\OT1/cmr/m/n/12 Yukar^^Pda g^^?ord^^?u^^Ug^^?un^^?uz ^^?uzere CNN daha iyi bi
r sonu^^Xc ^^Xc^^Pkar^^Pyor. E^^Uger do^^Ugruluk ^^?onemsenmeseydi
 []

[6 <./images/process.png>]
<./images/otel.jpg, id=144, 731.73375pt x 163.3603pt>
File: ./images/otel.jpg Graphic file (type jpg)
<use ./images/otel.jpg>
Package pdftex.def Info: ./images/otel.jpg  used on input line 157.
(pdftex.def)             Requested size: 284.52644pt x 63.52081pt.
<./images/bastanimlama.jpg, id=147, 819.06pt x 514.92375pt>
File: ./images/bastanimlama.jpg Graphic file (type jpg)
<use ./images/bastanimlama.jpg>
Package pdftex.def Info: ./images/bastanimlama.jpg  used on input line 162.
(pdftex.def)             Requested size: 284.52567pt x 178.87459pt.

Overfull \hbox (10.4256pt too wide) in paragraph at lines 167--167
\OT1/cmr/m/n/12 Her in-san^^Pn g^^?oz boyutu farkl^^Pd^^Pr. Bu du-rum g^^?oz te
spit al-go-rit-malar^^Pnda sorun ^^Xc^^Pkarmaktad^^Pr.
 []


Overfull \hbox (0.4382pt too wide) in paragraph at lines 167--168
[]\OT1/cmr/m/n/12 Kapal^^P g^^?oz^^?un tespit edilme-siyle ka-pal^^P oldu^^Ugu 
s^^?ure de tespit edilebilir. B^^?oylece s^^?ur^^?uc^^?uye
 []

<./images/ozelgoz.jpg, id=150, 568.37344pt x 404.26031pt>
File: ./images/ozelgoz.jpg Graphic file (type jpg)
<use ./images/ozelgoz.jpg>
Package pdftex.def Info: ./images/ozelgoz.jpg  used on input line 171.
(pdftex.def)             Requested size: 280.02313pt x 199.16878pt.
<./images/gozkapaliligi.jpg, id=151, 744.53156pt x 204.01219pt>
File: ./images/gozkapaliligi.jpg Graphic file (type jpg)
<use ./images/gozkapaliligi.jpg>
Package pdftex.def Info: ./images/gozkapaliligi.jpg  used on input line 176.
(pdftex.def)             Requested size: 284.53813pt x 77.96747pt.
[7 <./images/otel.jpg> <./images/bastanimlama.jpg>]
Overfull \hbox (2.30882pt too wide) in paragraph at lines 179--179
[] \OT1/cmr/bx/n/14.4 E^^Xsik De^^Ugere G^^?ore Yorgun-luk Du-ru-mu-nun Kat-e-g
o-rile^^Xstirilmesi 
 []

<./images/goz_esik1.jpg, id=158, 855.195pt x 341.02406pt>
File: ./images/goz_esik1.jpg Graphic file (type jpg)
<use ./images/goz_esik1.jpg>
Package pdftex.def Info: ./images/goz_esik1.jpg  used on input line 185.
(pdftex.def)             Requested size: 227.61734pt x 113.81316pt.
<./images/goz_esik2.jpg, id=159, 597.73312pt x 213.79875pt>
File: ./images/goz_esik2.jpg Graphic file (type jpg)
<use ./images/goz_esik2.jpg>
Package pdftex.def Info: ./images/goz_esik2.jpg  used on input line 191.
(pdftex.def)             Requested size: 227.62434pt x 113.80865pt.
[8 <./images/ozelgoz.jpg> <./images/gozkapaliligi.jpg> <./images/goz_esik1.jpg>
 <./images/goz_esik2.jpg>] [9]
<./images/esneme.jpg, id=172, 694.09312pt x 345.54094pt>
File: ./images/esneme.jpg Graphic file (type jpg)
<use ./images/esneme.jpg>
Package pdftex.def Info: ./images/esneme.jpg  used on input line 218.
(pdftex.def)             Requested size: 284.53766pt x 141.6516pt.
<./images/nabiz.jpeg, id=173, 283.0575pt x 179.67125pt>
File: ./images/nabiz.jpeg Graphic file (type jpg)
<use ./images/nabiz.jpeg>
Package pdftex.def Info: ./images/nabiz.jpeg  used on input line 223.
(pdftex.def)             Requested size: 284.5512pt x 180.61937pt.
 [10 <./images/esneme.jpg> <./images/nabiz.jpeg>]
File: ./images/bastanimlama.jpg Graphic file (type jpg)
<use ./images/bastanimlama.jpg>
Package pdftex.def Info: ./images/bastanimlama.jpg  used on input line 230.
(pdftex.def)             Requested size: 284.52567pt x 178.87459pt.
<./images/poz.png, id=185, 477.785pt x 352.31625pt>
File: ./images/poz.png Graphic file (type png)
<use ./images/poz.png>
Package pdftex.def Info: ./images/poz.png  used on input line 241.
(pdftex.def)             Requested size: 270.09483pt x 199.16656pt.
<./images/bashata.jpg, id=188, 1003.49907pt x 356.0803pt>
File: ./images/bashata.jpg Graphic file (type jpg)
<use ./images/bashata.jpg>
Package pdftex.def Info: ./images/bashata.jpg  used on input line 247.
(pdftex.def)             Requested size: 284.53024pt x 100.96234pt.
[11] [12 <./images/poz.png> <./images/bashata.jpg>]
Overfull \hbox (12.77606pt too wide) in paragraph at lines 259--262
[]\OT1/cmr/m/n/12 Rotasyon Vekt^^?or^^?un^^?un Eu-ler A^^Xc^^Plar^^Pna D^^?on^^
?u^^Xst^^?ur^^?ulmesi: cv2.Rodrigues(rotasyonvektor)
 []


Overfull \hbox (17.12738pt too wide) in paragraph at lines 262--264
[]\OT1/cmr/m/n/12 Projeksiyon Ma-trisinin Olu^^Xsturulmas^^P: pro-jek-siy-on-ma
-tris = np.hstack((rotasyonmatris,
 []


Overfull \hbox (31.10085pt too wide) in paragraph at lines 264--265
[]\OT1/cmr/m/n/12 Projeksiyon ma-trisi, nes-nenin d^^?unya ko-or-di-nat-lar^^Pn
dan g^^?or^^?unt^^?u ko-or-di-nat-lar^^Pna d^^?on^^?u^^Xs^^?um^^?u
 []

<./images/hataa.jpg, id=204, 1204.5pt x 311.66437pt>
File: ./images/hataa.jpg Graphic file (type jpg)
<use ./images/hataa.jpg>
Package pdftex.def Info: ./images/hataa.jpg  used on input line 270.
(pdftex.def)             Requested size: 284.52788pt x 73.62158pt.
<./images/agizhatasi.jpg, id=205, 813.79031pt x 211.54031pt>
File: ./images/agizhatasi.jpg Graphic file (type jpg)
<use ./images/agizhatasi.jpg>
Package pdftex.def Info: ./images/agizhatasi.jpg  used on input line 274.
(pdftex.def)             Requested size: 284.52045pt x 73.9595pt.
[13 <./images/hataa.jpg> <./images/agizhatasi.jpg>]
<./images/agizhesap.jpg, id=212, 782.17218pt x 386.94562pt>
File: ./images/agizhesap.jpg Graphic file (type jpg)
<use ./images/agizhesap.jpg>
Package pdftex.def Info: ./images/agizhesap.jpg  used on input line 282.
(pdftex.def)             Requested size: 402.60237pt x 199.16998pt.

Overfull \hbox (3.09697pt too wide) in paragraph at lines 285--285
[]\OT1/cmr/m/n/12 Landmarklar^^Pn farkl^^P i^^Xslemlere tabii tu-tul-mas^^P se-
be-biyle iki farkl^^P land-mark tan^^Pmlamas^^P
 []

<./images/ikilandmark.jpg, id=213, 1172.88188pt x 341.77687pt>
File: ./images/ikilandmark.jpg Graphic file (type jpg)
<use ./images/ikilandmark.jpg>
Package pdftex.def Info: ./images/ikilandmark.jpg  used on input line 288.
(pdftex.def)             Requested size: 483.69447pt x 140.94818pt.

Overfull \hbox (28.45036pt too wide) in paragraph at lines 288--289
 [][] 
 []


Overfull \hbox (0.22478pt too wide) in paragraph at lines 291--291
[]\OT1/cmr/m/n/12 Ba^^Xs^^Pn poziy-onunu alg^^Plamak i^^Xcin ek-le-nen fonksiyo
n ve ma-tris i^^Xslemlerinde ara^^Xst^^Prmalara
 []


Overfull \hbox (9.677pt too wide) in paragraph at lines 291--291
\OT1/cmr/m/n/12 g^^?ore ek-sik bir b^^?ol^^?um oldu^^Ugu fark edildi. Rcv2.Rodr
igues fonksiy-onu ile ro-ta-syon vekt^^?or^^?unden
 []

[14 <./images/agizhesap.jpg> <./images/ikilandmark.jpg>]
<./images/redkullan.jpg, id=220, 798.73407pt x 149.05687pt>
File: ./images/redkullan.jpg Graphic file (type jpg)
<use ./images/redkullan.jpg>
Package pdftex.def Info: ./images/redkullan.jpg  used on input line 294.
(pdftex.def)             Requested size: 483.70483pt x 90.26724pt.

Overfull \hbox (28.46072pt too wide) in paragraph at lines 294--295
 [][] 
 []


Overfull \hbox (4.53307pt too wide) in paragraph at lines 297--297
\OT1/cmr/m/n/12 pitch de^^Ugeri kul-lan^^Plmaktad^^Pr.Bu de^^Uger d^^P^^Xs^^Pnd
aki de^^Uger ileriye d^^?on^^?uk olarak kul-lan^^Plabilece^^Ugi
 []

<./images/uyuklamakont.jpg, id=221, 825.83531pt x 322.95656pt>
File: ./images/uyuklamakont.jpg Graphic file (type jpg)
<use ./images/uyuklamakont.jpg>
Package pdftex.def Info: ./images/uyuklamakont.jpg  used on input line 300.
(pdftex.def)             Requested size: 483.69768pt x 189.15797pt.

Overfull \hbox (28.45357pt too wide) in paragraph at lines 300--301
 [][] 
 []

(final.bbl
Underfull \hbox (badness 10000) in paragraph at lines 4--9
[]\OT1/cmr/m/n/12 MonaOmidyeganehShervinShirmohammadiBehnooshHariri, ``Yawn-
 []


Underfull \hbox (badness 10000) in paragraph at lines 4--9
\OT1/cmr/m/n/12 ing de-tec-tion dataset.'' []$\OT1/cmtt/m/n/12 http : / / ieee-
[]dataport . org / open-[]access /
 []


Underfull \hbox (badness 3078) in paragraph at lines 11--13
[]\OT1/cmr/m/n/12 M. R. Lab, ``Mrl eye dataset.'' []$\OT1/cmtt/m/n/12 http : / 
/ mrl . cs . vsb . cz / eyedataset$[]\OT1/cmr/m/n/12 , 2021.
 []

[15 <./images/redkullan.jpg> <./images/uyuklamakont.jpg>]
Underfull \hbox (badness 1681) in paragraph at lines 21--24
[]\OT1/cmr/m/n/12 O. []ahin, ``Win-dows'a dlib k^^?ut^^?uphanesini kurma.'' []$
\OT1/cmtt/m/n/12 https : / / onursahin . net /
 []


Overfull \hbox (187.73372pt too wide) in paragraph at lines 26--30
\OT1/cmtt/m/n/12 net / figure / The-[]68-[]landmarks-[]detected-[]by-[]dlib-[]l
ibrary-[]This-[]image-[]was-[]created-[]by-[]Brandon-[]Amos-[]of-[]CMU _
 []


Underfull \hbox (badness 10000) in paragraph at lines 37--41
[]\OT1/cmr/m/n/12 T. Er-gin, ``Cnn nedir.'' []$\OT1/cmtt/m/n/12 https : / / med
ium . com / @tuncerergin /
 []


Overfull \hbox (58.32251pt too wide) in paragraph at lines 37--41
\OT1/cmtt/m/n/12 convolutional-[]neural-[]network-[]convnet-[]yada-[]cnn-[]nedi
r-[]nasil-[]calisir-[]97a0f5d34cad$[]\OT1/cmr/m/n/12 ,
 []


Underfull \hbox (badness 10000) in paragraph at lines 43--46
[][]\OT1/cmr/m/n/12 Ozg^^?ur Do^^Ugan, ``Cnn nedir.'' []$\OT1/cmtt/m/n/12 https
 : / / teknoloji . org /
 []


Underfull \hbox (badness 10000) in paragraph at lines 48--52
\OT1/cmtt/m/n/12 com / eadali / pytorch-[]drowsiness-[]detection / blob / main 
/ doc / process . png$[]\OT1/cmr/m/n/12 ,
 []


Underfull \hbox (badness 10000) in paragraph at lines 59--63
[]\OT1/cmr/m/n/12 neelanjan00, ``Driverdrowsi-ness-de-tec-tion.'' []$\OT1/cmtt/
m/n/12 https : / / github . com / neelanjan00 /
 []


Overfull \hbox (106.95868pt too wide) in paragraph at lines 65--69
\OT1/cmtt/m/n/12 Orientation-[]of-[]the-[]head-[]in-[]terms-[]of-[]pitch-[]roll
-[]and-[]yaw-[]movements-[]describing-[]the-[]three _
 []


Underfull \hbox (badness 10000) in paragraph at lines 76--79
[]\OT1/cmr/m/n/12 bulentsezen, ``ten-sor-flow-derino-grenme.'' []$\OT1/cmtt/m/n
/12 https : / / github . com / bulentsezen /
 []


Underfull \hbox (badness 2088) in paragraph at lines 81--85
[]\OT1/cmr/m/n/12 F. Co-gen, ``Driver fa-tigue de-tec-tion with im-age pro-cess
-ing.'' []$\OT1/cmtt/m/n/12 https : / / www .
 []


Underfull \hbox (badness 10000) in paragraph at lines 81--85
\OT1/cmtt/m/n/12 researchgate . net / publication / 345253476 _ Driver _ fatigu
e _ detection _ with _
 []

) [16] (final.aux)
 ***********
LaTeX2e <2023-11-01> patch level 1
L3 programming layer <2024-01-04>
 ***********


LaTeX Warning: There were multiply-defined labels.

Package rerunfilecheck Info: File `final.out' has not changed.
(rerunfilecheck)             Checksum: 06A49D1D4773C557A3C8F8D77083A9AB;2022.
 ) 
Here is how much of TeX's memory you used:
 12535 strings out of 474486
 206589 string characters out of 5743755
 1938542 words of memory out of 5000000
 34567 multiletter control sequences out of 15000+600000
 564410 words of font info for 58 fonts, out of 8000000 for 9000
 1141 hyphenation exceptions out of 8191
 89i,12n,95p,1106b,619s stack positions out of 10000i,1000n,20000p,200000b,200000s
 <C:\Users\semay\AppData\Local\MiKTeX\fonts/pk/ljfour/jknappen/ec/dpi600\tcrm
1200.pk><C:/Users/semay/AppData/Local/Programs/MiKTeX/fonts/type1/public/amsfon
ts/cm/cmbx10.pfb><C:/Users/semay/AppData/Local/Programs/MiKTeX/fonts/type1/publ
ic/amsfonts/cm/cmbx12.pfb><C:/Users/semay/AppData/Local/Programs/MiKTeX/fonts/t
ype1/public/amsfonts/cm/cmmi12.pfb><C:/Users/semay/AppData/Local/Programs/MiKTe
X/fonts/type1/public/amsfonts/cm/cmr10.pfb><C:/Users/semay/AppData/Local/Progra
ms/MiKTeX/fonts/type1/public/amsfonts/cm/cmr12.pfb><C:/Users/semay/AppData/Loca
l/Programs/MiKTeX/fonts/type1/public/amsfonts/cm/cmr17.pfb><C:/Users/semay/AppD
ata/Local/Programs/MiKTeX/fonts/type1/public/amsfonts/cm/cmsy10.pfb><C:/Users/s
emay/AppData/Local/Programs/MiKTeX/fonts/type1/public/amsfonts/cm/cmtt12.pfb>
Output written on final.pdf (18 pages, 2120550 bytes).
PDF statistics:
 329 PDF objects out of 1000 (max. 8388607)
 73 named destinations out of 1000 (max. 500000)
 209 words of extra memory for PDF output out of 10000 (max. 10000000)

