This is pdfTeX, Version 3.141592653-2.6-1.40.25 (MiKTeX 24.1) (preloaded format=pdflatex 2024.3.1)  13 JUN 2024 18:05
entering extended mode
 restricted \write18 enabled.
 %&-line parsing enabled.
**./final-raporu-2118121010.tex
(final-raporu-2118121010.tex
LaTeX2e <2023-11-01> patch level 1
L3 programming layer <2024-01-04>
(C:\Users\Lenovo\AppData\Local\Programs\MiKTeX\tex/latex/base\article.cls
Document Class: article 2023/05/17 v1.4n Standard LaTeX document class
(C:\Users\Lenovo\AppData\Local\Programs\MiKTeX\tex/latex/base\size12.clo
File: size12.clo 2023/05/17 v1.4n Standard LaTeX file (size option)
)
\c@part=\count187
\c@section=\count188
\c@subsection=\count189
\c@subsubsection=\count190
\c@paragraph=\count191
\c@subparagraph=\count192
\c@figure=\count193
\c@table=\count194
\abovecaptionskip=\skip48
\belowcaptionskip=\skip49
\bibindent=\dimen140
)
(C:\Users\Lenovo\AppData\Local\Programs\MiKTeX\tex/latex/base\fontenc.sty
Package: fontenc 2021/04/29 v2.0v Standard LaTeX package
)
(C:\Users\Lenovo\AppData\Local\Programs\MiKTeX\tex/latex/graphics\graphicx.sty
Package: graphicx 2021/09/16 v1.2d Enhanced LaTeX Graphics (DPC,SPQR)

(C:\Users\Lenovo\AppData\Local\Programs\MiKTeX\tex/latex/graphics\keyval.sty
Package: keyval 2022/05/29 v1.15 key=value parser (DPC)
\KV@toks@=\toks17
)
(C:\Users\Lenovo\AppData\Local\Programs\MiKTeX\tex/latex/graphics\graphics.sty
Package: graphics 2022/03/10 v1.4e Standard LaTeX Graphics (DPC,SPQR)

(C:\Users\Lenovo\AppData\Local\Programs\MiKTeX\tex/latex/graphics\trig.sty
Package: trig 2021/08/11 v1.11 sin cos tan (DPC)
)
(C:\Users\Lenovo\AppData\Local\Programs\MiKTeX\tex/latex/graphics-cfg\graphics.
cfg
File: graphics.cfg 2016/06/04 v1.11 sample graphics configuration
)
Package graphics Info: Driver file: pdftex.def on input line 107.

(C:\Users\Lenovo\AppData\Local\Programs\MiKTeX\tex/latex/graphics-def\pdftex.de
f
File: pdftex.def 2022/09/22 v1.2b Graphics/color driver for pdftex
))
\Gin@req@height=\dimen141
\Gin@req@width=\dimen142
)
(C:\Users\Lenovo\AppData\Local\Programs\MiKTeX\tex/latex/amsmath\amsmath.sty
Package: amsmath 2023/05/13 v2.17o AMS math features
\@mathmargin=\skip50

For additional information on amsmath, use the `?' option.
(C:\Users\Lenovo\AppData\Local\Programs\MiKTeX\tex/latex/amsmath\amstext.sty
Package: amstext 2021/08/26 v2.01 AMS text

(C:\Users\Lenovo\AppData\Local\Programs\MiKTeX\tex/latex/amsmath\amsgen.sty
File: amsgen.sty 1999/11/30 v2.0 generic functions
\@emptytoks=\toks18
\ex@=\dimen143
))
(C:\Users\Lenovo\AppData\Local\Programs\MiKTeX\tex/latex/amsmath\amsbsy.sty
Package: amsbsy 1999/11/29 v1.2d Bold Symbols
\pmbraise@=\dimen144
)
(C:\Users\Lenovo\AppData\Local\Programs\MiKTeX\tex/latex/amsmath\amsopn.sty
Package: amsopn 2022/04/08 v2.04 operator names
)
\inf@bad=\count195
LaTeX Info: Redefining \frac on input line 234.
\uproot@=\count196
\leftroot@=\count197
LaTeX Info: Redefining \overline on input line 399.
LaTeX Info: Redefining \colon on input line 410.
\classnum@=\count198
\DOTSCASE@=\count199
LaTeX Info: Redefining \ldots on input line 496.
LaTeX Info: Redefining \dots on input line 499.
LaTeX Info: Redefining \cdots on input line 620.
\Mathstrutbox@=\box51
\strutbox@=\box52
LaTeX Info: Redefining \big on input line 722.
LaTeX Info: Redefining \Big on input line 723.
LaTeX Info: Redefining \bigg on input line 724.
LaTeX Info: Redefining \Bigg on input line 725.
\big@size=\dimen145
LaTeX Font Info:    Redeclaring font encoding OML on input line 743.
LaTeX Font Info:    Redeclaring font encoding OMS on input line 744.
\macc@depth=\count266
LaTeX Info: Redefining \bmod on input line 905.
LaTeX Info: Redefining \pmod on input line 910.
LaTeX Info: Redefining \smash on input line 940.
LaTeX Info: Redefining \relbar on input line 970.
LaTeX Info: Redefining \Relbar on input line 971.
\c@MaxMatrixCols=\count267
\dotsspace@=\muskip16
\c@parentequation=\count268
\dspbrk@lvl=\count269
\tag@help=\toks19
\row@=\count270
\column@=\count271
\maxfields@=\count272
\andhelp@=\toks20
\eqnshift@=\dimen146
\alignsep@=\dimen147
\tagshift@=\dimen148
\tagwidth@=\dimen149
\totwidth@=\dimen150
\lineht@=\dimen151
\@envbody=\toks21
\multlinegap=\skip51
\multlinetaggap=\skip52
\mathdisplay@stack=\toks22
LaTeX Info: Redefining \[ on input line 2953.
LaTeX Info: Redefining \] on input line 2954.
)
(C:\Users\Lenovo\AppData\Local\Programs\MiKTeX\tex/latex/datetime\datetime.sty
Package: datetime 2015/03/20 v2.60 Date Time Package

(C:\Users\Lenovo\AppData\Local\Programs\MiKTeX\tex/latex/etoolbox\etoolbox.sty
Package: etoolbox 2020/10/05 v2.5k e-TeX tools for LaTeX (JAW)
\etb@tempcnta=\count273
) (C:\Users\Lenovo\AppData\Local\Programs\MiKTeX\tex/latex/fmtcount\fmtcount.st
y
Package: fmtcount 2020/01/30 v3.07
(C:\Users\Lenovo\AppData\Local\Programs\MiKTeX\tex/latex/base\ifthen.sty
Package: ifthen 2022/04/13 v1.1d Standard LaTeX ifthen package (DPC)
)
(C:\Users\Lenovo\AppData\Local\Programs\MiKTeX\tex/latex/xkeyval\xkeyval.sty
Package: xkeyval 2022/06/16 v2.9 package option processing (HA)

(C:\Users\Lenovo\AppData\Local\Programs\MiKTeX\tex/generic/xkeyval\xkeyval.tex
(C:\Users\Lenovo\AppData\Local\Programs\MiKTeX\tex/generic/xkeyval\xkvutils.tex
\XKV@toks=\toks23
\XKV@tempa@toks=\toks24
)
\XKV@depth=\count274
File: xkeyval.tex 2014/12/03 v2.7a key=value parser (HA)
))
(C:\Users\Lenovo\AppData\Local\Programs\MiKTeX\tex/latex/fmtcount\fcprefix.sty
Package: fcprefix 2012/09/28

(C:\Users\Lenovo\AppData\Local\Programs\MiKTeX\tex/latex/fmtcount\fcnumparser.s
ty
Package: fcnumparser 2017/06/15
\fc@digit@counter=\count275
))
\c@padzeroesN=\count276
\fc@tmpcatcode=\count277
\@DT@modctr=\count278
\@ordinalctr=\count279
\@orgargctr=\count280
\@strctr=\count281
\@tmpstrctr=\count282
\@DT@loopN=\count283
\@DT@X=\count284
)
(C:\Users\Lenovo\AppData\Local\Programs\MiKTeX\tex/latex/datetime\datetime-defa
ults.sty
Package: datetime-defaults 2013/09/10
)
\@day=\count285
\@month=\count286
\@year=\count287
\c@HOUR=\count288
\c@HOURXII=\count289
\c@MINUTE=\count290
\c@TOHOUR=\count291
\c@TOMINUTE=\count292
\c@SECOND=\count293
\currenthour=\count294
\currentminute=\count295
\currentsecond=\count296
Package datetime Info: No datetime.cfg file found, using default settings on in
put line 308.
\@dtctr=\count297
\dayofyear=\count298
\dayofweek=\count299
LaTeX Info: Redefining \today on input line 736.
\dt@a=\toks25
\dt@b=\toks26
)
(C:\Users\Lenovo\AppData\Local\Programs\MiKTeX\tex/latex/pdflscape\pdflscape.st
y
Package: pdflscape 2022-10-27 v0.13 Display of landscape pages in PDF

(C:\Users\Lenovo\AppData\Local\Programs\MiKTeX\tex/latex/pdflscape\pdflscape-no
metadata.sty
Package: pdflscape-nometadata 2022-10-28 v0.13 Display of landscape pages in PD
F (HO)

(C:\Users\Lenovo\AppData\Local\Programs\MiKTeX\tex/generic/iftex\iftex.sty
Package: iftex 2022/02/03 v1.0f TeX engine tests
)
(C:\Users\Lenovo\AppData\Local\Programs\MiKTeX\tex/latex/graphics\lscape.sty
Package: lscape 2020/05/28 v3.02 Landscape Pages (DPC)
)
Package pdflscape Info: Auto-detected driver: pdftex on input line 81.
))
(C:\Users\Lenovo\AppData\Local\Programs\MiKTeX\tex/latex/caption\subcaption.sty
Package: subcaption 2023/07/28 v1.6b Sub-captions (AR)
(C:\Users\Lenovo\AppData\Local\Programs\MiKTeX\tex/latex/caption\caption.sty
Package: caption 2023/08/05 v3.6o Customizing captions (AR)

(C:\Users\Lenovo\AppData\Local\Programs\MiKTeX\tex/latex/caption\caption3.sty
Package: caption3 2023/07/31 v2.4d caption3 kernel (AR)
\caption@tempdima=\dimen152
\captionmargin=\dimen153
\caption@leftmargin=\dimen154
\caption@rightmargin=\dimen155
\caption@width=\dimen156
\caption@indent=\dimen157
\caption@parindent=\dimen158
\caption@hangindent=\dimen159
Package caption Info: Standard document class detected.
)
\c@caption@flags=\count300
\c@continuedfloat=\count301
)
Package caption Info: New subtype `subfigure' on input line 238.
\c@subfigure=\count302
Package caption Info: New subtype `subtable' on input line 238.
\c@subtable=\count303
) (C:\Users\Lenovo\AppData\Local\Programs\MiKTeX\tex/latex/url\url.sty
\Urlmuskip=\muskip17
Package: url 2013/09/16  ver 3.4  Verb mode for urls, etc.
)
(C:\Users\Lenovo\AppData\Local\Programs\MiKTeX\tex/latex/xcolor\xcolor.sty
Package: xcolor 2023/11/15 v3.01 LaTeX color extensions (UK)

(C:\Users\Lenovo\AppData\Local\Programs\MiKTeX\tex/latex/graphics-cfg\color.cfg
File: color.cfg 2016/01/02 v1.6 sample color configuration
)
Package xcolor Info: Driver file: pdftex.def on input line 274.

(C:\Users\Lenovo\AppData\Local\Programs\MiKTeX\tex/latex/graphics\mathcolor.ltx
)
Package xcolor Info: Model `cmy' substituted by `cmy0' on input line 1350.
Package xcolor Info: Model `hsb' substituted by `rgb' on input line 1354.
Package xcolor Info: Model `RGB' extended on input line 1366.
Package xcolor Info: Model `HTML' substituted by `rgb' on input line 1368.
Package xcolor Info: Model `Hsb' substituted by `hsb' on input line 1369.
Package xcolor Info: Model `tHsb' substituted by `hsb' on input line 1370.
Package xcolor Info: Model `HSB' substituted by `hsb' on input line 1371.
Package xcolor Info: Model `Gray' substituted by `gray' on input line 1372.
Package xcolor Info: Model `wave' substituted by `hsb' on input line 1373.
)
(C:\Users\Lenovo\AppData\Local\Programs\MiKTeX\tex/latex/l3backend\l3backend-pd
ftex.def
File: l3backend-pdftex.def 2024-01-04 L3 backend support: PDF output (pdfTeX)
\l__color_backend_stack_int=\count304
\l__pdf_internal_box=\box53
) (final-raporu-2118121010.aux)
\openout1 = `final-raporu-2118121010.aux'.

LaTeX Font Info:    Checking defaults for OML/cmm/m/it on input line 43.
LaTeX Font Info:    ... okay on input line 43.
LaTeX Font Info:    Checking defaults for OMS/cmsy/m/n on input line 43.
LaTeX Font Info:    ... okay on input line 43.
LaTeX Font Info:    Checking defaults for OT1/cmr/m/n on input line 43.
LaTeX Font Info:    ... okay on input line 43.
LaTeX Font Info:    Checking defaults for T1/cmr/m/n on input line 43.
LaTeX Font Info:    ... okay on input line 43.
LaTeX Font Info:    Checking defaults for TS1/cmr/m/n on input line 43.
LaTeX Font Info:    ... okay on input line 43.
LaTeX Font Info:    Checking defaults for OMX/cmex/m/n on input line 43.
LaTeX Font Info:    ... okay on input line 43.
LaTeX Font Info:    Checking defaults for U/cmr/m/n on input line 43.
LaTeX Font Info:    ... okay on input line 43.

(C:\Users\Lenovo\AppData\Local\Programs\MiKTeX\tex/context/base/mkii\supp-pdf.m
kii
[Loading MPS to PDF converter (version 2006.09.02).]
\scratchcounter=\count305
\scratchdimen=\dimen160
\scratchbox=\box54
\nofMPsegments=\count306
\nofMParguments=\count307
\everyMPshowfont=\toks27
\MPscratchCnt=\count308
\MPscratchDim=\dimen161
\MPnumerator=\count309
\makeMPintoPDFobject=\count310
\everyMPtoPDFconversion=\toks28
)
(C:\Users\Lenovo\AppData\Local\Programs\MiKTeX\tex/latex/epstopdf-pkg\epstopdf-
base.sty
Package: epstopdf-base 2020-01-24 v2.11 Base part for package epstopdf
Package epstopdf-base Info: Redefining graphics rule for `.eps' on input line 4
85.

(C:\Users\Lenovo\AppData\Local\Programs\MiKTeX\tex/latex/00miktex\epstopdf-sys.
cfg
File: epstopdf-sys.cfg 2021/03/18 v2.0 Configuration of epstopdf for MiKTeX
))
(C:\Users\Lenovo\AppData\Local\Programs\MiKTeX\tex/latex/fmtcount\fc-english.de
f
File: fc-english.def 2016/01/12
)
Package caption Info: Begin \AtBeginDocument code.
Package caption Info: End \AtBeginDocument code.

Overfull \hbox (20.2009pt too wide) in paragraph at lines 45--45
[]\OT1/cmr/bx/n/14.4 T.C K[]UTAHYA SA[]GLIK B[]IL[]IMLER[]I []UN[]IVERS[]ITES[]
I 
 []


Underfull \hbox (badness 10000) in paragraph at lines 45--45

 []

<./images/muh_logo.png, id=1, 903.375pt x 903.375pt>
File: ./images/muh_logo.png Graphic file (type png)
<use ./images/muh_logo.png>
Package pdftex.def Info: ./images/muh_logo.png  used on input line 45.
(pdftex.def)             Requested size: 170.71652pt x 170.70569pt.
[1

{C:/Users/Lenovo/AppData/Local/MiKTeX/fonts/map/pdftex/pdftex.map} <./images/mu
h_logo.png>]
<./images/işaretTabanli.png, id=10, 151.16475pt x 216.81pt>
File: ./images/işaretTabanli.png Graphic file (type png)
<use ./images/işaretTabanli.png>
Package pdftex.def Info: ./images/işaretTabanli.png  used on input line 64.
(pdftex.def)             Requested size: 142.27017pt x 142.27127pt.
<./images/işaretTabanliOlmayan.png, id=11, 479.391pt x 339.06676pt>
File: ./images/işaretTabanliOlmayan.png Graphic file (type png)
<use ./images/işaretTabanliOlmayan.png>
Package pdftex.def Info: ./images/işaretTabanliOlmayan.png  used on input line
 68.
(pdftex.def)             Requested size: 142.26764pt x 142.26219pt.

Overfull \hbox (5.11812pt too wide) in paragraph at lines 55--73
\OT1/cmr/m/n/12 Hareket yakalama teknolo-jisi (mo-tion cap-ture), y^^?uzy^^Pl^^
P a^^Xsk^^Pn bir s^^?ure i^^Xcerisinde
 []


Overfull \hbox (6.232pt too wide) in paragraph at lines 55--73
\OT1/cmr/m/n/12 in-sanl^^P^^Ug^^Pn geli^^Xstirdi^^Ugi teknolo-jinin etk-i-leri 
ile b^^?uy^^?uk ^^?ol^^Xc^^?ude geli^^Xsim g^^?ostermi^^Xstir.
 []


Overfull \hbox (8.32086pt too wide) in paragraph at lines 55--73
\OT1/cmr/m/n/12 al^^Pc^^Pya iletilmesi olarak tan^^Pmlanan hareket yakalama tek
nolo-jisi [[]], i^^Xsaretleyici
 []


Overfull \hbox (1.87602pt too wide) in paragraph at lines 55--73
\OT1/cmr/m/n/12 ta-banl^^P ve i^^Xsaretleyici ta-banl^^P ol-mayan sis-tem-ler o
larak ikiye ayr^^Plm^^P^^Xst^^Pr. []I^^Xsaret
 []


Overfull \hbox (24.70541pt too wide) in paragraph at lines 55--73
\OT1/cmr/m/n/12 v^^?ucudunun ^^?onemli ek-lem b^^?olgelerine yerle^^Xstirilerek
 hareket bil-gisinin ^^?uretilmesidir.
 []

[1 <./images/işaretTabanli.png> <./images/işaretTabanliOlmayan.png>]
Overfull \hbox (10.61531pt too wide) in paragraph at lines 78--81
\OT1/cmr/m/n/12 filmi olan Hu-mor-ous Phases Faces'i (Komik Y^^?uzlerin Mizahi 
Evreleri) g^^?osterime
 []

<./images/film.png, id=19, 490.2315pt x 145.7445pt>
File: ./images/film.png Graphic file (type png)
<use ./images/film.png>
Package pdftex.def Info: ./images/film.png  used on input line 84.
(pdftex.def)             Requested size: 284.52895pt x 85.35915pt.

Overfull \hbox (10.3315pt too wide) in paragraph at lines 90--96
\OT1/cmr/m/n/12 yard^^Pm^^P ile ger^^Xcek za-manl^^P olarak kay-det-meyi ba^^Xs
arm^^P^^Xst^^Pr. Bu ilkel bir te^^Xchizatt^^P
 []


Overfull \hbox (5.14404pt too wide) in paragraph at lines 90--96
\OT1/cmr/m/n/12 an-cak ger^^Xcek za-manl^^P hareket yakala-man^^Pn ilk ^^?orne^
^Ugidir. 1980'lere gelindi^^Uginde
 []


Underfull \hbox (badness 10000) in paragraph at lines 90--96

 []


Overfull \hbox (21.65082pt too wide) in paragraph at lines 97--98
\OT1/cmr/m/n/12 ad^^P ver-ilen is-tatis-tik-sel bir ^^Xc^^Pkar^^Pm y^^?ontemi k
ul-lan^^Pl^^Pr. SMA, kareler ve g^^?or^^?un^^?umler
 []


Underfull \hbox (badness 10000) in paragraph at lines 97--98

 []

[2 <./images/film.png>]
Overfull \hbox (2.84871pt too wide) in paragraph at lines 105--106
\OT1/cmr/m/n/12 Mediapipe, Google taraf^^Pndan geli^^Xstirilmi^^Xs ^^?ucretsiz 
ve a^^Xc^^Pk kay-nakl^^P bir makine
 []


Overfull \hbox (5.34035pt too wide) in paragraph at lines 105--106
\OT1/cmr/m/n/12 g^^?orevleri ger^^Xcekle^^Xstirmek i^^Xcin tasar-lanm^^P^^Xst^^
Pr.[[]] Me-di-aPipe'^^Pn Holis-tic y^^?ontemi,
 []

<./images/pose_landmarks_index.png, id=24, 725.71124pt x 859.21pt>
File: ./images/pose_landmarks_index.png Graphic file (type png)
<use ./images/pose_landmarks_index.png>
Package pdftex.def Info: ./images/pose_landmarks_index.png  used on input line 
109.
(pdftex.def)             Requested size: 227.61472pt x 170.71146pt.

Overfull \hbox (61.7828pt too wide) in paragraph at lines 116--118
\OT1/cmr/m/n/12 g^^?orsel efekt, ^^?u^^Xc boyutlu model ve sanal ger^^Xceklik m
od-el-leri ^^?uretiminde kullan^^Plmaktad^^Pr.[[]] 
 []


Underfull \hbox (badness 10000) in paragraph at lines 116--118

 []

[3 <./images/pose_landmarks_index.png>]
<./images/karakter.png, id=29, 584.1825pt x 495.35063pt>
File: ./images/karakter.png Graphic file (type png)
<use ./images/karakter.png>
Package pdftex.def Info: ./images/karakter.png  used on input line 122.
(pdftex.def)             Requested size: 426.80623pt x 284.52962pt.

Overfull \hbox (36.80623pt too wide) in paragraph at lines 122--123
 [][] 
 []

[4 <./images/karakter.png>]
<./images/iskelet-Photoroom.png, id=34, 761.84625pt x 671.50874pt>
File: ./images/iskelet-Photoroom.png Graphic file (type png)
<use ./images/iskelet-Photoroom.png>
Package pdftex.def Info: ./images/iskelet-Photoroom.png  used on input line 131
.
(pdftex.def)             Requested size: 426.78212pt x 256.06741pt.

Overfull \hbox (36.78212pt too wide) in paragraph at lines 131--132
 [][] 
 []


Underfull \hbox (badness 6775) in paragraph at lines 132--132
[][]\OT1/cmr/m/n/12 ekil 5: |Blender or-tam^^Pnda karak-tere iskeletin yerle^^X
stirilmesi ve
 []

<./images/rokoko1.png, id=35, 574.39594pt x 309.40594pt>
File: ./images/rokoko1.png Graphic file (type png)
<use ./images/rokoko1.png>
Package pdftex.def Info: ./images/rokoko1.png  used on input line 144.
(pdftex.def)             Requested size: 199.16595pt x 142.26707pt.

Overfull \hbox (1.69316pt too wide) in paragraph at lines 140--147
\OT1/cmr/m/n/12 Bu panel, an-i-masy-on-lar^^Pn yeniden hede-flen-mesi i^^Xsleml
erini ger^^Xcekle^^Xstirmemize
 []


Overfull \hbox (7.99448pt too wide) in paragraph at lines 140--147
\OT1/cmr/m/n/12 or-ji-nal iskeleti tem-sil ed-erken, hedef iskelet, an-i-masy-o
nun yeniden hede-flenece^^Ugi
 []

[5 <./images/iskelet-Photoroom.png>]
<./images/rokoko4.png, id=40, 363.60844pt x 452.4403pt>
File: ./images/rokoko4.png Graphic file (type png)
<use ./images/rokoko4.png>
Package pdftex.def Info: ./images/rokoko4.png  used on input line 151.
(pdftex.def)             Requested size: 170.71844pt x 199.1641pt.
<./images/pose2.png, id=41, 902.1705pt x 532.389pt>
File: ./images/pose2.png Graphic file (type png)
<use ./images/pose2.png>
Package pdftex.def Info: ./images/pose2.png  used on input line 156.
(pdftex.def)             Requested size: 426.78716pt x 284.5288pt.

Overfull \hbox (36.78716pt too wide) in paragraph at lines 156--157
 [][] 
 []


LaTeX Warning: `h' float specifier changed to `ht'.


Overfull \hbox (6.97098pt too wide) in paragraph at lines 163--164
\OT1/cmr/m/n/12 BVH dosya for-mat^^Pn^^Pn ge^^Xcmi^^Xsi ve geli^^Xsimi 1990'lar
a kadar uzan^^Pr ve ba^^Xslang^^P^^Xcta
 []

[6 <./images/rokoko1.png> <./images/rokoko4.png>]
<./images/bvhyeni.png, id=48, 623.32875pt x 285.31593pt>
File: ./images/bvhyeni.png Graphic file (type png)
<use ./images/bvhyeni.png>
Package pdftex.def Info: ./images/bvhyeni.png  used on input line 168.
(pdftex.def)             Requested size: 241.85126pt x 142.26143pt.

Overfull \hbox (9.03891pt too wide) in paragraph at lines 165--171
\OT1/cmr/m/n/12 ger^^Xce^^Uge yak^^Pn an-i-masy-on-lar olu^^Xsturmak i^^Xcin ^^
?onemli bir ara^^Xc ha-line gelmi^^Xstir.[[]]
 []


LaTeX Warning: `h' float specifier changed to `ht'.

[7 <./images/pose2.png>]
Overfull \hbox (18.56877pt too wide) in paragraph at lines 176--177
[]\OT1/cmr/bx/n/12 Kanal veya ^^?ozg^^?url^^?uk dere-cesi (DOF)\OT1/cmr/m/n/12 
: Bir kemi^^Ugin an-i-masyon s^^Pras^^Pnda
 []


Overfull \hbox (14.17453pt too wide) in paragraph at lines 182--186
\OT1/cmr/m/n/12 ^^?ozellikleri vard^^Pr. OFF-SET, Her ek-lemin, ebeveyn ek-leme
 g^^?ore yer de^^Ugi^^Xstirmesini
 []


Overfull \hbox (1.85843pt too wide) in paragraph at lines 182--186
\OT1/cmr/m/n/12 d^^?u^^Ug^^?um^^?un bir ek-lem nok-tas^^Pn^^P tem-sil etti^^Ugi
ni be-lir-tir ve alt^^Pnda ba^^Xska d^^?u^^Ug^^?umler
 []


Underfull \hbox (badness 10000) in paragraph at lines 189--194

 []

[8 <./images/bvhyeni.png>]
<./images/kemik-tamamlama.png, id=58, 504.38437pt x 373.395pt>
File: ./images/kemik-tamamlama.png Graphic file (type png)
<use ./images/kemik-tamamlama.png>
Package pdftex.def Info: ./images/kemik-tamamlama.png  used on input line 202.
(pdftex.def)             Requested size: 426.79697pt x 142.26192pt.

Overfull \hbox (36.79697pt too wide) in paragraph at lines 202--203
 [][] 
 []

<./images/code1.png, id=59, 658.71094pt x 356.0803pt>
File: ./images/code1.png Graphic file (type png)
<use ./images/code1.png>
Package pdftex.def Info: ./images/code1.png  used on input line 208.
(pdftex.def)             Requested size: 426.80013pt x 199.16997pt.

Overfull \hbox (36.80013pt too wide) in paragraph at lines 208--209
 [][] 
 []


LaTeX Warning: `h' float specifier changed to `ht'.

<./images/code2.png, id=60, 696.35156pt x 427.5975pt>
File: ./images/code2.png Graphic file (type png)
<use ./images/code2.png>
Package pdftex.def Info: ./images/code2.png  used on input line 215.
(pdftex.def)             Requested size: 512.1682pt x 227.61732pt.

Overfull \hbox (122.1682pt too wide) in paragraph at lines 215--216
 [][] 
 []


Overfull \hbox (1.65843pt too wide) in paragraph at lines 211--217
\OT1/cmr/m/n/12 al^^Pnd^^Pktan sonra sol kal^^Xca ve sa^^Ug kal^^Xcan^^Pnda ort
a nok-tas^^P tespit edilir.Ard^^Pndan
 []


LaTeX Warning: `!h' float specifier changed to `!ht'.

<./images/ant.png, id=61, 554.07pt x 545.78906pt>
File: ./images/ant.png Graphic file (type png)
<use ./images/ant.png>
Package pdftex.def Info: ./images/ant.png  used on input line 221.
(pdftex.def)             Requested size: 227.61826pt x 199.16554pt.

Overfull \hbox (34.68448pt too wide) in paragraph at lines 218--224
\OT1/cmr/m/n/12 Antropometri, Yu-nanca antro-pos (in-san) ve me-trein (be-lir-l
eme, ^^?ol^^Xc^^?u) s^^?ozc^^?uklerinden
 []

[9 <./images/kemik-tamamlama.png>]

LaTeX Warning: `h' float specifier changed to `ht'.

<./images/bas.png, id=69, 394.47375pt x 481.8pt>
File: ./images/bas.png Graphic file (type png)
<use ./images/bas.png>
Package pdftex.def Info: ./images/bas.png  used on input line 228.
(pdftex.def)             Requested size: 227.62119pt x 142.26208pt.

LaTeX Warning: `h' float specifier changed to `ht'.

[10 <./images/code1.png> <./images/code2.png>]
<./images/yan.png, id=75, 490.08093pt x 396.7322pt>
File: ./images/yan.png Graphic file (type png)
<use ./images/yan.png>
Package pdftex.def Info: ./images/yan.png  used on input line 236.
(pdftex.def)             Requested size: 142.26192pt x 142.26654pt.
<./images/fh.png, id=76, 588.69937pt x 464.4853pt>
File: ./images/fh.png Graphic file (type png)
<use ./images/fh.png>
Package pdftex.def Info: ./images/fh.png  used on input line 240.
(pdftex.def)             Requested size: 142.26086pt x 142.2667pt.


LaTeX Warning: `!h' float specifier changed to `!ht'.


Overfull \hbox (8.38614pt too wide) in paragraph at lines 247--251
\OT1/cmr/m/n/12 Temelde, bir nes-nenin veya bir yap^^Pt^^Pn es-tetik olarak ho^
^Xs ve den-geli g^^?or^^?unmesini
 []


Overfull \hbox (15.04024pt too wide) in paragraph at lines 247--251
\OT1/cmr/m/n/12 minde, Akci^^Ugerlerde ve uza-yda ol-mak ^^?uzere pek ^^Xcok ye
rde kar^^Xs^^Pm^^Pza ^^Xc^^Pkmaktad^^Pr. 
 []


Underfull \hbox (badness 10000) in paragraph at lines 247--251

 []

[11 <./images/ant.png> <./images/bas.png>] [12 <./images/yan.png> <./images/fh.
png>]
Overfull \hbox (23.88737pt too wide) in paragraph at lines 283--287
\OT1/cmr/m/n/12 D^^?onme ma-trisin amac^^P []Oklid uzay^^Pnda vekt^^?orlerin ro
-ta-sy-onunu ger^^Xcekle^^Xstirmektir.
 []


Overfull \hbox (7.66393pt too wide) in paragraph at lines 283--287
\OT1/cmr/m/n/12 de^^Ugi^^Xstirmek ya da vekt^^?or^^?un Kartezyen ko-or-di-nat-l
ar^^Pn^^P yeni ko-ri-nat-larla e^^Xslemek
 []


Overfull \hbox (3.8385pt too wide) in paragraph at lines 283--287
\OT1/cmr/m/n/12 leri, robotik, bil-gisa-yar g^^?or^^?u^^Xs^^?u gibi alan-larda 
yayg^^Pn olarak kul-lan^^Pl^^Pr. []Ozellikle
 []


Underfull \hbox (badness 10000) in paragraph at lines 283--287

 []

[13]
Overfull \hbox (11.04955pt too wide) in paragraph at lines 321--322
[]\OT1/cmr/m/n/12 Bu soru-nun ya^^Xsanmamas^^P i^^Xcin Quater-nion'lar kul-lan^
^Pl^^Pyor. Quater-nion'larda
 []


Overfull \hbox (29.53592pt too wide) in paragraph at lines 321--322
\OT1/cmr/m/n/12 niy-on-lar, vekt^^?orlerin d^^?ond^^?ur^^?ulmesi, uzay ge-ometr
isinde ro-ta-sy-on-lar^^Pn tan^^Pmlanmas^^P
 []

<./images/quaternion.png, id=95, 220.825pt x 220.825pt>
File: ./images/quaternion.png Graphic file (type png)
<use ./images/quaternion.png>
Package pdftex.def Info: ./images/quaternion.png  used on input line 326.
(pdftex.def)             Requested size: 227.63423pt x 142.27097pt.
<./images/quaternion-1.png, id=96, 252.945pt x 142.86708pt>
File: ./images/quaternion-1.png Graphic file (type png)
<use ./images/quaternion-1.png>
Package pdftex.def Info: ./images/quaternion-1.png  used on input line 334.
(pdftex.def)             Requested size: 284.53154pt x 142.2694pt.

LaTeX Warning: `h' float specifier changed to `ht'.

! You can't use `macro parameter character #' in horizontal mode.
l.337 ...inatlara dönüştürmek amacıyla bir C#
                                                   projesi oluşturduk. Her ...
Sorry, but I'm not programmed to handle this case;
I'll just pretend that you didn't ask for it.
If you're in the wrong mode, you might be able to
return to the right one by typing `I}' or `I$' or `I\par'.

<./images/3-1.png, id=97, 580.41844pt x 326.72063pt>
File: ./images/3-1.png Graphic file (type png)
<use ./images/3-1.png>
Package pdftex.def Info: ./images/3-1.png  used on input line 340.
(pdftex.def)             Requested size: 227.61989pt x 199.16966pt.

Overfull \hbox (23.39857pt too wide) in paragraph at lines 337--343
\OT1/cmr/m/n/12 mat^^Pndaki de^^Ugerleri ko-or-di-nat-lara d^^?on^^?u^^Xst^^?ur
mek amac^^Pyla bir C pro-jesi olu^^Xsturduk.
 []

[14 <./images/quaternion.png>]
Overfull \hbox (7.69865pt too wide) in paragraph at lines 345--346
\OT1/cmr/m/n/12 Euler a^^Xc^^Ps^^P kul-la-narak ek-lem-lerin ro-ta-syon hesapla
-mas^^P ya-parken ^^Xc^^Pkan sonu^^Xclar
 []

[15 <./images/quaternion-1.png> <./images/3-1.png>]
<./images/hata1.png, id=106, 739.26187pt x 386.94562pt>
File: ./images/hata1.png Graphic file (type png)
<use ./images/hata1.png>
Package pdftex.def Info: ./images/hata1.png  used on input line 350.
(pdftex.def)             Requested size: 341.42949pt x 199.16998pt.
<./images/hata2.png, id=107, 758.835pt x 438.8897pt>
File: ./images/hata2.png Graphic file (type png)
<use ./images/hata2.png>
Package pdftex.def Info: ./images/hata2.png  used on input line 356.
(pdftex.def)             Requested size: 341.43787pt x 170.71759pt.

Overfull \hbox (39.51498pt too wide) in paragraph at lines 360--361
\OT1/cmr/m/n/12 Vize ^^?oncesi haz^^Prlanan gantt ^^Xsemas^^Pnda bvh dosya for-
mat^^Pna 14 g^^?un ayr^^Plm^^P^^Xst^^Pr.Ancak
 []

[16 <./images/hata1.png> <./images/hata2.png>] (final-raporu-2118121010.bbl
Underfull \hbox (badness 10000) in paragraph at lines 23--26
[]\OT1/cmr/m/n/12 G. De-vel-op-ers, ``Me-di-apipe.'' $\OT1/cmtt/m/n/12 https : 
/ / ai . google . dev / edge /
 []


Underfull \hbox (badness 5331) in paragraph at lines 36--39
[]\OT1/cmr/m/n/12 Wikipedia, ``Blender(yaz^^Pl^^Pm).'' $\OT1/cmtt/m/n/12 https 
: / / tr . wikipedia . org / wiki /
 []

[17]) [18] (final-raporu-2118121010.aux)
 ***********
LaTeX2e <2023-11-01> patch level 1
L3 programming layer <2024-01-04>
 ***********
 ) 
Here is how much of TeX's memory you used:
 5983 strings out of 474486
 99503 string characters out of 5743284
 1934542 words of memory out of 5000000
 28206 multiletter control sequences out of 15000+600000
 564458 words of font info for 58 fonts, out of 8000000 for 9000
 1141 hyphenation exceptions out of 8191
 83i,10n,131p,1294b,565s stack positions out of 10000i,1000n,20000p,200000b,200000s
 <C:\Users\Lenovo\AppData\Local\MiKTeX\fonts/pk/ljfour/jknappen/ec/dpi600\tcr
m1200.pk><C:/Users/Lenovo/AppData/Local/Programs/MiKTeX/fonts/type1/public/amsf
onts/cm/cmbx10.pfb><C:/Users/Lenovo/AppData/Local/Programs/MiKTeX/fonts/type1/p
ublic/amsfonts/cm/cmbx12.pfb><C:/Users/Lenovo/AppData/Local/Programs/MiKTeX/fon
ts/type1/public/amsfonts/cm/cmex10.pfb><C:/Users/Lenovo/AppData/Local/Programs/
MiKTeX/fonts/type1/public/amsfonts/cm/cmmi12.pfb><C:/Users/Lenovo/AppData/Local
/Programs/MiKTeX/fonts/type1/public/amsfonts/cm/cmmi8.pfb><C:/Users/Lenovo/AppD
ata/Local/Programs/MiKTeX/fonts/type1/public/amsfonts/cm/cmr10.pfb><C:/Users/Le
novo/AppData/Local/Programs/MiKTeX/fonts/type1/public/amsfonts/cm/cmr12.pfb><C:
/Users/Lenovo/AppData/Local/Programs/MiKTeX/fonts/type1/public/amsfonts/cm/cmr6
.pfb><C:/Users/Lenovo/AppData/Local/Programs/MiKTeX/fonts/type1/public/amsfonts
/cm/cmr8.pfb><C:/Users/Lenovo/AppData/Local/Programs/MiKTeX/fonts/type1/public/
amsfonts/cm/cmsy10.pfb><C:/Users/Lenovo/AppData/Local/Programs/MiKTeX/fonts/typ
e1/public/amsfonts/cm/cmsy8.pfb><C:/Users/Lenovo/AppData/Local/Programs/MiKTeX/
fonts/type1/public/amsfonts/cm/cmti12.pfb><C:/Users/Lenovo/AppData/Local/Progra
ms/MiKTeX/fonts/type1/public/amsfonts/cm/cmtt12.pfb>
Output written on final-raporu-2118121010.pdf (19 pages, 4179812 bytes).
PDF statistics:
 180 PDF objects out of 1000 (max. 8388607)
 0 named destinations out of 1000 (max. 500000)
 116 words of extra memory for PDF output out of 10000 (max. 10000000)

