This is pdfTeX, Version 3.141592653-2.6-1.40.26 (MiKTeX 24.3.31) (preloaded format=pdflatex 2024.4.23)  25 APR 2024 21:48
entering extended mode
 restricted \write18 enabled.
 %&-line parsing enabled.
**./Vize_Rapor.tex
(Vize_Rapor.tex
LaTeX2e <2023-11-01> patch level 1
L3 programming layer <2024-03-14>
(C:\Program Files\MiKTeX\tex/latex/base\report.cls
Document Class: report 2023/05/17 v1.4n Standard LaTeX document class
(C:\Program Files\MiKTeX\tex/latex/base\size10.clo
File: size10.clo 2023/05/17 v1.4n Standard LaTeX file (size option)
)
\c@part=\count188
\c@chapter=\count189
\c@section=\count190
\c@subsection=\count191
\c@subsubsection=\count192
\c@paragraph=\count193
\c@subparagraph=\count194
\c@figure=\count195
\c@table=\count196
\abovecaptionskip=\skip48
\belowcaptionskip=\skip49
\bibindent=\dimen140
)
(C:\Users\bakiD\AppData\Local\Programs\MiKTeX\tex/latex/pdflscape\pdflscape.sty
Package: pdflscape 2022-10-27 v0.13 Display of landscape pages in PDF

(C:\Users\bakiD\AppData\Local\Programs\MiKTeX\tex/latex/pdflscape\pdflscape-nom
etadata.sty
Package: pdflscape-nometadata 2022-10-28 v0.13 Display of landscape pages in PD
F (HO)
 (C:\Program Files\MiKTeX\tex/generic/iftex\iftex.sty
Package: iftex 2022/02/03 v1.0f TeX engine tests
)
(C:\Program Files\MiKTeX\tex/latex/graphics\lscape.sty
Package: lscape 2020/05/28 v3.02 Landscape Pages (DPC)

(C:\Program Files\MiKTeX\tex/latex/graphics\graphics.sty
Package: graphics 2022/03/10 v1.4e Standard LaTeX Graphics (DPC,SPQR)

(C:\Program Files\MiKTeX\tex/latex/graphics\trig.sty
Package: trig 2021/08/11 v1.11 sin cos tan (DPC)
)
(C:\Program Files\MiKTeX\tex/latex/graphics-cfg\graphics.cfg
File: graphics.cfg 2016/06/04 v1.11 sample graphics configuration
)
Package graphics Info: Driver file: pdftex.def on input line 107.

(C:\Program Files\MiKTeX\tex/latex/graphics-def\pdftex.def
File: pdftex.def 2024/04/13 v1.2c Graphics/color driver for pdftex
)))
Package pdflscape Info: Auto-detected driver: pdftex on input line 81.
))
(C:\Program Files\MiKTeX\tex/latex/base\fontenc.sty
Package: fontenc 2021/04/29 v2.0v Standard LaTeX package
)
(C:\Program Files\MiKTeX\tex/latex/graphics\graphicx.sty
Package: graphicx 2021/09/16 v1.2d Enhanced LaTeX Graphics (DPC,SPQR)

(C:\Program Files\MiKTeX\tex/latex/graphics\keyval.sty
Package: keyval 2022/05/29 v1.15 key=value parser (DPC)
\KV@toks@=\toks17
)
\Gin@req@height=\dimen141
\Gin@req@width=\dimen142
)
(C:\Users\bakiD\AppData\Local\Programs\MiKTeX\tex/latex/caption\subcaption.sty
Package: subcaption 2023/07/28 v1.6b Sub-captions (AR)

(C:\Users\bakiD\AppData\Local\Programs\MiKTeX\tex/latex/caption\caption.sty
Package: caption 2023/08/05 v3.6o Customizing captions (AR)

(C:\Users\bakiD\AppData\Local\Programs\MiKTeX\tex/latex/caption\caption3.sty
Package: caption3 2023/07/31 v2.4d caption3 kernel (AR)
\caption@tempdima=\dimen143
\captionmargin=\dimen144
\caption@leftmargin=\dimen145
\caption@rightmargin=\dimen146
\caption@width=\dimen147
\caption@indent=\dimen148
\caption@parindent=\dimen149
\caption@hangindent=\dimen150
Package caption Info: Standard document class detected.
)
\c@caption@flags=\count197
\c@continuedfloat=\count198
)
Package caption Info: New subtype `subfigure' on input line 238.
\c@subfigure=\count199
Package caption Info: New subtype `subtable' on input line 238.
\c@subtable=\count266
) (C:\Users\bakiD\AppData\Local\Programs\MiKTeX\tex/latex/datetime\datetime.sty
Package: datetime 2015/03/20 v2.60 Date Time Package

(C:\Program Files\MiKTeX\tex/latex/etoolbox\etoolbox.sty
Package: etoolbox 2020/10/05 v2.5k e-TeX tools for LaTeX (JAW)
\etb@tempcnta=\count267
)
(C:\Users\bakiD\AppData\Local\Programs\MiKTeX\tex/latex/fmtcount\fmtcount.sty
Package: fmtcount 2020/01/30 v3.07

(C:\Program Files\MiKTeX\tex/latex/base\ifthen.sty
Package: ifthen 2022/04/13 v1.1d Standard LaTeX ifthen package (DPC)
)
(C:\Program Files\MiKTeX\tex/latex/xkeyval\xkeyval.sty
Package: xkeyval 2022/06/16 v2.9 package option processing (HA)

(C:\Program Files\MiKTeX\tex/generic/xkeyval\xkeyval.tex
(C:\Program Files\MiKTeX\tex/generic/xkeyval\xkvutils.tex
\XKV@toks=\toks18
\XKV@tempa@toks=\toks19
)
\XKV@depth=\count268
File: xkeyval.tex 2014/12/03 v2.7a key=value parser (HA)
))
(C:\Users\bakiD\AppData\Local\Programs\MiKTeX\tex/latex/fmtcount\fcprefix.sty
Package: fcprefix 2012/09/28

(C:\Users\bakiD\AppData\Local\Programs\MiKTeX\tex/latex/fmtcount\fcnumparser.st
y
Package: fcnumparser 2017/06/15
\fc@digit@counter=\count269
)) (C:\Program Files\MiKTeX\tex/latex/amsmath\amsgen.sty
File: amsgen.sty 1999/11/30 v2.0 generic functions
\@emptytoks=\toks20
\ex@=\dimen151
)
\c@padzeroesN=\count270
\fc@tmpcatcode=\count271
\@DT@modctr=\count272
\@ordinalctr=\count273
\@orgargctr=\count274
\@strctr=\count275
\@tmpstrctr=\count276
\@DT@loopN=\count277
\@DT@X=\count278
)
(C:\Users\bakiD\AppData\Local\Programs\MiKTeX\tex/latex/datetime\datetime-defau
lts.sty
Package: datetime-defaults 2013/09/10
)
\@day=\count279
\@month=\count280
\@year=\count281
\c@HOUR=\count282
\c@HOURXII=\count283
\c@MINUTE=\count284
\c@TOHOUR=\count285
\c@TOMINUTE=\count286
\c@SECOND=\count287
\currenthour=\count288
\currentminute=\count289
\currentsecond=\count290
Package datetime Info: No datetime.cfg file found, using default settings on in
put line 308.
\@dtctr=\count291
\dayofyear=\count292
\dayofweek=\count293
LaTeX Info: Redefining \today on input line 736.
\dt@a=\toks21
\dt@b=\toks22
)
(C:\Users\bakiD\AppData\Local\Programs\MiKTeX\tex/latex/adjustbox\adjustbox.sty
Package: adjustbox 2022/10/17 v1.3a Adjusting TeX boxes (trim, clip, ...)
(C:\Users\bakiD\AppData\Local\Programs\MiKTeX\tex/latex/adjustbox\adjcalc.sty
Package: adjcalc 2012/05/16 v1.1 Provides advanced setlength with multiple back
-ends (calc, etex, pgfmath)
)
(C:\Users\bakiD\AppData\Local\Programs\MiKTeX\tex/latex/adjustbox\trimclip.sty
Package: trimclip 2020/08/19 v1.2 Trim and clip general TeX material

(C:\Users\bakiD\AppData\Local\Programs\MiKTeX\tex/latex/collectbox\collectbox.s
ty
Package: collectbox 2022/10/17 v0.4c Collect macro arguments as boxes
\collectedbox=\box51
)
\tc@llx=\dimen152
\tc@lly=\dimen153
\tc@urx=\dimen154
\tc@ury=\dimen155
Package trimclip Info: Using driver 'tc-pdftex.def'.

(C:\Users\bakiD\AppData\Local\Programs\MiKTeX\tex/latex/adjustbox\tc-pdftex.def
File: tc-pdftex.def 2019/01/04 v2.2 Clipping driver for pdftex
))
\adjbox@Width=\dimen156
\adjbox@Height=\dimen157
\adjbox@Depth=\dimen158
\adjbox@Totalheight=\dimen159
\adjbox@pwidth=\dimen160
\adjbox@pheight=\dimen161
\adjbox@pdepth=\dimen162
\adjbox@ptotalheight=\dimen163

(C:\Users\bakiD\AppData\Local\Programs\MiKTeX\tex/latex/ifoddpage\ifoddpage.sty
Package: ifoddpage 2022/10/18 v1.2 Conditionals for odd/even page detection
\c@checkoddpage=\count294
) (C:\Users\bakiD\AppData\Local\Programs\MiKTeX\tex/latex/varwidth\varwidth.sty
Package: varwidth 2009/03/30 ver 0.92;  Variable-width minipages
\@vwid@box=\box52
\sift@deathcycles=\count295
\@vwid@loff=\dimen164
\@vwid@roff=\dimen165
)) (C:\Program Files\MiKTeX\tex/latex/url\url.sty
\Urlmuskip=\muskip16
Package: url 2013/09/16  ver 3.4  Verb mode for urls, etc.
)
   defining Unicode char U+202F (decimal 8239)

(C:\Program Files\MiKTeX\tex/latex/l3backend\l3backend-pdftex.def
File: l3backend-pdftex.def 2024-03-14 L3 backend support: PDF output (pdfTeX)
\l__color_backend_stack_int=\count296
\l__pdf_internal_box=\box53
)
(Vize_Rapor.aux

LaTeX Warning: Label `Ornek_sonuc1' multiply defined.


LaTeX Warning: Label `Ornek5' multiply defined.


LaTeX Warning: Label `sub@Ornek5' multiply defined.


LaTeX Warning: Label `Ornek6' multiply defined.


LaTeX Warning: Label `sub@Ornek6' multiply defined.

)
\openout1 = `Vize_Rapor.aux'.

LaTeX Font Info:    Checking defaults for OML/cmm/m/it on input line 22.
LaTeX Font Info:    ... okay on input line 22.
LaTeX Font Info:    Checking defaults for OMS/cmsy/m/n on input line 22.
LaTeX Font Info:    ... okay on input line 22.
LaTeX Font Info:    Checking defaults for OT1/cmr/m/n on input line 22.
LaTeX Font Info:    ... okay on input line 22.
LaTeX Font Info:    Checking defaults for T1/cmr/m/n on input line 22.
LaTeX Font Info:    ... okay on input line 22.
LaTeX Font Info:    Checking defaults for TS1/cmr/m/n on input line 22.
LaTeX Font Info:    ... okay on input line 22.
LaTeX Font Info:    Checking defaults for OMX/cmex/m/n on input line 22.
LaTeX Font Info:    ... okay on input line 22.
LaTeX Font Info:    Checking defaults for U/cmr/m/n on input line 22.
LaTeX Font Info:    ... okay on input line 22.
 (C:\Program Files\MiKTeX\tex/context/base/mkii\supp-pdf.mkii
[Loading MPS to PDF converter (version 2006.09.02).]
\scratchcounter=\count297
\scratchdimen=\dimen166
\scratchbox=\box54
\nofMPsegments=\count298
\nofMParguments=\count299
\everyMPshowfont=\toks23
\MPscratchCnt=\count300
\MPscratchDim=\dimen167
\MPnumerator=\count301
\makeMPintoPDFobject=\count302
\everyMPtoPDFconversion=\toks24
) (C:\Program Files\MiKTeX\tex/latex/epstopdf-pkg\epstopdf-base.sty
Package: epstopdf-base 2020-01-24 v2.11 Base part for package epstopdf
Package epstopdf-base Info: Redefining graphics rule for `.eps' on input line 4
85.

(C:\Program Files\MiKTeX\tex/latex/00miktex\epstopdf-sys.cfg
File: epstopdf-sys.cfg 2021/03/18 v2.0 Configuration of epstopdf for MiKTeX
))
Package caption Info: Begin \AtBeginDocument code.
Package caption Info: End \AtBeginDocument code.

(C:\Users\bakiD\AppData\Local\Programs\MiKTeX\tex/latex/fmtcount\fc-english.def
File: fc-english.def 2016/01/12
)
<./images/logomuh.png, id=1, 903.375pt x 903.375pt>
File: ./images/logomuh.png Graphic file (type png)
<use ./images/logomuh.png>
Package pdftex.def Info: ./images/logomuh.png  used on input line 26.
(pdftex.def)             Requested size: 170.63676pt x 170.63676pt.
LaTeX Font Info:    External font `cmex10' loaded for size
(Font)              <12> on input line 27.
LaTeX Font Info:    External font `cmex10' loaded for size
(Font)              <8> on input line 27.
LaTeX Font Info:    External font `cmex10' loaded for size
(Font)              <6> on input line 27.
 [1

{C:/Users/bakiD/AppData/Local/MiKTeX/fonts/map/pdftex/pdftex.map} <./images/log
omuh.png>] [2]
<./images/Tensor.png, id=16, 529.98pt x 205.76875pt>
File: ./images/Tensor.png Graphic file (type png)
<use ./images/Tensor.png>
Package pdftex.def Info: ./images/Tensor.png  used on input line 81.
(pdftex.def)             Requested size: 345.0pt x 133.94904pt.
 [3

 <./images/Tensor.png>]
<./images/keras.png, id=22, 607.51968pt x 306.39468pt>
File: ./images/keras.png Graphic file (type png)
<use ./images/keras.png>
Package pdftex.def Info: ./images/keras.png  used on input line 97.
(pdftex.def)             Requested size: 345.0pt x 173.99693pt.
 [4

 <./images/keras.png>] [5

]
[6

]
<./images/Resim1.png, id=33, 345.29pt x 258.9675pt>
File: ./images/Resim1.png Graphic file (type png)
<use ./images/Resim1.png>
Package pdftex.def Info: ./images/Resim1.png  used on input line 137.
(pdftex.def)             Requested size: 281.06073pt x 210.7978pt.
<./images/Resim2.png, id=34, 516.42938pt x 360.59718pt>
File: ./images/Resim2.png Graphic file (type png)
<use ./images/Resim2.png>
Package pdftex.def Info: ./images/Resim2.png  used on input line 142.
(pdftex.def)             Requested size: 281.06073pt x 196.2547pt.
<./images/Resim3.png, id=35, 511.9125pt x 328.97906pt>
File: ./images/Resim3.png Graphic file (type png)
<use ./images/Resim3.png>
Package pdftex.def Info: ./images/Resim3.png  used on input line 150.
(pdftex.def)             Requested size: 281.06073pt x 180.62279pt.
<./images/Resim4.jpg, id=36, 147.4308pt x 98.2872pt>
File: ./images/Resim4.jpg Graphic file (type jpg)
<use ./images/Resim4.jpg>
Package pdftex.def Info: ./images/Resim4.jpg  used on input line 155.
(pdftex.def)             Requested size: 281.06073pt x 187.40446pt.


LaTeX Warning: Float too large for page by 112.42863pt on input line 159.


LaTeX Warning: `!h' float specifier changed to `!ht'.

[7 <./images/Resim1.png> <./images/Resim2.png> <./images/Resim3.png> <./images/
Resim4.jpg>] [8


]
<./images/regression1.jpg, id=47, 3778.115pt x 959.585pt>
File: ./images/regression1.jpg Graphic file (type jpg)
<use ./images/regression1.jpg>
Package pdftex.def Info: ./images/regression1.jpg  used on input line 195.
(pdftex.def)             Requested size: 345.0pt x 87.61813pt.
 [9

 <./images/regression1.jpg>]
<./images/visualization.jpg, id=51, 4312.11pt x 1453.43pt>
File: ./images/visualization.jpg Graphic file (type jpg)
<use ./images/visualization.jpg>
Package pdftex.def Info: ./images/visualization.jpg  used on input line 204.
(pdftex.def)             Requested size: 598.0pt x 201.54936pt.
 [10 <./images/visualization.jpg>]
<./images/ornek1.jpg, id=55, 1027.84pt x 770.88pt>
File: ./images/ornek1.jpg Graphic file (type jpg)
<use ./images/ornek1.jpg>
Package pdftex.def Info: ./images/ornek1.jpg  used on input line 223.
(pdftex.def)             Requested size: 345.0pt x 258.75514pt.
<./images/ornek2.jpg, id=56, 1027.84pt x 770.88pt>
File: ./images/ornek2.jpg Graphic file (type jpg)
<use ./images/ornek2.jpg>
Package pdftex.def Info: ./images/ornek2.jpg  used on input line 229.
(pdftex.def)             Requested size: 345.0pt x 258.75514pt.


LaTeX Warning: `!h' float specifier changed to `!ht'.

<./images/NPWU1.jpg, id=57, 4047.12pt x 3035.34pt>
File: ./images/NPWU1.jpg Graphic file (type jpg)
<use ./images/NPWU1.jpg>
Package pdftex.def Info: ./images/NPWU1.jpg  used on input line 241.
(pdftex.def)             Requested size: 345.0pt x 258.71838pt.
<./images/ornek4.jpg, id=58, 1027.84pt x 770.88pt>
File: ./images/ornek4.jpg Graphic file (type jpg)
<use ./images/ornek4.jpg>
Package pdftex.def Info: ./images/ornek4.jpg  used on input line 247.
(pdftex.def)             Requested size: 345.0pt x 258.75514pt.

LaTeX Warning: `!h' float specifier changed to `!ht'.

<./images/NPWU2.jpg, id=59, 2168.1pt x 1443.3925pt>
File: ./images/NPWU2.jpg Graphic file (type jpg)
<use ./images/NPWU2.jpg>
Package pdftex.def Info: ./images/NPWU2.jpg  used on input line 258.
(pdftex.def)             Requested size: 345.0pt x 229.6701pt.
<./images/ornek6.jpg, id=60, 1027.84pt x 770.88pt>
File: ./images/ornek6.jpg Graphic file (type jpg)
<use ./images/ornek6.jpg>
Package pdftex.def Info: ./images/ornek6.jpg  used on input line 264.
(pdftex.def)             Requested size: 345.0pt x 258.75514pt.

LaTeX Warning: `!h' float specifier changed to `!ht'.

<./images/QNRF1.jpg, id=61, 512.6352pt x 341.1144pt>
File: ./images/QNRF1.jpg Graphic file (type jpg)
<use ./images/QNRF1.jpg>
Package pdftex.def Info: ./images/QNRF1.jpg  used on input line 273.
(pdftex.def)             Requested size: 345.0pt x 229.57082pt.

LaTeX Warning: `!h' float specifier changed to `!ht'.

<./images/QNRF2.jpg, id=62, 4304.08pt x 2858.68pt>
File: ./images/QNRF2.jpg Graphic file (type jpg)
<use ./images/QNRF2.jpg>
Package pdftex.def Info: ./images/QNRF2.jpg  used on input line 281.
(pdftex.def)             Requested size: 345.0pt x 229.13527pt.

LaTeX Warning: `!h' float specifier changed to `!ht'.

<./images/NPWU3.jpg, id=63, 3003.22pt x 2007.5pt>
File: ./images/NPWU3.jpg Graphic file (type jpg)
<use ./images/NPWU3.jpg>
Package pdftex.def Info: ./images/NPWU3.jpg  used on input line 290.
(pdftex.def)             Requested size: 345.0pt x 230.59727pt.
<./images/QNRF3.jpg, id=64, 2601.72pt x 1951.29pt>
File: ./images/QNRF3.jpg Graphic file (type jpg)
<use ./images/QNRF3.jpg>
Package pdftex.def Info: ./images/QNRF3.jpg  used on input line 296.
(pdftex.def)             Requested size: 345.0pt x 258.73822pt.

LaTeX Warning: `!h' float specifier changed to `!ht'.

[11 <./images/ornek1.jpg> <./images/ornek2.jpg>] [12 <./images/NPWU1.jpg> <./im
ages/ornek4.jpg>] [13 <./images/NPWU2.jpg> <./images/ornek6.jpg>] [14 <./images
/QNRF1.jpg> <./images/QNRF2.jpg>] [15 <./images/NPWU3.jpg> <./images/QNRF3.jpg>
]
<./images/Hata1.png, id=82, 542.025pt x 278.54062pt>
File: ./images/Hata1.png Graphic file (type png)
<use ./images/Hata1.png>
Package pdftex.def Info: ./images/Hata1.png  used on input line 317.
(pdftex.def)             Requested size: 345.0pt x 177.29634pt.
LaTeX Font Info:    Trying to load font information for T1+cmtt on input line 3
25.
 (C:\Program Files\MiKTeX\tex/latex/base\t1cmtt.fd
File: t1cmtt.fd 2023/04/13 v2.5m Standard LaTeX font definitions
) [16




 <./images/Hata1.png>]
Overfull \hbox (106.38977pt too wide) in paragraph at lines 350--350
[]  \T1/cmtt/m/n/10 assert dataset.lower() in available_datasets, f"Dataset {da
taset} is not available."[] 
 []


Overfull \hbox (43.40515pt too wide) in paragraph at lines 360--360
[]  \T1/cmtt/m/n/10 File c:\users\bakid\onedrive\belgeler\clip-ebc-main\dataset
s\crowd.py:11[] 
 []


Overfull \hbox (64.40002pt too wide) in paragraph at lines 360--360
[]  \T1/cmtt/m/n/10 ImportError: attempted relative import with no known parent
 package \newline[] 
 []

(Vize_Rapor.bbl [17

]
LaTeX Font Info:    External font `cmex10' loaded for size
(Font)              <7> on input line 20.
LaTeX Font Info:    External font `cmex10' loaded for size
(Font)              <5> on input line 20.

Overfull \hbox (56.98785pt too wide) in paragraph at lines 16--21
\T1/cmtt/m/n/10 an-[]exception-[]has-[]occurred-[]use-[]tb-[]to-[]see-[]the-[]f
ull-[]traceback-[]systemexit-[]2$\T1/cmr/m/n/10 .  
 []


Overfull \hbox (56.98785pt too wide) in paragraph at lines 23--29
\T1/cmtt/m/n/10 an-[]exception-[]has-[]occurred-[]use-[]tb-[]to-[]see-[]the-[]f
ull-[]traceback-[]systemexit-[]2$\T1/cmr/m/n/10 .  
 []

[18

]) [19] (Vize_Rapor.aux)
 ***********
LaTeX2e <2023-11-01> patch level 1
L3 programming layer <2024-03-14>
 ***********


LaTeX Warning: There were multiply-defined labels.

 ) 
Here is how much of TeX's memory you used:
 5799 strings out of 474424
 99999 string characters out of 5751554
 1934496 words of memory out of 5000000
 28074 multiletter control sequences out of 15000+600000
 569505 words of font info for 57 fonts, out of 8000000 for 9000
 1141 hyphenation exceptions out of 8191
 89i,9n,95p,1016b,577s stack positions out of 10000i,1000n,20000p,200000b,200000s
 <C:\Users\bakiD\AppData\Local\MiKTeX\fonts/pk/ljfour/jknappen/ec/dpi600\ecti
1000.pk> <C:\Users\bakiD\AppData\Local\MiKTeX\fonts/pk/ljfour/jknappen/ec/dpi60
0\ecbx2488.pk> <C:\Users\bakiD\AppData\Local\MiKTeX\fonts/pk/ljfour/jknappen/ec
/dpi600\ectt1000.pk> <C:\Users\bakiD\AppData\Local\MiKTeX\fonts/pk/ljfour/jknap
pen/ec/dpi600\ecrm0900.pk> <C:\Users\bakiD\AppData\Local\MiKTeX\fonts/pk/ljfour
/jknappen/ec/dpi600\ecbx1200.pk> <C:\Users\bakiD\AppData\Local\MiKTeX\fonts/pk/
ljfour/jknappen/ec/dpi600\ecrm1000.pk> <C:\Users\bakiD\AppData\Local\MiKTeX\fon
ts/pk/ljfour/jknappen/ec/dpi600\ecbx1440.pk> <C:\Users\bakiD\AppData\Local\MiKT
eX\fonts/pk/ljfour/jknappen/ec/dpi600\ecrm1200.pk> <C:\Users\bakiD\AppData\Loca
l\MiKTeX\fonts/pk/ljfour/jknappen/ec/dpi600\ecrm1728.pk> <C:\Users\bakiD\AppDat
a\Local\MiKTeX\fonts/pk/ljfour/jknappen/ec/dpi600\ecbx1000.pk>
Output written on Vize_Rapor.pdf (19 pages, 9711845 bytes).
PDF statistics:
 495 PDF objects out of 1000 (max. 8388607)
 0 named destinations out of 1000 (max. 500000)
 101 words of extra memory for PDF output out of 10000 (max. 10000000)

