This is pdfTeX, Version 3.141592653-2.6-1.40.25 (MiKTeX 24.1) (preloaded format=pdflatex 2024.3.6)  14 JUN 2024 16:09
entering extended mode
 restricted \write18 enabled.
 %&-line parsing enabled.
**./finalraporu_2218121050_Baranalp.tex
(finalraporu_2218121050_Baranalp.tex
LaTeX2e <2023-11-01> patch level 1
L3 programming layer <2024-01-04>
(C:\Users\Baranalp\AppData\Local\Programs\MiKTeX\tex/latex/base\article.cls
Document Class: article 2023/05/17 v1.4n Standard LaTeX document class
(C:\Users\Baranalp\AppData\Local\Programs\MiKTeX\tex/latex/base\size12.clo
File: size12.clo 2023/05/17 v1.4n Standard LaTeX file (size option)
)
\c@part=\count187
\c@section=\count188
\c@subsection=\count189
\c@subsubsection=\count190
\c@paragraph=\count191
\c@subparagraph=\count192
\c@figure=\count193
\c@table=\count194
\abovecaptionskip=\skip48
\belowcaptionskip=\skip49
\bibindent=\dimen140
)
(C:\Users\Baranalp\AppData\Local\Programs\MiKTeX\tex/latex/base\fontenc.sty
Package: fontenc 2021/04/29 v2.0v Standard LaTeX package
)
(C:\Users\Baranalp\AppData\Local\Programs\MiKTeX\tex/latex/natbib\natbib.sty
Package: natbib 2010/09/13 8.31b (PWD, AO)
\bibhang=\skip50
\bibsep=\skip51
LaTeX Info: Redefining \cite on input line 694.
\c@NAT@ctr=\count195
)
(C:\Users\Baranalp\AppData\Local\Programs\MiKTeX\tex/latex/graphics\graphicx.st
y
Package: graphicx 2021/09/16 v1.2d Enhanced LaTeX Graphics (DPC,SPQR)

(C:\Users\Baranalp\AppData\Local\Programs\MiKTeX\tex/latex/graphics\keyval.sty
Package: keyval 2022/05/29 v1.15 key=value parser (DPC)
\KV@toks@=\toks17
)
(C:\Users\Baranalp\AppData\Local\Programs\MiKTeX\tex/latex/graphics\graphics.st
y
Package: graphics 2022/03/10 v1.4e Standard LaTeX Graphics (DPC,SPQR)
 (C:\Users\Baranalp\AppData\Local\Programs\MiKTeX\tex/latex/graphics\trig.sty
Package: trig 2021/08/11 v1.11 sin cos tan (DPC)
)
(C:\Users\Baranalp\AppData\Local\Programs\MiKTeX\tex/latex/graphics-cfg\graphic
s.cfg
File: graphics.cfg 2016/06/04 v1.11 sample graphics configuration
)
Package graphics Info: Driver file: pdftex.def on input line 107.

(C:\Users\Baranalp\AppData\Local\Programs\MiKTeX\tex/latex/graphics-def\pdftex.
def
File: pdftex.def 2022/09/22 v1.2b Graphics/color driver for pdftex
))
\Gin@req@height=\dimen141
\Gin@req@width=\dimen142
)
(C:\Users\Baranalp\AppData\Local\Programs\MiKTeX\tex/latex/pdflscape\pdflscape.
sty
Package: pdflscape 2022-10-27 v0.13 Display of landscape pages in PDF

(C:\Users\Baranalp\AppData\Local\Programs\MiKTeX\tex/latex/pdflscape\pdflscape-
nometadata.sty
Package: pdflscape-nometadata 2022-10-28 v0.13 Display of landscape pages in PD
F (HO)

(C:\Users\Baranalp\AppData\Local\Programs\MiKTeX\tex/generic/iftex\iftex.sty
Package: iftex 2022/02/03 v1.0f TeX engine tests
)
(C:\Users\Baranalp\AppData\Local\Programs\MiKTeX\tex/latex/graphics\lscape.sty
Package: lscape 2020/05/28 v3.02 Landscape Pages (DPC)
)
Package pdflscape Info: Auto-detected driver: pdftex on input line 81.
))
(C:\Users\Baranalp\AppData\Local\Programs\MiKTeX\tex/latex/amsmath\amsmath.sty
Package: amsmath 2023/05/13 v2.17o AMS math features
\@mathmargin=\skip52

For additional information on amsmath, use the `?' option.
(C:\Users\Baranalp\AppData\Local\Programs\MiKTeX\tex/latex/amsmath\amstext.sty
Package: amstext 2021/08/26 v2.01 AMS text

(C:\Users\Baranalp\AppData\Local\Programs\MiKTeX\tex/latex/amsmath\amsgen.sty
File: amsgen.sty 1999/11/30 v2.0 generic functions
\@emptytoks=\toks18
\ex@=\dimen143
)) (C:\Users\Baranalp\AppData\Local\Programs\MiKTeX\tex/latex/amsmath\amsbsy.st
y
Package: amsbsy 1999/11/29 v1.2d Bold Symbols
\pmbraise@=\dimen144
) (C:\Users\Baranalp\AppData\Local\Programs\MiKTeX\tex/latex/amsmath\amsopn.sty
Package: amsopn 2022/04/08 v2.04 operator names
)
\inf@bad=\count196
LaTeX Info: Redefining \frac on input line 234.
\uproot@=\count197
\leftroot@=\count198
LaTeX Info: Redefining \overline on input line 399.
LaTeX Info: Redefining \colon on input line 410.
\classnum@=\count199
\DOTSCASE@=\count266
LaTeX Info: Redefining \ldots on input line 496.
LaTeX Info: Redefining \dots on input line 499.
LaTeX Info: Redefining \cdots on input line 620.
\Mathstrutbox@=\box51
\strutbox@=\box52
LaTeX Info: Redefining \big on input line 722.
LaTeX Info: Redefining \Big on input line 723.
LaTeX Info: Redefining \bigg on input line 724.
LaTeX Info: Redefining \Bigg on input line 725.
\big@size=\dimen145
LaTeX Font Info:    Redeclaring font encoding OML on input line 743.
LaTeX Font Info:    Redeclaring font encoding OMS on input line 744.
\macc@depth=\count267
LaTeX Info: Redefining \bmod on input line 905.
LaTeX Info: Redefining \pmod on input line 910.
LaTeX Info: Redefining \smash on input line 940.
LaTeX Info: Redefining \relbar on input line 970.
LaTeX Info: Redefining \Relbar on input line 971.
\c@MaxMatrixCols=\count268
\dotsspace@=\muskip16
\c@parentequation=\count269
\dspbrk@lvl=\count270
\tag@help=\toks19
\row@=\count271
\column@=\count272
\maxfields@=\count273
\andhelp@=\toks20
\eqnshift@=\dimen146
\alignsep@=\dimen147
\tagshift@=\dimen148
\tagwidth@=\dimen149
\totwidth@=\dimen150
\lineht@=\dimen151
\@envbody=\toks21
\multlinegap=\skip53
\multlinetaggap=\skip54
\mathdisplay@stack=\toks22
LaTeX Info: Redefining \[ on input line 2953.
LaTeX Info: Redefining \] on input line 2954.
)
(C:\Users\Baranalp\AppData\Local\Programs\MiKTeX\tex/latex/multirow\multirow.st
y
Package: multirow 2021/03/15 v2.8 Span multiple rows of a table
\multirow@colwidth=\skip55
\multirow@cntb=\count274
\multirow@dima=\skip56
\bigstrutjot=\dimen152
)
(C:\Users\Baranalp\AppData\Local\Programs\MiKTeX\tex/latex/caption\caption.sty
Package: caption 2023/08/05 v3.6o Customizing captions (AR)

(C:\Users\Baranalp\AppData\Local\Programs\MiKTeX\tex/latex/caption\caption3.sty
Package: caption3 2023/07/31 v2.4d caption3 kernel (AR)
\caption@tempdima=\dimen153
\captionmargin=\dimen154
\caption@leftmargin=\dimen155
\caption@rightmargin=\dimen156
\caption@width=\dimen157
\caption@indent=\dimen158
\caption@parindent=\dimen159
\caption@hangindent=\dimen160
Package caption Info: Standard document class detected.
)
\c@caption@flags=\count275
\c@continuedfloat=\count276
)
(C:\Users\Baranalp\AppData\Local\Programs\MiKTeX\tex/latex/l3backend\l3backend-
pdftex.def
File: l3backend-pdftex.def 2024-01-04 L3 backend support: PDF output (pdfTeX)
\l__color_backend_stack_int=\count277
\l__pdf_internal_box=\box53
) (finalraporu_2218121050_Baranalp.aux

LaTeX Warning: Label `fig:grafik' multiply defined.


LaTeX Warning: Label `tab:model_layers' multiply defined.


LaTeX Warning: Label `tab:model_layers' multiply defined.


LaTeX Warning: Label `tab:model_layers' multiply defined.


LaTeX Warning: Label `tab:model_layers' multiply defined.


LaTeX Warning: Label `fig:grafik' multiply defined.


LaTeX Warning: Label `fig:grafik' multiply defined.

)
\openout1 = `finalraporu_2218121050_Baranalp.aux'.

LaTeX Font Info:    Checking defaults for OML/cmm/m/it on input line 17.
LaTeX Font Info:    ... okay on input line 17.
LaTeX Font Info:    Checking defaults for OMS/cmsy/m/n on input line 17.
LaTeX Font Info:    ... okay on input line 17.
LaTeX Font Info:    Checking defaults for OT1/cmr/m/n on input line 17.
LaTeX Font Info:    ... okay on input line 17.
LaTeX Font Info:    Checking defaults for T1/cmr/m/n on input line 17.
LaTeX Font Info:    ... okay on input line 17.
LaTeX Font Info:    Checking defaults for TS1/cmr/m/n on input line 17.
LaTeX Font Info:    ... okay on input line 17.
LaTeX Font Info:    Checking defaults for OMX/cmex/m/n on input line 17.
LaTeX Font Info:    ... okay on input line 17.
LaTeX Font Info:    Checking defaults for U/cmr/m/n on input line 17.
LaTeX Font Info:    ... okay on input line 17.

(C:\Users\Baranalp\AppData\Local\Programs\MiKTeX\tex/context/base/mkii\supp-pdf
.mkii
[Loading MPS to PDF converter (version 2006.09.02).]
\scratchcounter=\count278
\scratchdimen=\dimen161
\scratchbox=\box54
\nofMPsegments=\count279
\nofMParguments=\count280
\everyMPshowfont=\toks23
\MPscratchCnt=\count281
\MPscratchDim=\dimen162
\MPnumerator=\count282
\makeMPintoPDFobject=\count283
\everyMPtoPDFconversion=\toks24
)
(C:\Users\Baranalp\AppData\Local\Programs\MiKTeX\tex/latex/epstopdf-pkg\epstopd
f-base.sty
Package: epstopdf-base 2020-01-24 v2.11 Base part for package epstopdf
Package epstopdf-base Info: Redefining graphics rule for `.eps' on input line 4
85.

(C:\Users\Baranalp\AppData\Local\Programs\MiKTeX\tex/latex/00miktex\epstopdf-sy
s.cfg
File: epstopdf-sys.cfg 2021/03/18 v2.0 Configuration of epstopdf for MiKTeX
))
Package caption Info: Begin \AtBeginDocument code.
Package caption Info: End \AtBeginDocument code.
<ksbu.jpg, id=1, 170.6375pt x 171.64125pt>
File: ksbu.jpg Graphic file (type jpg)
<use ksbu.jpg>
Package pdftex.def Info: ksbu.jpg  used on input line 20.
(pdftex.def)             Requested size: 170.63707pt x 171.64081pt.
 [1

{C:/Users/Baranalp/AppData/Local/MiKTeX/fonts/map/pdftex/pdftex.map} <./ksbu.jp
g>]
Overfull \hbox (0.74432pt too wide) in paragraph at lines 39--56
\T1/cmr/m/n/10.95 mak-tad^^Yr. «evrem-izde s^^YkÁa gˆ-zlem-ledißimiz g^^Yda ze-
hirlen-melerinin birÁoßunu man-
 []

[2

]
Overfull \hbox (2.97198pt too wide) in paragraph at lines 74--78
\T1/cmr/m/n/10.95 Tabakalar ve dikkat mekaniz-malar^^Yn^^Y de-rin-le≥tir-erek, 
k¸Á¸k hedef kusurlar^^Yn^^Y tan^^Yma
 []

[3

]
<bird.png, id=18, 855.195pt x 322.20375pt>
File: bird.png Graphic file (type png)
<use bird.png>
Package pdftex.def Info: bird.png  used on input line 81.
(pdftex.def)             Requested size: 390.0pt x 146.93724pt.
<model.png, id=20, 853.1875pt x 457.71pt>
File: model.png Graphic file (type png)
<use model.png>
Package pdftex.def Info: model.png  used on input line 88.
(pdftex.def)             Requested size: 390.0pt x 209.22917pt.
 [4 <./bird.png> <./model.png>]
Overfull \hbox (0.69543pt too wide) in paragraph at lines 109--110
\T1/cmr/m/n/10.95 Ten-sor-Flow mod-elinin graf^^Yn^^Y (graph) y¸k-le-mek iÁin f
onksiy-on-lar saßlar.
 []

[5]
Overfull \hbox (24.28795pt too wide) in paragraph at lines 134--135
[]\T1/cmr/m/n/10.95 Her bir resim, 256x256 pik-sel boyu-tunda ve JPEG for-mat^^
Ynda kaydedilmi≥tir.
 []


Overfull \hbox (3.7532pt too wide) in paragraph at lines 134--135
\T1/cmr/m/n/10.95 jenin en-te-gre edilmesi du-ru-munda, ya-pay zeka destekli ro
bot-larla yap^^Ylan
 []

[6]
Overfull \hbox (12.77945pt too wide) in paragraph at lines 145--146
[]\T1/cmr/m/n/10.95 A≥aß^^Ydaki tablo-larda farkl^^Y model yap^^Y-land^^Yr-mala
r^^Y ve eßitim sonuÁlar^^Y
 []


Overfull \hbox (10.63115pt too wide) in paragraph at lines 145--146
\T1/cmr/m/n/10.95 parame-treleri fark-l^^Yl^^Yk gˆs-teriyor. ùn-celedißimizde ≥
u sonuÁlar^^Y Á^^Ykara-
 []


Overfull \hbox (5.50592pt too wide) in paragraph at lines 149--150
\T1/cmr/m/n/10.95 mod-ellerde kul-lan^^Ylarak a≥^^Yr^^Y uyumu azalt-maya yard^^
Ymc^^Y olur. Farkl^^Y
 []


Overfull \hbox (3.47688pt too wide) in paragraph at lines 153--154
[]\T1/cmr/m/n/10.95 Performans Metrik-leri: T¸m mod-ellerde eßitim doßru-lußu v
e doßru-
 []


Overfull \hbox (1.10489pt too wide) in paragraph at lines 157--158
\T1/cmr/m/n/10.95 lirli bir ˆlÁ¸t (ˆrneßin, doßru-lama doßru-lußu veya doßru-la
ma kayb^^Y)
 []

<tablolar.png, id=33, 722.7pt x 433.62pt>
File: tablolar.png Graphic file (type png)
<use tablolar.png>
Package pdftex.def Info: tablolar.png  used on input line 401.
(pdftex.def)             Requested size: 390.0pt x 233.99913pt.

LaTeX Warning: `h' float specifier changed to `ht'.

<potato.png, id=34, 478.03593pt x 478.78876pt>
File: potato.png Graphic file (type png)
<use potato.png>
Package pdftex.def Info: potato.png  used on input line 407.
(pdftex.def)             Requested size: 390.0pt x 390.61485pt.

LaTeX Warning: `h' float specifier changed to `ht'.

[7

] [8] [9] [10 <./tablolar.png>] [11 <./potato.png>]
Underfull \hbox (badness 10000) in paragraph at lines 425--426

 []

(finalraporu_2218121050_Baranalp.bbl) [12

] (finalraporu_2218121050_Baranalp.aux)
 ***********
LaTeX2e <2023-11-01> patch level 1
L3 programming layer <2024-01-04>
 ***********


LaTeX Warning: There were multiply-defined labels.

 ) 
Here is how much of TeX's memory you used:
 4211 strings out of 474486
 69619 string characters out of 5742340
 1961542 words of memory out of 5000000
 26475 multiletter control sequences out of 15000+600000
 570050 words of font info for 63 fonts, out of 8000000 for 9000
 1141 hyphenation exceptions out of 8191
 66i,11n,67p,1430b,506s stack positions out of 10000i,1000n,20000p,200000b,200000s
 <C:\Users\Baranalp\AppData\Local\MiKTeX\fonts/pk/ljfour/jknappen/ec/dpi600\e
cti1095.pk> <C:\Users\Baranalp\AppData\Local\MiKTeX\fonts/pk/ljfour/jknappen/ec
/dpi600\ecbx1200.pk> <C:\Users\Baranalp\AppData\Local\MiKTeX\fonts/pk/ljfour/jk
nappen/ec/dpi600\tcrm1095.pk> <C:\Users\Baranalp\AppData\Local\MiKTeX\fonts/pk/
ljfour/jknappen/ec/dpi600\ecrm1200.pk> <C:\Users\Baranalp\AppData\Local\MiKTeX\
fonts/pk/ljfour/jknappen/ec/dpi600\ecbx1095.pk> <C:\Users\Baranalp\AppData\Loca
l\MiKTeX\fonts/pk/ljfour/jknappen/ec/dpi600\ecrm1095.pk> <C:\Users\Baranalp\App
Data\Local\MiKTeX\fonts/pk/ljfour/jknappen/ec/dpi600\ecbx1728.pk> <C:\Users\Bar
analp\AppData\Local\MiKTeX\fonts/pk/ljfour/jknappen/ec/dpi600\ecrm1440.pk> <C:\
Users\Baranalp\AppData\Local\MiKTeX\fonts/pk/ljfour/jknappen/ec/dpi600\ecrm2074
.pk>
Output written on finalraporu_2218121050_Baranalp.pdf (12 pages, 1190496 bytes)
.
PDF statistics:
 397 PDF objects out of 1000 (max. 8388607)
 0 named destinations out of 1000 (max. 500000)
 26 words of extra memory for PDF output out of 10000 (max. 10000000)

