\BOOKMARK [1][-]{section.1}{\376\377\000G\000i\000r\000i\001\137}{}% 1
\BOOKMARK [1][-]{section.2}{\376\377\000L\000i\000t\000e\000r\000a\000t\000\374\000r\000\040\000A\000r\000a\001\137\000t\001\061\000r\000m\000a\000s\001\061}{}% 2
\BOOKMARK [1][-]{section.3}{\376\377\000M\000e\000t\000o\000d\000o\000l\000o\000j\000i}{}% 3
\BOOKMARK [2][-]{subsection.3.1}{\376\377\000G\000e\000n\000e\000t\000i\000k\000\040\000A\000l\000g\000o\000r\000i\000t\000m\000a\000\040}{section.3}% 4
\BOOKMARK [2][-]{subsection.3.2}{\376\377\000G\000e\000n\000e\000t\000i\000k\000\040\000A\000l\000g\000o\000r\000i\000t\000m\000a\000l\000a\000r\001\061\000n\000\040\000D\000i\001\037\000e\000r\000\040\000Y\000\366\000n\000t\000e\000m\000l\000e\000r\000d\000e\000n\000\040\000F\000a\000r\000k\001\061}{section.3}% 5
\BOOKMARK [2][-]{subsection.3.3}{\376\377\000T\000e\000m\000e\000l\000\040\000K\000a\000v\000r\000a\000m\000l\000a\000r}{section.3}% 6
\BOOKMARK [3][-]{subsubsection.3.3.1}{\376\377\000\040\000G\000e\000n}{subsection.3.3}% 7
\BOOKMARK [3][-]{subsubsection.3.3.2}{\376\377\000\040\000K\000r\000o\000m\000o\000z\000o\000m}{subsection.3.3}% 8
\BOOKMARK [3][-]{subsubsection.3.3.3}{\376\377\000\040\000P\000o\000p\000u\000l\000a\000s\000y\000o\000n}{subsection.3.3}% 9
\BOOKMARK [2][-]{subsection.3.4}{\376\377\000K\000o\000d\000l\000a\000m\000a}{section.3}% 10
\BOOKMARK [3][-]{subsubsection.3.4.1}{\376\377\001\060\000k\000i\000l\000i\000\040\000\050\000B\000i\000n\000a\000r\000y\000\051\000\040\000K\000o\000d\000l\000a\000m\000a}{subsection.3.4}% 11
\BOOKMARK [3][-]{subsubsection.3.4.2}{\376\377\000\040\000S\001\061\000r\000a\000l\001\061\000\040\000\050\000P\000e\000r\000m\000\374\000t\000a\000s\000y\000o\000n\000\051\000\040\000K\000o\000d\000l\000a\000m\000a}{subsection.3.4}% 12
\BOOKMARK [3][-]{subsubsection.3.4.3}{\376\377\000D\000e\001\037\000e\000r\000\040\000\050\000A\000l\000p\000h\000a\000-\000N\000u\000m\000e\000r\000i\000c\000\040\000E\000n\000c\000o\000d\000i\000n\000g\000\051\000\040\000K\000o\000d\000l\000a\000m\000a\000s\001\061}{subsection.3.4}% 13
\BOOKMARK [2][-]{subsection.3.5}{\376\377\000\040\000S\000e\000\347\000i\000m}{section.3}% 14
\BOOKMARK [3][-]{subsubsection.3.5.1}{\376\377\000R\000u\000l\000e\000t\000\040\000T\000e\000k\000e\000r\000i\000\040\000S\000e\000\347\000i\000m\000\040\000Y\000\366\000n\000t\000e\000m\000i}{subsection.3.5}% 15
\BOOKMARK [3][-]{subsubsection.3.5.2}{\376\377\000S\001\061\000r\000a\000l\001\061\000\040\000\050\000R\000a\000n\000k\000\051\000\040\000S\000e\000\347\000i\000m\000\040\000Y\000\366\000n\000t\000e\000m\000i}{subsection.3.5}% 16
\BOOKMARK [3][-]{subsubsection.3.5.3}{\376\377\000\040\000T\000u\000r\000n\000u\000v\000a\000\040\000S\000e\000\347\000i\000m\000\040\000Y\000\366\000n\000t\000e\000m\000i}{subsection.3.5}% 17
\BOOKMARK [3][-]{subsubsection.3.5.4}{\376\377\000\040\000S\000a\000b\000i\000t\000\040\000D\000u\000r\000u\000m\000\040\000\050\000K\000a\000r\000a\000r\000l\001\061\000\040\000H\000a\000l\000\051\000\040\000S\000e\000\347\000i\000m\000\040\000Y\000\366\000n\000t\000e\000m\000i}{subsection.3.5}% 18
\BOOKMARK [3][-]{subsubsection.3.5.5}{\376\377\000S\000e\000\347\000k\000i\000n\000l\000i\000k\000\040\000\050\000E\000l\000i\000t\000i\000z\000m\000\051\000\040\001\060\001\137\000l\000e\000m\000i}{subsection.3.5}% 19
\BOOKMARK [2][-]{subsection.3.6}{\376\377\000\040\000G\000e\000n\000e\000t\000i\000k\000\040\000O\000p\000e\000r\000a\000t\000\366\000r\000l\000e\000r}{section.3}% 20
\BOOKMARK [3][-]{subsubsection.3.6.1}{\376\377\000\040\000\307\000a\000p\000r\000a\000z\000l\000a\000m\000a}{subsection.3.6}% 21
\BOOKMARK [3][-]{subsubsection.3.6.2}{\376\377\001\060\000k\000i\000l\000i\000\040\000k\000o\000d\000l\000a\000m\000a\000\040\000D\000\374\000z\000e\000n\000i\000n\000d\000e\000\040\000\307\000a\000p\000r\000a\000z\000l\000a\000m\000a\000\040\000Y\000\366\000n\000t\000e\000m\000l\000e\000r\000i}{subsection.3.6}% 22
\BOOKMARK [3][-]{subsubsection.3.6.3}{\376\377\000S\001\061\000r\000a\000l\001\061\000\040\000K\000o\000d\000l\000a\000m\000a\000\040\000D\000\374\000z\000e\000n\000i\000n\000d\000e\000\040\000\307\000a\000p\000r\000a\000z\000l\000a\000m\000a\000\040\000Y\000\366\000n\000t\000e\000m\000l\000e\000r\000i}{subsection.3.6}% 23
\BOOKMARK [2][-]{subsection.3.7}{\376\377\000\040\000M\000u\000t\000a\000s\000y\000o\000n}{section.3}% 24
\BOOKMARK [3][-]{subsubsection.3.7.1}{\376\377\000\040\000T\000e\000r\000s\000\040\000M\000u\000t\000a\000s\000y\000o\000n}{subsection.3.7}% 25
\BOOKMARK [3][-]{subsubsection.3.7.2}{\376\377\000K\000o\000m\001\137\000u\000\040\001\060\000k\000i\000\040\000G\000e\000n\000i\000\040\000D\000e\001\037\000i\001\137\000t\000i\000r\000m\000e}{subsection.3.7}% 26
\BOOKMARK [3][-]{subsubsection.3.7.3}{\376\377\000K\000e\000y\000f\000i\000\040\001\060\000k\000i\000\040\000G\000e\000n\000\040\000D\000e\001\037\000i\001\137\000t\000i\000r\000m\000e}{subsection.3.7}% 27
\BOOKMARK [3][-]{subsubsection.3.7.4}{\376\377\000K\000e\000y\000f\000i\000\040\000\334\000\347\000\040\000G\000e\000n\000\040\000D\000e\001\037\000i\001\137\000t\000i\000r\000m\000e}{subsection.3.7}% 28
\BOOKMARK [3][-]{subsubsection.3.7.5}{\376\377\000A\000r\000a\000y\000a\000\040\000Y\000e\000r\000l\000e\001\137\000t\000i\000r\000m\000e}{subsection.3.7}% 29
\BOOKMARK [2][-]{subsection.3.8}{\376\377\000\040\000D\000u\000r\000d\000u\000r\000m\000a\000\040\000K\000r\000i\000t\000e\000r\000i}{section.3}% 30
\BOOKMARK [2][-]{subsection.3.9}{\376\377\000G\000e\000n\000e\000t\000i\000k\000\040\000A\000l\000g\000o\000r\000i\000t\000m\000a\000l\000a\000r\001\061\000n\000\040\000\307\000\366\000z\000\374\000m\000\374\000n\000d\000e\000\040\000T\000a\000k\000i\000p\000\040\000E\000d\000i\000l\000e\000c\000e\000k\000\040\001\060\001\137\000l\000e\000m\000\040\000A\000d\001\061\000m\000l\000a\000r\001\061}{section.3}% 31
\BOOKMARK [2][-]{subsection.3.10}{\376\377\000Y\000a\000p\001\061\000l\000a\000n\000\040\000\307\000a\000l\001\061\001\137\000m\000a\000l\000a\000r}{section.3}% 32
\BOOKMARK [3][-]{subsubsection.3.10.1}{\376\377\000\326\000r\000n\000e\000k\000-\0001}{subsection.3.10}% 33
\BOOKMARK [2][-]{subsection.3.11}{\376\377\000\326\000r\000n\000e\000k\000-\0002}{section.3}% 34
\BOOKMARK [2][-]{subsection.3.12}{\376\377\000\307\000i\000z\000e\000l\000g\000e\000l\000e\000m\000e\000\040\000v\000e\000\040\000G\000e\000n\000e\000t\000i\000k\000\040\000A\000l\000g\000o\000r\000i\000t\000m\000a\000l\000a\000r}{section.3}% 35
\BOOKMARK [3][-]{subsubsection.3.12.1}{\376\377\000\326\000r\000n\000e\000k\000-\0001}{subsection.3.12}% 36
\BOOKMARK [1][-]{section.4}{\376\377\000\040\000V\000e\000r\000i\000\040\000V\000e\000\040\000S\000i\000s\000t\000e\000m\000\040\000T\000a\000s\000a\000r\001\061\000m\001\061}{}% 37
\BOOKMARK [2][-]{subsection.4.1}{\376\377\000H\000e\000m\001\137\000i\000r\000e\000\040\000N\000\366\000b\000e\000t\000\040\000\307\000i\000z\000e\000l\000g\000e\000l\000e\000m\000e\000\040\000P\000r\000o\000b\000l\000e\000m\000i}{section.4}% 38
\BOOKMARK [2][-]{subsection.4.2}{\376\377\000H\000e\000m\001\137\000i\000r\000e\000\040\000N\000\366\000b\000e\000t\000\040\000C\000i\000z\000e\000l\000g\000e\000l\000e\000m\000e\000\040\000P\000r\000o\000b\000l\000e\000m\000i\000\040\000T\000e\000s\000t\000\040\000M\000\366\000d\000e\000l\000i}{section.4}% 39
\BOOKMARK [3][-]{subsubsection.4.2.1}{\376\377\000P\000a\000r\000a\000m\000e\000t\000r\000e\000l\000e\000r\000i\000n\000\040\000T\000a\000n\001\061\000m\000l\000a\000n\000m\000a\000s\001\061\000:}{subsection.4.2}% 40
\BOOKMARK [3][-]{subsubsection.4.2.2}{\376\377\000G\000e\000n\000e\000t\000i\000k\000\040\000A\000l\000g\000o\000r\000i\000t\000m\000a\000n\001\061\000n\000\040\000O\000l\000u\001\137\000t\000u\000r\000u\000l\000m\000a\000s\001\061}{subsection.4.2}% 41
\BOOKMARK [3][-]{subsubsection.4.2.3}{\376\377\000A\000m\000a\000\347\000\040\000F\000o\000n\000k\000s\000i\000y\000o\000n\000u\000n\000u\000n\000\040\000T\000a\000n\001\061\000m\000l\000a\000n\000m\000a\000s\001\061\000:\000\040}{subsection.4.2}% 42
\BOOKMARK [3][-]{subsubsection.4.2.4}{\376\377\000B\000a\001\137\000l\000a\000n\000g\001\061\000\347\000\040\000P\000o\000p\000\374\000l\000a\000s\000y\000o\000n\000u\000n\000u\000n\000\040\000O\000l\000u\001\137\000t\000u\000r\000u\000l\000m\000a\000s\001\061\000:}{subsection.4.2}% 43
\BOOKMARK [3][-]{subsubsection.4.2.5}{\376\377\000S\000e\000\347\000i\000m\000\040\001\060\001\137\000l\000e\000m\000i\000:\000\040}{subsection.4.2}% 44
\BOOKMARK [3][-]{subsubsection.4.2.6}{\376\377\000K\001\061\000s\001\061\000t\000l\000a\000r\001\061\000n\000\040\000T\000a\000n\001\061\000m\000l\000a\000n\000m\000a\000s\001\061}{subsection.4.2}% 45
\BOOKMARK [3][-]{subsubsection.4.2.7}{\376\377\000\307\000a\000p\000r\000a\000z\000l\000a\000m\000a\000\040\001\060\001\137\000l\000e\000m\000i\000\040\000v\000e\000\040\000M\000u\000t\000a\000s\000y\000o\000n\000\040\001\060\001\137\000l\000e\000m\000i\000:\000\040}{subsection.4.2}% 46
\BOOKMARK [3][-]{subsubsection.4.2.8}{\376\377\000O\000p\000t\000i\000m\000i\000z\000a\000s\000y\000o\000n\000u\000n\000\040\000G\000e\000r\000\347\000e\000k\000l\000e\001\137\000t\000i\000r\000i\000l\000m\000e\000s\000i\000:\000\040}{subsection.4.2}% 47
\BOOKMARK [3][-]{subsubsection.4.2.9}{\376\377\000S\000o\000n\000u\000\347\000l\000a\000r\001\061\000n\000\040\000G\000\366\000s\000t\000e\000r\000i\000l\000m\000e\000s\000i\000:}{subsection.4.2}% 48
\BOOKMARK [3][-]{subsubsection.4.2.10}{\376\377\000C\001\061\000k\000t\001\061}{subsection.4.2}% 49
\BOOKMARK [2][-]{subsection.4.3}{\376\377\000H\000e\000m\001\137\000i\000r\000e\000\040\000N\000\366\000b\000e\000t\000\040\000\307\000i\000z\000e\000l\000g\000e\000l\000e\000m\000e\000\040\000P\000r\000o\000b\000l\000e\000m\000i\000\040\000M\000\366\000d\000e\000l\000\040\000S\000i\000s\000t\000e\000m\000\040\000T\000a\000s\000a\000r\001\061\000m\001\061}{section.4}% 50
\BOOKMARK [3][-]{subsubsection.4.3.1}{\376\377\000P\000a\000r\000a\000m\000e\000t\000r\000e\000l\000e\000r\000i\000n\000\040\000T\000a\000n\001\061\000m\000l\000a\000n\000m\000a\000s\001\061\000:}{subsection.4.3}% 51
\BOOKMARK [3][-]{subsubsection.4.3.2}{\376\377\000A\000m\000a\000\347\000\040\000F\000o\000n\000k\000s\000i\000y\000o\000n\000u\000n\000u\000n\000\040\000T\000a\000n\001\061\000m\000l\000a\000n\000m\000a\000s\001\061\000:\000\040}{subsection.4.3}% 52
\BOOKMARK [3][-]{subsubsection.4.3.3}{\376\377\000K\001\061\000s\001\061\000t\000l\000a\000r\001\061\000n\000\040\000T\000a\000n\001\061\000m\000l\000a\000n\000m\000a\000s\001\061\000:}{subsection.4.3}% 53
\BOOKMARK [3][-]{subsubsection.4.3.4}{\376\377\000U\000y\000g\000u\000n\000l\000u\000k\000\040\000D\000e\001\037\000e\000r\000l\000e\000r\000i\000n\000i\000n\000\040\000H\000e\000s\000a\000p\000l\000a\000n\000m\000a\000s\001\061\000:\000\040}{subsection.4.3}% 54
\BOOKMARK [3][-]{subsubsection.4.3.5}{\376\377\000S\000e\000\347\000i\000m\000\040\001\060\001\137\000l\000e\000m\000i}{subsection.4.3}% 55
\BOOKMARK [3][-]{subsubsection.4.3.6}{\376\377\000\307\000a\000p\000r\000a\000z\000l\000a\000m\000a\000\040\001\060\001\137\000l\000e\000m\000i\000\040\000v\000e\000\040\000M\000u\000t\000a\000s\000y\000o\000n\000\040\001\060\001\137\000l\000e\000m\000i\000:\000\040}{subsection.4.3}% 56
\BOOKMARK [3][-]{subsubsection.4.3.7}{\376\377\000O\000p\000t\000i\000m\000i\000z\000a\000s\000y\000o\000n\000u\000n\000\040\000G\000e\000r\000\347\000e\000k\000l\000e\001\137\000t\000i\000r\000i\000l\000m\000e\000s\000i\000:\000\040}{subsection.4.3}% 57
\BOOKMARK [3][-]{subsubsection.4.3.8}{\376\377\000S\000o\000n\000u\000\347\000l\000a\000r\001\061\000n\000\040\000G\000\366\000s\000t\000e\000r\000i\000l\000m\000e\000s\000i\000:}{subsection.4.3}% 58
\BOOKMARK [3][-]{subsubsection.4.3.9}{\376\377\000C\001\061\000k\000t\001\061}{subsection.4.3}% 59
\BOOKMARK [1][-]{section.5}{\376\377\000B\000u\000l\000g\000u\000l\000a\000r\000\040\000v\000e\000\040\000T\000a\000r\000t\001\061\001\137\000m\000a\000\040}{}% 60
\BOOKMARK [1][-]{section.6}{\376\377\000S\000o\000n\000u\000\347}{}% 61
