This is pdfTeX, Version 3.141592653-2.6-1.40.25 (MiKTeX 24.1) (preloaded format=pdflatex 2024.3.3)  4 JUN 2024 22:33
entering extended mode
 restricted \write18 enabled.
 %&-line parsing enabled.
**./document.tex
(document.tex
LaTeX2e <2023-11-01> patch level 1
L3 programming layer <2024-01-04>
(C:\Users\halil\AppData\Local\Programs\MiKTeX\tex/latex/base\article.cls
Document Class: article 2023/05/17 v1.4n Standard LaTeX document class
(C:\Users\halil\AppData\Local\Programs\MiKTeX\tex/latex/base\size12.clo
File: size12.clo 2023/05/17 v1.4n Standard LaTeX file (size option)
)
\c@part=\count187
\c@section=\count188
\c@subsection=\count189
\c@subsubsection=\count190
\c@paragraph=\count191
\c@subparagraph=\count192
\c@figure=\count193
\c@table=\count194
\abovecaptionskip=\skip48
\belowcaptionskip=\skip49
\bibindent=\dimen140
)
(C:\Users\halil\AppData\Local\Programs\MiKTeX\tex/latex/pdflscape\pdflscape.sty
Package: pdflscape 2022-10-27 v0.13 Display of landscape pages in PDF

(C:\Users\halil\AppData\Local\Programs\MiKTeX\tex/latex/pdflscape\pdflscape-nom
etadata.sty
Package: pdflscape-nometadata 2022-10-28 v0.13 Display of landscape pages in PD
F (HO)

(C:\Users\halil\AppData\Local\Programs\MiKTeX\tex/generic/iftex\iftex.sty
Package: iftex 2022/02/03 v1.0f TeX engine tests
)
(C:\Users\halil\AppData\Local\Programs\MiKTeX\tex/latex/graphics\lscape.sty
Package: lscape 2020/05/28 v3.02 Landscape Pages (DPC)

(C:\Users\halil\AppData\Local\Programs\MiKTeX\tex/latex/graphics\graphics.sty
Package: graphics 2022/03/10 v1.4e Standard LaTeX Graphics (DPC,SPQR)

(C:\Users\halil\AppData\Local\Programs\MiKTeX\tex/latex/graphics\trig.sty
Package: trig 2021/08/11 v1.11 sin cos tan (DPC)
)
(C:\Users\halil\AppData\Local\Programs\MiKTeX\tex/latex/graphics-cfg\graphics.c
fg
File: graphics.cfg 2016/06/04 v1.11 sample graphics configuration
)
Package graphics Info: Driver file: pdftex.def on input line 107.

(C:\Users\halil\AppData\Local\Programs\MiKTeX\tex/latex/graphics-def\pdftex.def
File: pdftex.def 2022/09/22 v1.2b Graphics/color driver for pdftex
)))
Package pdflscape Info: Auto-detected driver: pdftex on input line 81.
))
(C:\Users\halil\AppData\Local\Programs\MiKTeX\tex/latex/graphics\graphicx.sty
Package: graphicx 2021/09/16 v1.2d Enhanced LaTeX Graphics (DPC,SPQR)

(C:\Users\halil\AppData\Local\Programs\MiKTeX\tex/latex/graphics\keyval.sty
Package: keyval 2022/05/29 v1.15 key=value parser (DPC)
\KV@toks@=\toks17
)
\Gin@req@height=\dimen141
\Gin@req@width=\dimen142
)
(C:\Users\halil\AppData\Local\Programs\MiKTeX\tex/latex/datetime\datetime.sty
Package: datetime 2015/03/20 v2.60 Date Time Package

(C:\Users\halil\AppData\Local\Programs\MiKTeX\tex/latex/etoolbox\etoolbox.sty
Package: etoolbox 2020/10/05 v2.5k e-TeX tools for LaTeX (JAW)
\etb@tempcnta=\count195
)
(C:\Users\halil\AppData\Local\Programs\MiKTeX\tex/latex/fmtcount\fmtcount.sty
Package: fmtcount 2020/01/30 v3.07

(C:\Users\halil\AppData\Local\Programs\MiKTeX\tex/latex/base\ifthen.sty
Package: ifthen 2022/04/13 v1.1d Standard LaTeX ifthen package (DPC)
)
(C:\Users\halil\AppData\Local\Programs\MiKTeX\tex/latex/xkeyval\xkeyval.sty
Package: xkeyval 2022/06/16 v2.9 package option processing (HA)

(C:\Users\halil\AppData\Local\Programs\MiKTeX\tex/generic/xkeyval\xkeyval.tex
(C:\Users\halil\AppData\Local\Programs\MiKTeX\tex/generic/xkeyval\xkvutils.tex
\XKV@toks=\toks18
\XKV@tempa@toks=\toks19
)
\XKV@depth=\count196
File: xkeyval.tex 2014/12/03 v2.7a key=value parser (HA)
))
(C:\Users\halil\AppData\Local\Programs\MiKTeX\tex/latex/fmtcount\fcprefix.sty
Package: fcprefix 2012/09/28

(C:\Users\halil\AppData\Local\Programs\MiKTeX\tex/latex/fmtcount\fcnumparser.st
y
Package: fcnumparser 2017/06/15
\fc@digit@counter=\count197
)) (C:\Users\halil\AppData\Local\Programs\MiKTeX\tex/latex/amsmath\amsgen.sty
File: amsgen.sty 1999/11/30 v2.0 generic functions
\@emptytoks=\toks20
\ex@=\dimen143
)
\c@padzeroesN=\count198
\fc@tmpcatcode=\count199
\@DT@modctr=\count266
\@ordinalctr=\count267
\@orgargctr=\count268
\@strctr=\count269
\@tmpstrctr=\count270
\@DT@loopN=\count271
\@DT@X=\count272
)
(C:\Users\halil\AppData\Local\Programs\MiKTeX\tex/latex/datetime\datetime-defau
lts.sty
Package: datetime-defaults 2013/09/10
)
\@day=\count273
\@month=\count274
\@year=\count275
\c@HOUR=\count276
\c@HOURXII=\count277
\c@MINUTE=\count278
\c@TOHOUR=\count279
\c@TOMINUTE=\count280
\c@SECOND=\count281
\currenthour=\count282
\currentminute=\count283
\currentsecond=\count284
Package datetime Info: No datetime.cfg file found, using default settings on in
put line 308.
\@dtctr=\count285
\dayofyear=\count286
\dayofweek=\count287
LaTeX Info: Redefining \today on input line 736.
\dt@a=\toks21
\dt@b=\toks22
)
(C:\Users\halil\AppData\Local\Programs\MiKTeX\tex/latex/hyperref\hyperref.sty
Package: hyperref 2023-11-26 v7.01g Hypertext links for LaTeX

(C:\Users\halil\AppData\Local\Programs\MiKTeX\tex/generic/infwarerr\infwarerr.s
ty
Package: infwarerr 2019/12/03 v1.5 Providing info/warning/error messages (HO)
)
(C:\Users\halil\AppData\Local\Programs\MiKTeX\tex/latex/kvsetkeys\kvsetkeys.sty
Package: kvsetkeys 2022-10-05 v1.19 Key value parser (HO)
)
(C:\Users\halil\AppData\Local\Programs\MiKTeX\tex/generic/kvdefinekeys\kvdefine
keys.sty
Package: kvdefinekeys 2019-12-19 v1.6 Define keys (HO)
)
(C:\Users\halil\AppData\Local\Programs\MiKTeX\tex/generic/pdfescape\pdfescape.s
ty
Package: pdfescape 2019/12/09 v1.15 Implements pdfTeX's escape features (HO)

(C:\Users\halil\AppData\Local\Programs\MiKTeX\tex/generic/ltxcmds\ltxcmds.sty
Package: ltxcmds 2023-12-04 v1.26 LaTeX kernel commands for general use (HO)
)
(C:\Users\halil\AppData\Local\Programs\MiKTeX\tex/generic/pdftexcmds\pdftexcmds
.sty
Package: pdftexcmds 2020-06-27 v0.33 Utility functions of pdfTeX for LuaTeX (HO
)
Package pdftexcmds Info: \pdf@primitive is available.
Package pdftexcmds Info: \pdf@ifprimitive is available.
Package pdftexcmds Info: \pdfdraftmode found.
))
(C:\Users\halil\AppData\Local\Programs\MiKTeX\tex/latex/hycolor\hycolor.sty
Package: hycolor 2020-01-27 v1.10 Color options for hyperref/bookmark (HO)
)
(C:\Users\halil\AppData\Local\Programs\MiKTeX\tex/latex/letltxmacro\letltxmacro
.sty
Package: letltxmacro 2019/12/03 v1.6 Let assignment for LaTeX macros (HO)
)
(C:\Users\halil\AppData\Local\Programs\MiKTeX\tex/latex/auxhook\auxhook.sty
Package: auxhook 2019-12-17 v1.6 Hooks for auxiliary files (HO)
)
(C:\Users\halil\AppData\Local\Programs\MiKTeX\tex/latex/hyperref\nameref.sty
Package: nameref 2023-11-26 v2.56 Cross-referencing by name of section

(C:\Users\halil\AppData\Local\Programs\MiKTeX\tex/latex/refcount\refcount.sty
Package: refcount 2019/12/15 v3.6 Data extraction from label references (HO)
)
(C:\Users\halil\AppData\Local\Programs\MiKTeX\tex/generic/gettitlestring\gettit
lestring.sty
Package: gettitlestring 2019/12/15 v1.6 Cleanup title references (HO)

(C:\Users\halil\AppData\Local\Programs\MiKTeX\tex/latex/kvoptions\kvoptions.sty
Package: kvoptions 2022-06-15 v3.15 Key value format for package options (HO)
))
\c@section@level=\count288
)
\@linkdim=\dimen144
\Hy@linkcounter=\count289
\Hy@pagecounter=\count290
 (C:\Users\halil\AppData\Local\Programs\MiKTeX\tex/latex/hyperref\pd1enc.def
File: pd1enc.def 2023-11-26 v7.01g Hyperref: PDFDocEncoding definition (HO)
Now handling font encoding PD1 ...
... no UTF-8 mapping file for font encoding PD1
) (C:\Users\halil\AppData\Local\Programs\MiKTeX\tex/generic/intcalc\intcalc.sty
Package: intcalc 2019/12/15 v1.3 Expandable calculations with integers (HO)
)
\Hy@SavedSpaceFactor=\count291
 (C:\Users\halil\AppData\Local\Programs\MiKTeX\tex/latex/hyperref\puenc.def
File: puenc.def 2023-11-26 v7.01g Hyperref: PDF Unicode definition (HO)
Now handling font encoding PU ...
... no UTF-8 mapping file for font encoding PU
)
Package hyperref Info: Hyper figures OFF on input line 4181.
Package hyperref Info: Link nesting OFF on input line 4186.
Package hyperref Info: Hyper index ON on input line 4189.
Package hyperref Info: Plain pages OFF on input line 4196.
Package hyperref Info: Backreferencing OFF on input line 4201.
Package hyperref Info: Implicit mode ON; LaTeX internals redefined.
Package hyperref Info: Bookmarks ON on input line 4448.
\c@Hy@tempcnt=\count292

(C:\Users\halil\AppData\Local\Programs\MiKTeX\tex/latex/url\url.sty
\Urlmuskip=\muskip16
Package: url 2013/09/16  ver 3.4  Verb mode for urls, etc.
)
LaTeX Info: Redefining \url on input line 4786.
\XeTeXLinkMargin=\dimen145

(C:\Users\halil\AppData\Local\Programs\MiKTeX\tex/generic/bitset\bitset.sty
Package: bitset 2019/12/09 v1.3 Handle bit-vector datatype (HO)

(C:\Users\halil\AppData\Local\Programs\MiKTeX\tex/generic/bigintcalc\bigintcalc
.sty
Package: bigintcalc 2019/12/15 v1.5 Expandable calculations on big integers (HO
)
))
\Fld@menulength=\count293
\Field@Width=\dimen146
\Fld@charsize=\dimen147
Package hyperref Info: Hyper figures OFF on input line 6065.
Package hyperref Info: Link nesting OFF on input line 6070.
Package hyperref Info: Hyper index ON on input line 6073.
Package hyperref Info: backreferencing OFF on input line 6080.
Package hyperref Info: Link coloring OFF on input line 6085.
Package hyperref Info: Link coloring with OCG OFF on input line 6090.
Package hyperref Info: PDF/A mode OFF on input line 6095.

(C:\Users\halil\AppData\Local\Programs\MiKTeX\tex/latex/base\atbegshi-ltx.sty
Package: atbegshi-ltx 2021/01/10 v1.0c Emulation of the original atbegshi
package with kernel methods
)
\Hy@abspage=\count294
\c@Item=\count295
\c@Hfootnote=\count296
)
Package hyperref Info: Driver (autodetected): hpdftex.
(C:\Users\halil\AppData\Local\Programs\MiKTeX\tex/latex/hyperref\hpdftex.def
File: hpdftex.def 2023-11-26 v7.01g Hyperref driver for pdfTeX

(C:\Users\halil\AppData\Local\Programs\MiKTeX\tex/latex/base\atveryend-ltx.sty
Package: atveryend-ltx 2020/08/19 v1.0a Emulation of the original atveryend pac
kage
with kernel methods
)
\Fld@listcount=\count297
\c@bookmark@seq@number=\count298

(C:\Users\halil\AppData\Local\Programs\MiKTeX\tex/latex/rerunfilecheck\rerunfil
echeck.sty
Package: rerunfilecheck 2022-07-10 v1.10 Rerun checks for auxiliary files (HO)

(C:\Users\halil\AppData\Local\Programs\MiKTeX\tex/generic/uniquecounter\uniquec
ounter.sty
Package: uniquecounter 2019/12/15 v1.4 Provide unlimited unique counter (HO)
)
Package uniquecounter Info: New unique counter `rerunfilecheck' on input line 2
85.
)
\Hy@SectionHShift=\skip50
)
(C:\Users\halil\AppData\Local\Programs\MiKTeX\tex/latex/natbib\natbib.sty
Package: natbib 2010/09/13 8.31b (PWD, AO)
\bibhang=\skip51
\bibsep=\skip52
LaTeX Info: Redefining \cite on input line 694.
\c@NAT@ctr=\count299
)
(C:\Users\halil\AppData\Local\Programs\MiKTeX\tex/latex/l3backend\l3backend-pdf
tex.def
File: l3backend-pdftex.def 2024-01-04 L3 backend support: PDF output (pdfTeX)
\l__color_backend_stack_int=\count300
\l__pdf_internal_box=\box51
) (document.aux

LaTeX Warning: Label `fig:type' multiply defined.


LaTeX Warning: Label `fig:type' multiply defined.


LaTeX Warning: Label `fig:type' multiply defined.


LaTeX Warning: Label `fig:type' multiply defined.


LaTeX Warning: Label `fig:type' multiply defined.


LaTeX Warning: Label `fig:type' multiply defined.


LaTeX Warning: Label `fig:type' multiply defined.


LaTeX Warning: Label `fig:type' multiply defined.


LaTeX Warning: Label `fig:type' multiply defined.


LaTeX Warning: Label `fig:type' multiply defined.


! Package natbib Error: Bibliography not compatible with author-year citations.

(natbib)                Press <return> to continue in numerical citation style.


See the natbib package documentation for explanation.
Type  H <return>  for immediate help.
 ...                                              
                                                  
l.55 ...mand\NAT@force@numbers{}\NAT@force@numbers
                                                  
Check the bibliography entries for non-compliant syntax,
or select author-year BibTeX style, e.g. plainnat

)
\openout1 = `document.aux'.

LaTeX Font Info:    Checking defaults for OML/cmm/m/it on input line 19.
LaTeX Font Info:    ... okay on input line 19.
LaTeX Font Info:    Checking defaults for OMS/cmsy/m/n on input line 19.
LaTeX Font Info:    ... okay on input line 19.
LaTeX Font Info:    Checking defaults for OT1/cmr/m/n on input line 19.
LaTeX Font Info:    ... okay on input line 19.
LaTeX Font Info:    Checking defaults for T1/cmr/m/n on input line 19.
LaTeX Font Info:    ... okay on input line 19.
LaTeX Font Info:    Checking defaults for TS1/cmr/m/n on input line 19.
LaTeX Font Info:    ... okay on input line 19.
LaTeX Font Info:    Checking defaults for OMX/cmex/m/n on input line 19.
LaTeX Font Info:    ... okay on input line 19.
LaTeX Font Info:    Checking defaults for U/cmr/m/n on input line 19.
LaTeX Font Info:    ... okay on input line 19.
LaTeX Font Info:    Checking defaults for PD1/pdf/m/n on input line 19.
LaTeX Font Info:    ... okay on input line 19.
LaTeX Font Info:    Checking defaults for PU/pdf/m/n on input line 19.
LaTeX Font Info:    ... okay on input line 19.

(C:\Users\halil\AppData\Local\Programs\MiKTeX\tex/context/base/mkii\supp-pdf.mk
ii
[Loading MPS to PDF converter (version 2006.09.02).]
\scratchcounter=\count301
\scratchdimen=\dimen148
\scratchbox=\box52
\nofMPsegments=\count302
\nofMParguments=\count303
\everyMPshowfont=\toks23
\MPscratchCnt=\count304
\MPscratchDim=\dimen149
\MPnumerator=\count305
\makeMPintoPDFobject=\count306
\everyMPtoPDFconversion=\toks24
)
(C:\Users\halil\AppData\Local\Programs\MiKTeX\tex/latex/epstopdf-pkg\epstopdf-b
ase.sty
Package: epstopdf-base 2020-01-24 v2.11 Base part for package epstopdf
Package epstopdf-base Info: Redefining graphics rule for `.eps' on input line 4
85.

(C:\Users\halil\AppData\Local\Programs\MiKTeX\tex/latex/00miktex\epstopdf-sys.c
fg
File: epstopdf-sys.cfg 2021/03/18 v2.0 Configuration of epstopdf for MiKTeX
))
(C:\Users\halil\AppData\Local\Programs\MiKTeX\tex/latex/fmtcount\fc-english.def
File: fc-english.def 2016/01/12
)
Package hyperref Info: Link coloring OFF on input line 19.
 (document.out) (document.out)
\@outlinefile=\write3
\openout3 = `document.out'.

LaTeX Font Info:    External font `cmex10' loaded for size
(Font)              <14.4> on input line 21.
LaTeX Font Info:    External font `cmex10' loaded for size
(Font)              <7> on input line 21.


LaTeX Warning: No \author given.

<./images/ksbu.jpg, id=55, 170.6375pt x 171.64125pt>
File: ./images/ksbu.jpg Graphic file (type jpg)
<use ./images/ksbu.jpg>
Package pdftex.def Info: ./images/ksbu.jpg  used on input line 23.
(pdftex.def)             Requested size: 97.5pt x 98.07484pt.
[1

{C:/Users/halil/AppData/Local/MiKTeX/fonts/map/pdftex/pdftex.map} <./images/ksb
u.jpg>]
Overfull \hbox (6.38014pt too wide) in paragraph at lines 47--48
\OT1/cmr/m/n/12 ve uygu-lan-mas^^P ^^?uzerine ^^Xcal^^P^^Xsmalar ger^^Xcekle^^X
stirilmi^^Xstir. Ver-i-ta-ban^^P kat-man^^Pnda,
 []


Overfull \hbox (9.28706pt too wide) in paragraph at lines 47--48
\OT1/cmr/m/n/12 ki-tap ek-leme ve lis-teleme i^^Xslemleri ba^^Xsar^^Pl^^P bir ^
^Xsekilde tamam-lanm^^P^^Xst^^Pr. Fonksiy-
 []


Underfull \hbox (badness 10000) in paragraph at lines 47--48

 []

<./images/ekleFonksiyon.png, id=64, 769.37437pt x 635.37375pt>
File: ./images/ekleFonksiyon.png Graphic file (type png)
<use ./images/ekleFonksiyon.png>
Package pdftex.def Info: ./images/ekleFonksiyon.png  used on input line 51.
(pdftex.def)             Requested size: 426.79652pt x 426.80344pt.

Overfull \hbox (36.79652pt too wide) in paragraph at lines 51--52
 [][] 
 []

<./images/type.png, id=66, 494.59781pt x 255.95625pt>
File: ./images/type.png Graphic file (type png)
<use ./images/type.png>
Package pdftex.def Info: ./images/type.png  used on input line 60.
(pdftex.def)             Requested size: 389.99593pt x 227.62068pt.
[2 <./images/ekleFonksiyon.png>]
Overfull \hbox (13.00786pt too wide) in paragraph at lines 67--68
\OT1/cmr/m/n/12 be-lirt-mek, ko-dun daha okun-abilir ve anla^^Xs^^Plabilir ol-m
as^^Pn^^P sa^^Uglar. Fonksiy-
 []


Overfull \hbox (17.69948pt too wide) in paragraph at lines 68--69
\OT1/cmr/m/n/12 fonksiy-onun d^^P^^Xs d^^?unyayla etk-ile^^Xsimini a^^Xc^^Pkl^^
P^^Uga kavu^^Xsturur. API'ler aras^^Pnda
 []

[3 <./images/type.png>]
Overfull \hbox (29.59703pt too wide) in paragraph at lines 73--76
[]\OT1/cmr/m/n/12 Ayn^^P za-manda ek-leme,silme,g^^?uncelleme gibi or-tak i^^Xs
ler i^^Xcin bir type olu^^Xsturuldu.
 []


Overfull \hbox (8.28615pt too wide) in paragraph at lines 73--76
\OT1/cmr/m/n/12 Ek-leme fonksiy-onunu kul-la-narak veri ta-ban^^Pndaki ki-tap s
ay^^Ps^^P da arttr^^Pr^^Plm^^P^^Xst^^Pr.
 []

<./images/mvcSistem.png, id=82, 991.45406pt x 577.40718pt>
File: ./images/mvcSistem.png Graphic file (type png)
<use ./images/mvcSistem.png>
Package pdftex.def Info: ./images/mvcSistem.png  used on input line 81.
(pdftex.def)             Requested size: 389.99376pt x 284.5355pt.
[4 <./images/mvcSistem.png>]
<./images/IKitapModel.png, id=90, 604.50844pt x 182.93344pt>
File: ./images/IKitapModel.png Graphic file (type png)
<use ./images/IKitapModel.png>
Package pdftex.def Info: ./images/IKitapModel.png  used on input line 95.
(pdftex.def)             Requested size: 390.0018pt x 170.72647pt.

Overfull \hbox (1.32372pt too wide) in paragraph at lines 101--104
\OT1/cmr/m/n/12 IKitapModel aray^^?uz^^?un^^?u uygu-lar (im-ple-ment eder) ve b
u aray^^?uzde tan^^Pmlanan
 []


Overfull \hbox (6.32109pt too wide) in paragraph at lines 101--104
\OT1/cmr/m/n/12 mas^^P, Post-greSQL ver-i-ta-ban^^Pna ba^^Uglan^^Pr, bir SQL so
rgusu ^^Xcal^^P^^Xst^^Pr^^Pr ve sonu^^Xclar^^P
 []


Overfull \hbox (21.5249pt too wide) in paragraph at lines 101--104
\OT1/cmr/m/n/12 bir Ki-tapRe-sult-Model lis-te-sine d^^?on^^?u^^Xst^^?ur^^?ur.V
eritaban^^P ba^^Uglant^^Ps^^P ve sorgu i^^Xslemleri
 []


Underfull \hbox (badness 10000) in paragraph at lines 101--104

 []

<./images/KitapModel.png, id=91, 693.34032pt x 550.30594pt>
File: ./images/KitapModel.png Graphic file (type png)
<use ./images/KitapModel.png>
Package pdftex.def Info: ./images/KitapModel.png  used on input line 107.
(pdftex.def)             Requested size: 390.01355pt x 483.71652pt.
[5 <./images/IKitapModel.png>] [6 <./images/KitapModel.png>]
Overfull \hbox (23.63275pt too wide) in paragraph at lines 114--115
\OT1/cmr/m/n/12 s^^Pn^^Pf^^Pn ge^^Xcerli oldu^^Ugu an-lam^^Pna gelir. Ge^^Xcerl
i bir nesne du-rumu d^^?ond^^?ur^^?ulmedi^^Uginde
 []


Overfull \hbox (1.6626pt too wide) in paragraph at lines 116--119
\OT1/cmr/m/n/12 mod-elin be-lirli do^^Ugrulama ku-ral-lar^^Pn^^P uygu-la-mak ve
 bu ku-ral-lara uy-gunlu^^Ugunu
 []


Underfull \hbox (badness 10000) in paragraph at lines 116--119

 []


Underfull \hbox (badness 10000) in paragraph at lines 116--119

 []

<./images/KitapPostModel.png, id=104, 834.11626pt x 280.79906pt>
File: ./images/KitapPostModel.png Graphic file (type png)
<use ./images/KitapPostModel.png>
Package pdftex.def Info: ./images/KitapPostModel.png  used on input line 122.
(pdftex.def)             Requested size: 389.99829pt x 170.71732pt.
[7 <./images/KitapPostModel.png>]
Underfull \hbox (badness 10000) in paragraph at lines 130--132

 []


Underfull \hbox (badness 10000) in paragraph at lines 130--132

 []

<./images/KitapResultModel.png, id=112, 581.92406pt x 237.13594pt>
File: ./images/KitapResultModel.png Graphic file (type png)
<use ./images/KitapResultModel.png>
Package pdftex.def Info: ./images/KitapResultModel.png  used on input line 135.

(pdftex.def)             Requested size: 390.00253pt x 170.72325pt.
[8 <./images/KitapResultModel.png>]
<./images/Controller.png, id=119, 673.01437pt x 537.50812pt>
File: ./images/Controller.png Graphic file (type png)
<use ./images/Controller.png>
Package pdftex.def Info: ./images/Controller.png  used on input line 149.
(pdftex.def)             Requested size: 389.99945pt x 426.792pt.
 [9 <./images/Controller.png>]
Overfull \hbox (25.59338pt too wide) in paragraph at lines 157--159
\OT1/cmr/m/n/12 al^^Pnm^^P^^Xst^^Pr ([]). Boot-strap k^^?ut^^?uphanesinden yara
r-lan^^Plm^^P^^Xst^^Pr. Boot-strap hakk^^Pndaki
 []

<./images/liste.png, id=128, 1077.27469pt x 547.2947pt>
File: ./images/liste.png Graphic file (type png)
<use ./images/liste.png>
Package pdftex.def Info: ./images/liste.png  used on input line 163.
(pdftex.def)             Requested size: 390.00482pt x 312.98004pt.
[10 <./images/liste.png>]
Underfull \hbox (badness 10000) in paragraph at lines 171--173

 []

<./images/detay.png, id=138, 1027.58907pt x 532.99126pt>
File: ./images/detay.png Graphic file (type png)
<use ./images/detay.png>
Package pdftex.def Info: ./images/detay.png  used on input line 176.
(pdftex.def)             Requested size: 390.00183pt x 256.07687pt.

Overfull \hbox (28.74844pt too wide) in paragraph at lines 181--182
[]\OT1/cmr/m/n/12 Bu Boot-strap modal ^^?orne^^Ugi, kul-lan^^Pc^^Plar^^Pn bir d
e-tay^^P in-cele-mek veya d^^?uzenlemek
 []

[11 <./images/detay.png>]
Overfull \hbox (3.94313pt too wide) in paragraph at lines 189--190
\OT1/cmr/m/n/12 Kon-sol-dan yap^^Plan kon-troller sonu-cunda fonksiy-onun do^^U
gru bir ^^Xsekilde ^^Xcal^^P^^Xst^^P^^Ug^^P
 []


Overfull \hbox (1.53204pt too wide) in paragraph at lines 189--190
\OT1/cmr/m/n/12 ile parame-tre ad-lar^^Pn^^Pn uyum-su-zlu^^Ugundan kay-naklan-a
bilece^^Ugi d^^?u^^Xs^^?un^^?ulm^^?u^^Xst^^?ur.
 []


Overfull \hbox (25.19292pt too wide) in paragraph at lines 189--190
\OT1/cmr/m/n/12 ne-denle, JavaScript ko-dunda fiyat de^^Ugi^^Xskeni ^^?uzerinde
 d^^?on^^?u^^Xs^^?umler ger^^Xcekle^^Xstirilmi^^Xs,
 []


Overfull \hbox (14.90553pt too wide) in paragraph at lines 189--190
\OT1/cmr/m/n/12 uyumu kon-trol edildi^^Uginde, Post-Model s^^Pn^^Pf^^Pndaki de^
^Ugi^^Xsken isim-leri ile JavaScript
 []


Overfull \hbox (0.11354pt too wide) in paragraph at lines 189--190
\OT1/cmr/m/n/12 a^^Xc^^Pklamam^^P^^Xst^^Pr. Hatan^^Pn kayna^^Ug^^P tespit edile
-memi^^Xs ol-mas^^Pna ra^^Ugmen, hatan^^Pn
 []

<./images/kitapEkleHata.png, id=146, 1443.89438pt x 593.96906pt>
File: ./images/kitapEkleHata.png Graphic file (type png)
<use ./images/kitapEkleHata.png>
Package pdftex.def Info: ./images/kitapEkleHata.png  used on input line 193.
(pdftex.def)             Requested size: 389.98889pt x 227.62292pt.
[12 <./images/kitapEkleHata.png>]
Overfull \hbox (17.9166pt too wide) in paragraph at lines 200--203
\OT1/cmr/m/n/12 yaz^^Pl^^Pmlar^^Pnda bu de^^Ugi^^Xsikli^^Ugi yans^^Ptmak ^^?uze
re g^^?uncellemeler yap-maya ba^^Xslam^^P^^Xst^^Pr.
 []


Overfull \hbox (18.14299pt too wide) in paragraph at lines 200--203
\OT1/cmr/m/n/12 Bu ek-sik-lik, yeni veri ek-leme i^^Xslemleri s^^Pras^^Pnda her
 yeni kayd^^Pn 1'den ba^^Xslamas^^Pna
 []


Overfull \hbox (9.16946pt too wide) in paragraph at lines 200--203
\OT1/cmr/m/n/12 ve b^^?oylece asl^^Pnda mev-cut olan ben-z-er-siz de^^Ugerlere 
^^Xcak^^P^^Xsmas^^Pna ne-den olmu^^Xstur.
 []


Overfull \hbox (17.05504pt too wide) in paragraph at lines 200--203
\OT1/cmr/m/n/12 a^^Xc^^Ps^^Pndan ne denli kri-tik oldu^^Ugunu g^^?ostermi^^Xsti
r. Ek-leme i^^Xslemini ger^^Xcekle^^Xstirirken
 []

[13]
Overfull \hbox (38.8011pt too wide) in paragraph at lines 206--207
\OT1/cmr/m/n/12 Kitap de-tay bu-to-nunda ak-tif hale ge-len pencere i^^Xcerisin
de silme i^^Xslemi ger^^Xcekle^^Xstirildi.
 []

<./images/sil_islem.png, id=161, 1220.30907pt x 479.54156pt>
File: ./images/sil_islem.png Graphic file (type png)
<use ./images/sil_islem.png>
Package pdftex.def Info: ./images/sil_islem.png  used on input line 210.
(pdftex.def)             Requested size: 390.00414pt x 256.07292pt.
[14 <./images/sil_islem.png>]
LaTeX Font Info:    External font `cmex10' loaded for size
(Font)              <12> on input line 217.
LaTeX Font Info:    External font `cmex10' loaded for size
(Font)              <8> on input line 217.
LaTeX Font Info:    External font `cmex10' loaded for size
(Font)              <6> on input line 217.

Underfull \hbox (badness 10000) in paragraph at lines 221--222
[]\OT1/cmr/m/n/12 Halil Han Ba-dem. \OT1/cmr/m/it/12 Post-greSQL'de T^^?urkiye 
Sorunu ve
 []


Underfull \hbox (badness 10000) in paragraph at lines 221--222
\OT1/cmr/m/it/12 Win-dows G^^?uncellemesi\OT1/cmr/m/n/12 . 2024. []$\OT1/cmtt/m
/n/12 https : / / tr . linkedin . com /
 []


Underfull \hbox (badness 10000) in paragraph at lines 221--222
\OT1/cmtt/m/n/12 pulse / postgresqlde-[]t % C3 % BCrkiye-[]sorunu-[]windows-[]g
 % C3 %
 []

[15] (document.aux)
 ***********
LaTeX2e <2023-11-01> patch level 1
L3 programming layer <2024-01-04>
 ***********


LaTeX Warning: There were multiply-defined labels.

Package rerunfilecheck Info: File `document.out' has not changed.
(rerunfilecheck)             Checksum: 43272143019F28D7A2BED47C24788E3F;2525.
 ) 
Here is how much of TeX's memory you used:
 9979 strings out of 474485
 159088 string characters out of 5743735
 1930542 words of memory out of 5000000
 32096 multiletter control sequences out of 15000+600000
 564397 words of font info for 57 fonts, out of 8000000 for 9000
 1141 hyphenation exceptions out of 8191
 89i,6n,95p,1517b,464s stack positions out of 10000i,1000n,20000p,200000b,200000s
 <C:\Users\halil\AppData\Local\MiKTeX\fonts/pk/ljfour/jknappen/ec/dpi600\tcrm
1200.pk><C:/Users/halil/AppData/Local/Programs/MiKTeX/fonts/type1/public/amsfon
ts/cm/cmbx12.pfb><C:/Users/halil/AppData/Local/Programs/MiKTeX/fonts/type1/publ
ic/amsfonts/cm/cmr12.pfb><C:/Users/halil/AppData/Local/Programs/MiKTeX/fonts/ty
pe1/public/amsfonts/cm/cmti12.pfb><C:/Users/halil/AppData/Local/Programs/MiKTeX
/fonts/type1/public/amsfonts/cm/cmtt12.pfb>
Output written on document.pdf (15 pages, 624883 bytes).
PDF statistics:
 220 PDF objects out of 1000 (max. 8388607)
 48 named destinations out of 1000 (max. 500000)
 170 words of extra memory for PDF output out of 10000 (max. 10000000)

